2021-05-29 19:20:31,274 INFO com.clover.message.main.App [main] Starting App using Java 1.8.0_291 on DESKTOP-1SBRRM8 with PID 20932 (D:\Projects\Clover\MessageQueueService\target\classes started by Priyash in D:\Projects\Clover\MessageQueueService)
2021-05-29 19:20:31,300 DEBUG com.clover.message.main.App [main] Running with Spring Boot v2.4.2, Spring v5.3.3
2021-05-29 19:20:31,300 INFO com.clover.message.main.App [main] No active profile set, falling back to default profiles: default
2021-05-29 19:25:13,589 INFO com.clover.message.main.App [main] Starting App using Java 1.8.0_291 on DESKTOP-1SBRRM8 with PID 18396 (D:\Projects\Clover\MessageQueueService\target\classes started by Priyash in D:\Projects\Clover\MessageQueueService)
2021-05-29 19:25:13,593 DEBUG com.clover.message.main.App [main] Running with Spring Boot v2.4.2, Spring v5.3.3
2021-05-29 19:25:13,593 INFO com.clover.message.main.App [main] No active profile set, falling back to default profiles: default
2021-05-29 20:32:38,545 INFO com.clover.message.main.App [main] Starting App using Java 1.8.0_291 on DESKTOP-1SBRRM8 with PID 7212 (D:\Projects\Clover\MessageQueueService\target\classes started by Priyash in D:\Projects\Clover\MessageQueueService)
2021-05-29 20:32:38,547 DEBUG com.clover.message.main.App [main] Running with Spring Boot v2.4.2, Spring v5.3.3
2021-05-29 20:32:38,547 INFO com.clover.message.main.App [main] No active profile set, falling back to default profiles: default
2021-05-29 21:16:20,690 INFO com.clover.message.main.App [main] Starting App using Java 1.8.0_291 on DESKTOP-1SBRRM8 with PID 16068 (D:\Projects\Clover\MessageQueueService\target\classes started by Priyash in D:\Projects\Clover\MessageQueueService)
2021-05-29 21:16:20,693 DEBUG com.clover.message.main.App [main] Running with Spring Boot v2.4.2, Spring v5.3.3
2021-05-29 21:16:20,693 INFO com.clover.message.main.App [main] No active profile set, falling back to default profiles: default
2021-05-29 21:17:15,188 INFO com.clover.message.main.App [main] Starting App using Java 1.8.0_291 on DESKTOP-1SBRRM8 with PID 17848 (D:\Projects\Clover\MessageQueueService\target\classes started by Priyash in D:\Projects\Clover\MessageQueueService)
2021-05-29 21:17:15,190 DEBUG com.clover.message.main.App [main] Running with Spring Boot v2.4.2, Spring v5.3.3
2021-05-29 21:17:15,191 INFO com.clover.message.main.App [main] No active profile set, falling back to default profiles: default
2021-05-29 21:17:35,643 INFO com.clover.message.main.App [main] Started App in 20.947 seconds (JVM running for 21.676)
2021-05-29 21:19:05,986 INFO com.clover.message.main.App [main] Starting App using Java 1.8.0_291 on DESKTOP-1SBRRM8 with PID 13164 (D:\Projects\Clover\MessageQueueService\target\classes started by Priyash in D:\Projects\Clover\MessageQueueService)
2021-05-29 21:19:05,988 DEBUG com.clover.message.main.App [main] Running with Spring Boot v2.4.2, Spring v5.3.3
2021-05-29 21:19:05,989 INFO com.clover.message.main.App [main] No active profile set, falling back to default profiles: default
2021-05-29 21:19:08,184 INFO com.clover.message.main.App [main] Started App in 2.578 seconds (JVM running for 3.104)
2021-05-29 21:29:11,892 INFO com.clover.message.main.App [main] Starting App using Java 1.8.0_291 on DESKTOP-1SBRRM8 with PID 22424 (D:\Projects\Clover\MessageQueueService\target\classes started by Priyash in D:\Projects\Clover\MessageQueueService)
2021-05-29 21:29:11,894 DEBUG com.clover.message.main.App [main] Running with Spring Boot v2.4.2, Spring v5.3.3
2021-05-29 21:29:11,894 INFO com.clover.message.main.App [main] No active profile set, falling back to default profiles: default
2021-05-29 21:30:04,795 INFO com.clover.message.main.App [main] Starting App using Java 1.8.0_291 on DESKTOP-1SBRRM8 with PID 8504 (D:\Projects\Clover\MessageQueueService\target\classes started by Priyash in D:\Projects\Clover\MessageQueueService)
2021-05-29 21:30:04,797 DEBUG com.clover.message.main.App [main] Running with Spring Boot v2.4.2, Spring v5.3.3
2021-05-29 21:30:04,797 INFO com.clover.message.main.App [main] No active profile set, falling back to default profiles: default
2021-05-29 21:30:06,963 INFO com.clover.message.main.App [main] Started App in 2.546 seconds (JVM running for 3.07)
2021-05-29 21:30:34,946 INFO com.clover.message.producer.CloverMessageSender [http-nio-8080-exec-2] Sending : com.clover.message.model.Product@2e55be0b
2021-05-29 21:30:34,946 INFO com.clover.message.producer.CloverMessageSender [http-nio-8080-exec-2] ---------------------------------
2021-05-29 21:30:34,979 ERROR com.clover.message.service.MessageQueueServiceImpl [http-nio-8080-exec-2] Exception on sending message : com.clover.message.model.Product@2e55be0b 
org.apache.kafka.common.errors.SerializationException: Can't convert value of class com.clover.message.model.Product to class org.apache.kafka.common.serialization.StringSerializer specified in value.serializer
Caused by: java.lang.ClassCastException: com.clover.message.model.Product cannot be cast to java.lang.String
	at org.apache.kafka.common.serialization.StringSerializer.serialize(StringSerializer.java:28)
	at org.apache.kafka.common.serialization.Serializer.serialize(Serializer.java:62)
	at org.apache.kafka.clients.producer.KafkaProducer.doSend(KafkaProducer.java:910)
	at org.apache.kafka.clients.producer.KafkaProducer.send(KafkaProducer.java:870)
	at org.springframework.kafka.core.DefaultKafkaProducerFactory$CloseSafeProducer.send(DefaultKafkaProducerFactory.java:848)
	at org.springframework.kafka.core.KafkaTemplate.doSend(KafkaTemplate.java:563)
	at org.springframework.kafka.core.KafkaTemplate.send(KafkaTemplate.java:363)
	at com.clover.message.producer.CloverMessageSender.sendMessageWithCallback(CloverMessageSender.java:34)
	at com.clover.message.service.MessageQueueServiceImpl.send(MessageQueueServiceImpl.java:27)
	at com.clover.message.controller.MessageQueueController.publishMessage(MessageQueueController.java:24)
	at sun.reflect.NativeMethodAccessorImpl.invoke0(Native Method)
	at sun.reflect.NativeMethodAccessorImpl.invoke(NativeMethodAccessorImpl.java:62)
	at sun.reflect.DelegatingMethodAccessorImpl.invoke(DelegatingMethodAccessorImpl.java:43)
	at java.lang.reflect.Method.invoke(Method.java:498)
	at org.springframework.web.method.support.InvocableHandlerMethod.doInvoke(InvocableHandlerMethod.java:197)
	at org.springframework.web.method.support.InvocableHandlerMethod.invokeForRequest(InvocableHandlerMethod.java:141)
	at org.springframework.web.servlet.mvc.method.annotation.ServletInvocableHandlerMethod.invokeAndHandle(ServletInvocableHandlerMethod.java:106)
	at org.springframework.web.servlet.mvc.method.annotation.RequestMappingHandlerAdapter.invokeHandlerMethod(RequestMappingHandlerAdapter.java:894)
	at org.springframework.web.servlet.mvc.method.annotation.RequestMappingHandlerAdapter.handleInternal(RequestMappingHandlerAdapter.java:808)
	at org.springframework.web.servlet.mvc.method.AbstractHandlerMethodAdapter.handle(AbstractHandlerMethodAdapter.java:87)
	at org.springframework.web.servlet.DispatcherServlet.doDispatch(DispatcherServlet.java:1060)
	at org.springframework.web.servlet.DispatcherServlet.doService(DispatcherServlet.java:962)
	at org.springframework.web.servlet.FrameworkServlet.processRequest(FrameworkServlet.java:1006)
	at org.springframework.web.servlet.FrameworkServlet.doPost(FrameworkServlet.java:909)
	at javax.servlet.http.HttpServlet.service(HttpServlet.java:652)
	at org.springframework.web.servlet.FrameworkServlet.service(FrameworkServlet.java:883)
	at javax.servlet.http.HttpServlet.service(HttpServlet.java:733)
	at org.apache.catalina.core.ApplicationFilterChain.internalDoFilter(ApplicationFilterChain.java:231)
	at org.apache.catalina.core.ApplicationFilterChain.doFilter(ApplicationFilterChain.java:166)
	at org.apache.tomcat.websocket.server.WsFilter.doFilter(WsFilter.java:53)
	at org.apache.catalina.core.ApplicationFilterChain.internalDoFilter(ApplicationFilterChain.java:193)
	at org.apache.catalina.core.ApplicationFilterChain.doFilter(ApplicationFilterChain.java:166)
	at org.springframework.web.filter.RequestContextFilter.doFilterInternal(RequestContextFilter.java:100)
	at org.springframework.web.filter.OncePerRequestFilter.doFilter(OncePerRequestFilter.java:119)
	at org.apache.catalina.core.ApplicationFilterChain.internalDoFilter(ApplicationFilterChain.java:193)
	at org.apache.catalina.core.ApplicationFilterChain.doFilter(ApplicationFilterChain.java:166)
	at org.springframework.web.filter.FormContentFilter.doFilterInternal(FormContentFilter.java:93)
	at org.springframework.web.filter.OncePerRequestFilter.doFilter(OncePerRequestFilter.java:119)
	at org.apache.catalina.core.ApplicationFilterChain.internalDoFilter(ApplicationFilterChain.java:193)
	at org.apache.catalina.core.ApplicationFilterChain.doFilter(ApplicationFilterChain.java:166)
	at org.springframework.web.filter.CharacterEncodingFilter.doFilterInternal(CharacterEncodingFilter.java:201)
	at org.springframework.web.filter.OncePerRequestFilter.doFilter(OncePerRequestFilter.java:119)
	at org.apache.catalina.core.ApplicationFilterChain.internalDoFilter(ApplicationFilterChain.java:193)
	at org.apache.catalina.core.ApplicationFilterChain.doFilter(ApplicationFilterChain.java:166)
	at org.apache.catalina.core.StandardWrapperValve.invoke(StandardWrapperValve.java:202)
	at org.apache.catalina.core.StandardContextValve.invoke(StandardContextValve.java:97)
	at org.apache.catalina.authenticator.AuthenticatorBase.invoke(AuthenticatorBase.java:542)
	at org.apache.catalina.core.StandardHostValve.invoke(StandardHostValve.java:143)
	at org.apache.catalina.valves.ErrorReportValve.invoke(ErrorReportValve.java:92)
	at org.apache.catalina.core.StandardEngineValve.invoke(StandardEngineValve.java:78)
	at org.apache.catalina.connector.CoyoteAdapter.service(CoyoteAdapter.java:343)
	at org.apache.coyote.http11.Http11Processor.service(Http11Processor.java:374)
	at org.apache.coyote.AbstractProcessorLight.process(AbstractProcessorLight.java:65)
	at org.apache.coyote.AbstractProtocol$ConnectionHandler.process(AbstractProtocol.java:888)
	at org.apache.tomcat.util.net.NioEndpoint$SocketProcessor.doRun(NioEndpoint.java:1597)
	at org.apache.tomcat.util.net.SocketProcessorBase.run(SocketProcessorBase.java:49)
	at java.util.concurrent.ThreadPoolExecutor.runWorker(ThreadPoolExecutor.java:1149)
	at java.util.concurrent.ThreadPoolExecutor$Worker.run(ThreadPoolExecutor.java:624)
	at org.apache.tomcat.util.threads.TaskThread$WrappingRunnable.run(TaskThread.java:61)
	at java.lang.Thread.run(Thread.java:748)
2021-05-29 21:31:43,000 INFO com.clover.message.main.App [main] Starting App using Java 1.8.0_291 on DESKTOP-1SBRRM8 with PID 4388 (D:\Projects\Clover\MessageQueueService\target\classes started by Priyash in D:\Projects\Clover\MessageQueueService)
2021-05-29 21:31:43,002 DEBUG com.clover.message.main.App [main] Running with Spring Boot v2.4.2, Spring v5.3.3
2021-05-29 21:31:43,003 INFO com.clover.message.main.App [main] No active profile set, falling back to default profiles: default
2021-05-29 21:33:40,577 INFO com.clover.message.main.App [main] Starting App using Java 1.8.0_291 on DESKTOP-1SBRRM8 with PID 16960 (D:\Projects\Clover\MessageQueueService\target\classes started by Priyash in D:\Projects\Clover\MessageQueueService)
2021-05-29 21:33:40,579 DEBUG com.clover.message.main.App [main] Running with Spring Boot v2.4.2, Spring v5.3.3
2021-05-29 21:33:40,579 INFO com.clover.message.main.App [main] No active profile set, falling back to default profiles: default
2021-05-29 21:33:42,829 INFO com.clover.message.main.App [main] Started App in 2.629 seconds (JVM running for 3.156)
2021-05-29 21:33:47,873 INFO com.clover.message.producer.CloverMessageSender [http-nio-8080-exec-3] Sending : com.clover.message.model.Product@150a6294
2021-05-29 21:33:47,874 INFO com.clover.message.producer.CloverMessageSender [http-nio-8080-exec-3] ---------------------------------
2021-05-29 21:33:47,882 ERROR com.clover.message.service.MessageQueueServiceImpl [http-nio-8080-exec-3] Exception on sending message : com.clover.message.model.Product@150a6294 
org.apache.kafka.common.KafkaException: Failed to construct kafka producer
	at org.apache.kafka.clients.producer.KafkaProducer.<init>(KafkaProducer.java:441)
	at org.apache.kafka.clients.producer.KafkaProducer.<init>(KafkaProducer.java:290)
	at org.springframework.kafka.core.DefaultKafkaProducerFactory.createRawProducer(DefaultKafkaProducerFactory.java:729)
	at org.springframework.kafka.core.DefaultKafkaProducerFactory.createKafkaProducer(DefaultKafkaProducerFactory.java:583)
	at org.springframework.kafka.core.DefaultKafkaProducerFactory.doCreateProducer(DefaultKafkaProducerFactory.java:543)
	at org.springframework.kafka.core.DefaultKafkaProducerFactory.createProducer(DefaultKafkaProducerFactory.java:518)
	at org.springframework.kafka.core.DefaultKafkaProducerFactory.createProducer(DefaultKafkaProducerFactory.java:512)
	at org.springframework.kafka.core.KafkaTemplate.getTheProducer(KafkaTemplate.java:666)
	at org.springframework.kafka.core.KafkaTemplate.doSend(KafkaTemplate.java:552)
	at org.springframework.kafka.core.KafkaTemplate.send(KafkaTemplate.java:363)
	at com.clover.message.producer.CloverMessageSender.sendMessageWithCallback(CloverMessageSender.java:34)
	at com.clover.message.service.MessageQueueServiceImpl.send(MessageQueueServiceImpl.java:27)
	at com.clover.message.controller.MessageQueueController.publishMessage(MessageQueueController.java:24)
	at sun.reflect.NativeMethodAccessorImpl.invoke0(Native Method)
	at sun.reflect.NativeMethodAccessorImpl.invoke(NativeMethodAccessorImpl.java:62)
	at sun.reflect.DelegatingMethodAccessorImpl.invoke(DelegatingMethodAccessorImpl.java:43)
	at java.lang.reflect.Method.invoke(Method.java:498)
	at org.springframework.web.method.support.InvocableHandlerMethod.doInvoke(InvocableHandlerMethod.java:197)
	at org.springframework.web.method.support.InvocableHandlerMethod.invokeForRequest(InvocableHandlerMethod.java:141)
	at org.springframework.web.servlet.mvc.method.annotation.ServletInvocableHandlerMethod.invokeAndHandle(ServletInvocableHandlerMethod.java:106)
	at org.springframework.web.servlet.mvc.method.annotation.RequestMappingHandlerAdapter.invokeHandlerMethod(RequestMappingHandlerAdapter.java:894)
	at org.springframework.web.servlet.mvc.method.annotation.RequestMappingHandlerAdapter.handleInternal(RequestMappingHandlerAdapter.java:808)
	at org.springframework.web.servlet.mvc.method.AbstractHandlerMethodAdapter.handle(AbstractHandlerMethodAdapter.java:87)
	at org.springframework.web.servlet.DispatcherServlet.doDispatch(DispatcherServlet.java:1060)
	at org.springframework.web.servlet.DispatcherServlet.doService(DispatcherServlet.java:962)
	at org.springframework.web.servlet.FrameworkServlet.processRequest(FrameworkServlet.java:1006)
	at org.springframework.web.servlet.FrameworkServlet.doPost(FrameworkServlet.java:909)
	at javax.servlet.http.HttpServlet.service(HttpServlet.java:652)
	at org.springframework.web.servlet.FrameworkServlet.service(FrameworkServlet.java:883)
	at javax.servlet.http.HttpServlet.service(HttpServlet.java:733)
	at org.apache.catalina.core.ApplicationFilterChain.internalDoFilter(ApplicationFilterChain.java:231)
	at org.apache.catalina.core.ApplicationFilterChain.doFilter(ApplicationFilterChain.java:166)
	at org.apache.tomcat.websocket.server.WsFilter.doFilter(WsFilter.java:53)
	at org.apache.catalina.core.ApplicationFilterChain.internalDoFilter(ApplicationFilterChain.java:193)
	at org.apache.catalina.core.ApplicationFilterChain.doFilter(ApplicationFilterChain.java:166)
	at org.springframework.web.filter.RequestContextFilter.doFilterInternal(RequestContextFilter.java:100)
	at org.springframework.web.filter.OncePerRequestFilter.doFilter(OncePerRequestFilter.java:119)
	at org.apache.catalina.core.ApplicationFilterChain.internalDoFilter(ApplicationFilterChain.java:193)
	at org.apache.catalina.core.ApplicationFilterChain.doFilter(ApplicationFilterChain.java:166)
	at org.springframework.web.filter.FormContentFilter.doFilterInternal(FormContentFilter.java:93)
	at org.springframework.web.filter.OncePerRequestFilter.doFilter(OncePerRequestFilter.java:119)
	at org.apache.catalina.core.ApplicationFilterChain.internalDoFilter(ApplicationFilterChain.java:193)
	at org.apache.catalina.core.ApplicationFilterChain.doFilter(ApplicationFilterChain.java:166)
	at org.springframework.web.filter.CharacterEncodingFilter.doFilterInternal(CharacterEncodingFilter.java:201)
	at org.springframework.web.filter.OncePerRequestFilter.doFilter(OncePerRequestFilter.java:119)
	at org.apache.catalina.core.ApplicationFilterChain.internalDoFilter(ApplicationFilterChain.java:193)
	at org.apache.catalina.core.ApplicationFilterChain.doFilter(ApplicationFilterChain.java:166)
	at org.apache.catalina.core.StandardWrapperValve.invoke(StandardWrapperValve.java:202)
	at org.apache.catalina.core.StandardContextValve.invoke(StandardContextValve.java:97)
	at org.apache.catalina.authenticator.AuthenticatorBase.invoke(AuthenticatorBase.java:542)
	at org.apache.catalina.core.StandardHostValve.invoke(StandardHostValve.java:143)
	at org.apache.catalina.valves.ErrorReportValve.invoke(ErrorReportValve.java:92)
	at org.apache.catalina.core.StandardEngineValve.invoke(StandardEngineValve.java:78)
	at org.apache.catalina.connector.CoyoteAdapter.service(CoyoteAdapter.java:343)
	at org.apache.coyote.http11.Http11Processor.service(Http11Processor.java:374)
	at org.apache.coyote.AbstractProcessorLight.process(AbstractProcessorLight.java:65)
	at org.apache.coyote.AbstractProtocol$ConnectionHandler.process(AbstractProtocol.java:888)
	at org.apache.tomcat.util.net.NioEndpoint$SocketProcessor.doRun(NioEndpoint.java:1597)
	at org.apache.tomcat.util.net.SocketProcessorBase.run(SocketProcessorBase.java:49)
	at java.util.concurrent.ThreadPoolExecutor.runWorker(ThreadPoolExecutor.java:1149)
	at java.util.concurrent.ThreadPoolExecutor$Worker.run(ThreadPoolExecutor.java:624)
	at org.apache.tomcat.util.threads.TaskThread$WrappingRunnable.run(TaskThread.java:61)
	at java.lang.Thread.run(Thread.java:748)
Caused by: java.lang.NullPointerException: null
	at org.apache.kafka.clients.producer.KafkaProducer.<init>(KafkaProducer.java:376)
	... 62 common frames omitted
2021-05-29 21:35:27,281 INFO com.clover.message.main.App [main] Starting App using Java 1.8.0_291 on DESKTOP-1SBRRM8 with PID 10320 (D:\Projects\Clover\MessageQueueService\target\classes started by Priyash in D:\Projects\Clover\MessageQueueService)
2021-05-29 21:35:27,283 DEBUG com.clover.message.main.App [main] Running with Spring Boot v2.4.2, Spring v5.3.3
2021-05-29 21:35:27,283 INFO com.clover.message.main.App [main] No active profile set, falling back to default profiles: default
2021-05-29 21:35:29,528 INFO com.clover.message.main.App [main] Started App in 2.627 seconds (JVM running for 3.138)
2021-05-29 21:35:31,777 INFO com.clover.message.producer.CloverMessageSender [http-nio-8080-exec-2] Sending : com.clover.message.model.Product@7774f213
2021-05-29 21:35:31,777 INFO com.clover.message.producer.CloverMessageSender [http-nio-8080-exec-2] ---------------------------------
2021-05-29 21:35:31,784 ERROR com.clover.message.service.MessageQueueServiceImpl [http-nio-8080-exec-2] Exception on sending message : com.clover.message.model.Product@7774f213 
org.apache.kafka.common.KafkaException: Failed to construct kafka producer
	at org.apache.kafka.clients.producer.KafkaProducer.<init>(KafkaProducer.java:441)
	at org.apache.kafka.clients.producer.KafkaProducer.<init>(KafkaProducer.java:290)
	at org.springframework.kafka.core.DefaultKafkaProducerFactory.createRawProducer(DefaultKafkaProducerFactory.java:729)
	at org.springframework.kafka.core.DefaultKafkaProducerFactory.createKafkaProducer(DefaultKafkaProducerFactory.java:583)
	at org.springframework.kafka.core.DefaultKafkaProducerFactory.doCreateProducer(DefaultKafkaProducerFactory.java:543)
	at org.springframework.kafka.core.DefaultKafkaProducerFactory.createProducer(DefaultKafkaProducerFactory.java:518)
	at org.springframework.kafka.core.DefaultKafkaProducerFactory.createProducer(DefaultKafkaProducerFactory.java:512)
	at org.springframework.kafka.core.KafkaTemplate.getTheProducer(KafkaTemplate.java:666)
	at org.springframework.kafka.core.KafkaTemplate.doSend(KafkaTemplate.java:552)
	at org.springframework.kafka.core.KafkaTemplate.send(KafkaTemplate.java:363)
	at com.clover.message.producer.CloverMessageSender.sendMessageWithCallback(CloverMessageSender.java:34)
	at com.clover.message.service.MessageQueueServiceImpl.send(MessageQueueServiceImpl.java:27)
	at com.clover.message.controller.MessageQueueController.publishMessage(MessageQueueController.java:24)
	at sun.reflect.NativeMethodAccessorImpl.invoke0(Native Method)
	at sun.reflect.NativeMethodAccessorImpl.invoke(NativeMethodAccessorImpl.java:62)
	at sun.reflect.DelegatingMethodAccessorImpl.invoke(DelegatingMethodAccessorImpl.java:43)
	at java.lang.reflect.Method.invoke(Method.java:498)
	at org.springframework.web.method.support.InvocableHandlerMethod.doInvoke(InvocableHandlerMethod.java:197)
	at org.springframework.web.method.support.InvocableHandlerMethod.invokeForRequest(InvocableHandlerMethod.java:141)
	at org.springframework.web.servlet.mvc.method.annotation.ServletInvocableHandlerMethod.invokeAndHandle(ServletInvocableHandlerMethod.java:106)
	at org.springframework.web.servlet.mvc.method.annotation.RequestMappingHandlerAdapter.invokeHandlerMethod(RequestMappingHandlerAdapter.java:894)
	at org.springframework.web.servlet.mvc.method.annotation.RequestMappingHandlerAdapter.handleInternal(RequestMappingHandlerAdapter.java:808)
	at org.springframework.web.servlet.mvc.method.AbstractHandlerMethodAdapter.handle(AbstractHandlerMethodAdapter.java:87)
	at org.springframework.web.servlet.DispatcherServlet.doDispatch(DispatcherServlet.java:1060)
	at org.springframework.web.servlet.DispatcherServlet.doService(DispatcherServlet.java:962)
	at org.springframework.web.servlet.FrameworkServlet.processRequest(FrameworkServlet.java:1006)
	at org.springframework.web.servlet.FrameworkServlet.doPost(FrameworkServlet.java:909)
	at javax.servlet.http.HttpServlet.service(HttpServlet.java:652)
	at org.springframework.web.servlet.FrameworkServlet.service(FrameworkServlet.java:883)
	at javax.servlet.http.HttpServlet.service(HttpServlet.java:733)
	at org.apache.catalina.core.ApplicationFilterChain.internalDoFilter(ApplicationFilterChain.java:231)
	at org.apache.catalina.core.ApplicationFilterChain.doFilter(ApplicationFilterChain.java:166)
	at org.apache.tomcat.websocket.server.WsFilter.doFilter(WsFilter.java:53)
	at org.apache.catalina.core.ApplicationFilterChain.internalDoFilter(ApplicationFilterChain.java:193)
	at org.apache.catalina.core.ApplicationFilterChain.doFilter(ApplicationFilterChain.java:166)
	at org.springframework.web.filter.RequestContextFilter.doFilterInternal(RequestContextFilter.java:100)
	at org.springframework.web.filter.OncePerRequestFilter.doFilter(OncePerRequestFilter.java:119)
	at org.apache.catalina.core.ApplicationFilterChain.internalDoFilter(ApplicationFilterChain.java:193)
	at org.apache.catalina.core.ApplicationFilterChain.doFilter(ApplicationFilterChain.java:166)
	at org.springframework.web.filter.FormContentFilter.doFilterInternal(FormContentFilter.java:93)
	at org.springframework.web.filter.OncePerRequestFilter.doFilter(OncePerRequestFilter.java:119)
	at org.apache.catalina.core.ApplicationFilterChain.internalDoFilter(ApplicationFilterChain.java:193)
	at org.apache.catalina.core.ApplicationFilterChain.doFilter(ApplicationFilterChain.java:166)
	at org.springframework.web.filter.CharacterEncodingFilter.doFilterInternal(CharacterEncodingFilter.java:201)
	at org.springframework.web.filter.OncePerRequestFilter.doFilter(OncePerRequestFilter.java:119)
	at org.apache.catalina.core.ApplicationFilterChain.internalDoFilter(ApplicationFilterChain.java:193)
	at org.apache.catalina.core.ApplicationFilterChain.doFilter(ApplicationFilterChain.java:166)
	at org.apache.catalina.core.StandardWrapperValve.invoke(StandardWrapperValve.java:202)
	at org.apache.catalina.core.StandardContextValve.invoke(StandardContextValve.java:97)
	at org.apache.catalina.authenticator.AuthenticatorBase.invoke(AuthenticatorBase.java:542)
	at org.apache.catalina.core.StandardHostValve.invoke(StandardHostValve.java:143)
	at org.apache.catalina.valves.ErrorReportValve.invoke(ErrorReportValve.java:92)
	at org.apache.catalina.core.StandardEngineValve.invoke(StandardEngineValve.java:78)
	at org.apache.catalina.connector.CoyoteAdapter.service(CoyoteAdapter.java:343)
	at org.apache.coyote.http11.Http11Processor.service(Http11Processor.java:374)
	at org.apache.coyote.AbstractProcessorLight.process(AbstractProcessorLight.java:65)
	at org.apache.coyote.AbstractProtocol$ConnectionHandler.process(AbstractProtocol.java:888)
	at org.apache.tomcat.util.net.NioEndpoint$SocketProcessor.doRun(NioEndpoint.java:1597)
	at org.apache.tomcat.util.net.SocketProcessorBase.run(SocketProcessorBase.java:49)
	at java.util.concurrent.ThreadPoolExecutor.runWorker(ThreadPoolExecutor.java:1149)
	at java.util.concurrent.ThreadPoolExecutor$Worker.run(ThreadPoolExecutor.java:624)
	at org.apache.tomcat.util.threads.TaskThread$WrappingRunnable.run(TaskThread.java:61)
	at java.lang.Thread.run(Thread.java:748)
Caused by: java.lang.NullPointerException: null
	at org.apache.kafka.clients.producer.KafkaProducer.<init>(KafkaProducer.java:376)
	... 62 common frames omitted
2021-05-29 21:39:06,563 INFO com.clover.message.main.App [main] Starting App using Java 1.8.0_291 on DESKTOP-1SBRRM8 with PID 10452 (D:\Projects\Clover\MessageQueueService\target\classes started by Priyash in D:\Projects\Clover\MessageQueueService)
2021-05-29 21:39:06,565 DEBUG com.clover.message.main.App [main] Running with Spring Boot v2.4.2, Spring v5.3.3
2021-05-29 21:39:06,565 INFO com.clover.message.main.App [main] No active profile set, falling back to default profiles: default
2021-05-29 21:39:08,788 INFO com.clover.message.main.App [main] Started App in 2.606 seconds (JVM running for 3.121)
2021-05-29 21:40:08,162 INFO com.clover.message.producer.CloverMessageSender [http-nio-8080-exec-3] Sending : com.clover.message.model.Product@6e0b741c
2021-05-29 21:40:08,162 INFO com.clover.message.producer.CloverMessageSender [http-nio-8080-exec-3] ---------------------------------
2021-05-29 21:40:08,170 ERROR com.clover.message.service.MessageQueueServiceImpl [http-nio-8080-exec-3] Exception on sending message : com.clover.message.model.Product@6e0b741c 
org.apache.kafka.common.KafkaException: Failed to construct kafka producer
	at org.apache.kafka.clients.producer.KafkaProducer.<init>(KafkaProducer.java:441)
	at org.apache.kafka.clients.producer.KafkaProducer.<init>(KafkaProducer.java:290)
	at org.springframework.kafka.core.DefaultKafkaProducerFactory.createRawProducer(DefaultKafkaProducerFactory.java:729)
	at org.springframework.kafka.core.DefaultKafkaProducerFactory.createKafkaProducer(DefaultKafkaProducerFactory.java:583)
	at org.springframework.kafka.core.DefaultKafkaProducerFactory.doCreateProducer(DefaultKafkaProducerFactory.java:543)
	at org.springframework.kafka.core.DefaultKafkaProducerFactory.createProducer(DefaultKafkaProducerFactory.java:518)
	at org.springframework.kafka.core.DefaultKafkaProducerFactory.createProducer(DefaultKafkaProducerFactory.java:512)
	at org.springframework.kafka.core.KafkaTemplate.getTheProducer(KafkaTemplate.java:666)
	at org.springframework.kafka.core.KafkaTemplate.doSend(KafkaTemplate.java:552)
	at org.springframework.kafka.core.KafkaTemplate.send(KafkaTemplate.java:363)
	at com.clover.message.producer.CloverMessageSender.sendMessageWithCallback(CloverMessageSender.java:34)
	at com.clover.message.service.MessageQueueServiceImpl.send(MessageQueueServiceImpl.java:27)
	at com.clover.message.controller.MessageQueueController.publishMessage(MessageQueueController.java:24)
	at sun.reflect.NativeMethodAccessorImpl.invoke0(Native Method)
	at sun.reflect.NativeMethodAccessorImpl.invoke(NativeMethodAccessorImpl.java:62)
	at sun.reflect.DelegatingMethodAccessorImpl.invoke(DelegatingMethodAccessorImpl.java:43)
	at java.lang.reflect.Method.invoke(Method.java:498)
	at org.springframework.web.method.support.InvocableHandlerMethod.doInvoke(InvocableHandlerMethod.java:197)
	at org.springframework.web.method.support.InvocableHandlerMethod.invokeForRequest(InvocableHandlerMethod.java:141)
	at org.springframework.web.servlet.mvc.method.annotation.ServletInvocableHandlerMethod.invokeAndHandle(ServletInvocableHandlerMethod.java:106)
	at org.springframework.web.servlet.mvc.method.annotation.RequestMappingHandlerAdapter.invokeHandlerMethod(RequestMappingHandlerAdapter.java:894)
	at org.springframework.web.servlet.mvc.method.annotation.RequestMappingHandlerAdapter.handleInternal(RequestMappingHandlerAdapter.java:808)
	at org.springframework.web.servlet.mvc.method.AbstractHandlerMethodAdapter.handle(AbstractHandlerMethodAdapter.java:87)
	at org.springframework.web.servlet.DispatcherServlet.doDispatch(DispatcherServlet.java:1060)
	at org.springframework.web.servlet.DispatcherServlet.doService(DispatcherServlet.java:962)
	at org.springframework.web.servlet.FrameworkServlet.processRequest(FrameworkServlet.java:1006)
	at org.springframework.web.servlet.FrameworkServlet.doPost(FrameworkServlet.java:909)
	at javax.servlet.http.HttpServlet.service(HttpServlet.java:652)
	at org.springframework.web.servlet.FrameworkServlet.service(FrameworkServlet.java:883)
	at javax.servlet.http.HttpServlet.service(HttpServlet.java:733)
	at org.apache.catalina.core.ApplicationFilterChain.internalDoFilter(ApplicationFilterChain.java:231)
	at org.apache.catalina.core.ApplicationFilterChain.doFilter(ApplicationFilterChain.java:166)
	at org.apache.tomcat.websocket.server.WsFilter.doFilter(WsFilter.java:53)
	at org.apache.catalina.core.ApplicationFilterChain.internalDoFilter(ApplicationFilterChain.java:193)
	at org.apache.catalina.core.ApplicationFilterChain.doFilter(ApplicationFilterChain.java:166)
	at org.springframework.web.filter.RequestContextFilter.doFilterInternal(RequestContextFilter.java:100)
	at org.springframework.web.filter.OncePerRequestFilter.doFilter(OncePerRequestFilter.java:119)
	at org.apache.catalina.core.ApplicationFilterChain.internalDoFilter(ApplicationFilterChain.java:193)
	at org.apache.catalina.core.ApplicationFilterChain.doFilter(ApplicationFilterChain.java:166)
	at org.springframework.web.filter.FormContentFilter.doFilterInternal(FormContentFilter.java:93)
	at org.springframework.web.filter.OncePerRequestFilter.doFilter(OncePerRequestFilter.java:119)
	at org.apache.catalina.core.ApplicationFilterChain.internalDoFilter(ApplicationFilterChain.java:193)
	at org.apache.catalina.core.ApplicationFilterChain.doFilter(ApplicationFilterChain.java:166)
	at org.springframework.web.filter.CharacterEncodingFilter.doFilterInternal(CharacterEncodingFilter.java:201)
	at org.springframework.web.filter.OncePerRequestFilter.doFilter(OncePerRequestFilter.java:119)
	at org.apache.catalina.core.ApplicationFilterChain.internalDoFilter(ApplicationFilterChain.java:193)
	at org.apache.catalina.core.ApplicationFilterChain.doFilter(ApplicationFilterChain.java:166)
	at org.apache.catalina.core.StandardWrapperValve.invoke(StandardWrapperValve.java:202)
	at org.apache.catalina.core.StandardContextValve.invoke(StandardContextValve.java:97)
	at org.apache.catalina.authenticator.AuthenticatorBase.invoke(AuthenticatorBase.java:542)
	at org.apache.catalina.core.StandardHostValve.invoke(StandardHostValve.java:143)
	at org.apache.catalina.valves.ErrorReportValve.invoke(ErrorReportValve.java:92)
	at org.apache.catalina.core.StandardEngineValve.invoke(StandardEngineValve.java:78)
	at org.apache.catalina.connector.CoyoteAdapter.service(CoyoteAdapter.java:343)
	at org.apache.coyote.http11.Http11Processor.service(Http11Processor.java:374)
	at org.apache.coyote.AbstractProcessorLight.process(AbstractProcessorLight.java:65)
	at org.apache.coyote.AbstractProtocol$ConnectionHandler.process(AbstractProtocol.java:888)
	at org.apache.tomcat.util.net.NioEndpoint$SocketProcessor.doRun(NioEndpoint.java:1597)
	at org.apache.tomcat.util.net.SocketProcessorBase.run(SocketProcessorBase.java:49)
	at java.util.concurrent.ThreadPoolExecutor.runWorker(ThreadPoolExecutor.java:1149)
	at java.util.concurrent.ThreadPoolExecutor$Worker.run(ThreadPoolExecutor.java:624)
	at org.apache.tomcat.util.threads.TaskThread$WrappingRunnable.run(TaskThread.java:61)
	at java.lang.Thread.run(Thread.java:748)
Caused by: java.lang.NullPointerException: null
	at org.apache.kafka.clients.producer.KafkaProducer.<init>(KafkaProducer.java:376)
	... 62 common frames omitted
2021-05-29 21:44:12,582 INFO com.clover.message.main.App [main] Starting App using Java 1.8.0_291 on DESKTOP-1SBRRM8 with PID 1276 (D:\Projects\Clover\MessageQueueService\target\classes started by Priyash in D:\Projects\Clover\MessageQueueService)
2021-05-29 21:44:12,583 DEBUG com.clover.message.main.App [main] Running with Spring Boot v2.4.2, Spring v5.3.3
2021-05-29 21:44:12,584 INFO com.clover.message.main.App [main] No active profile set, falling back to default profiles: default
2021-05-29 21:44:14,834 INFO com.clover.message.main.App [main] Started App in 2.626 seconds (JVM running for 3.139)
2021-05-29 21:44:17,023 INFO com.clover.message.producer.CloverMessageSender [http-nio-8080-exec-1] Sending : com.clover.message.model.Product@4d251c02
2021-05-29 21:44:17,023 INFO com.clover.message.producer.CloverMessageSender [http-nio-8080-exec-1] ---------------------------------
2021-05-29 21:44:17,030 ERROR com.clover.message.service.MessageQueueServiceImpl [http-nio-8080-exec-1] Exception on sending message : com.clover.message.model.Product@4d251c02 
org.apache.kafka.common.KafkaException: Failed to construct kafka producer
	at org.apache.kafka.clients.producer.KafkaProducer.<init>(KafkaProducer.java:441)
	at org.apache.kafka.clients.producer.KafkaProducer.<init>(KafkaProducer.java:290)
	at org.springframework.kafka.core.DefaultKafkaProducerFactory.createRawProducer(DefaultKafkaProducerFactory.java:729)
	at org.springframework.kafka.core.DefaultKafkaProducerFactory.createKafkaProducer(DefaultKafkaProducerFactory.java:583)
	at org.springframework.kafka.core.DefaultKafkaProducerFactory.doCreateProducer(DefaultKafkaProducerFactory.java:543)
	at org.springframework.kafka.core.DefaultKafkaProducerFactory.createProducer(DefaultKafkaProducerFactory.java:518)
	at org.springframework.kafka.core.DefaultKafkaProducerFactory.createProducer(DefaultKafkaProducerFactory.java:512)
	at org.springframework.kafka.core.KafkaTemplate.getTheProducer(KafkaTemplate.java:666)
	at org.springframework.kafka.core.KafkaTemplate.doSend(KafkaTemplate.java:552)
	at org.springframework.kafka.core.KafkaTemplate.send(KafkaTemplate.java:363)
	at com.clover.message.producer.CloverMessageSender.sendMessageWithCallback(CloverMessageSender.java:34)
	at com.clover.message.service.MessageQueueServiceImpl.send(MessageQueueServiceImpl.java:27)
	at com.clover.message.controller.MessageQueueController.publishMessage(MessageQueueController.java:24)
	at sun.reflect.NativeMethodAccessorImpl.invoke0(Native Method)
	at sun.reflect.NativeMethodAccessorImpl.invoke(NativeMethodAccessorImpl.java:62)
	at sun.reflect.DelegatingMethodAccessorImpl.invoke(DelegatingMethodAccessorImpl.java:43)
	at java.lang.reflect.Method.invoke(Method.java:498)
	at org.springframework.web.method.support.InvocableHandlerMethod.doInvoke(InvocableHandlerMethod.java:197)
	at org.springframework.web.method.support.InvocableHandlerMethod.invokeForRequest(InvocableHandlerMethod.java:141)
	at org.springframework.web.servlet.mvc.method.annotation.ServletInvocableHandlerMethod.invokeAndHandle(ServletInvocableHandlerMethod.java:106)
	at org.springframework.web.servlet.mvc.method.annotation.RequestMappingHandlerAdapter.invokeHandlerMethod(RequestMappingHandlerAdapter.java:894)
	at org.springframework.web.servlet.mvc.method.annotation.RequestMappingHandlerAdapter.handleInternal(RequestMappingHandlerAdapter.java:808)
	at org.springframework.web.servlet.mvc.method.AbstractHandlerMethodAdapter.handle(AbstractHandlerMethodAdapter.java:87)
	at org.springframework.web.servlet.DispatcherServlet.doDispatch(DispatcherServlet.java:1060)
	at org.springframework.web.servlet.DispatcherServlet.doService(DispatcherServlet.java:962)
	at org.springframework.web.servlet.FrameworkServlet.processRequest(FrameworkServlet.java:1006)
	at org.springframework.web.servlet.FrameworkServlet.doPost(FrameworkServlet.java:909)
	at javax.servlet.http.HttpServlet.service(HttpServlet.java:652)
	at org.springframework.web.servlet.FrameworkServlet.service(FrameworkServlet.java:883)
	at javax.servlet.http.HttpServlet.service(HttpServlet.java:733)
	at org.apache.catalina.core.ApplicationFilterChain.internalDoFilter(ApplicationFilterChain.java:231)
	at org.apache.catalina.core.ApplicationFilterChain.doFilter(ApplicationFilterChain.java:166)
	at org.apache.tomcat.websocket.server.WsFilter.doFilter(WsFilter.java:53)
	at org.apache.catalina.core.ApplicationFilterChain.internalDoFilter(ApplicationFilterChain.java:193)
	at org.apache.catalina.core.ApplicationFilterChain.doFilter(ApplicationFilterChain.java:166)
	at org.springframework.web.filter.RequestContextFilter.doFilterInternal(RequestContextFilter.java:100)
	at org.springframework.web.filter.OncePerRequestFilter.doFilter(OncePerRequestFilter.java:119)
	at org.apache.catalina.core.ApplicationFilterChain.internalDoFilter(ApplicationFilterChain.java:193)
	at org.apache.catalina.core.ApplicationFilterChain.doFilter(ApplicationFilterChain.java:166)
	at org.springframework.web.filter.FormContentFilter.doFilterInternal(FormContentFilter.java:93)
	at org.springframework.web.filter.OncePerRequestFilter.doFilter(OncePerRequestFilter.java:119)
	at org.apache.catalina.core.ApplicationFilterChain.internalDoFilter(ApplicationFilterChain.java:193)
	at org.apache.catalina.core.ApplicationFilterChain.doFilter(ApplicationFilterChain.java:166)
	at org.springframework.web.filter.CharacterEncodingFilter.doFilterInternal(CharacterEncodingFilter.java:201)
	at org.springframework.web.filter.OncePerRequestFilter.doFilter(OncePerRequestFilter.java:119)
	at org.apache.catalina.core.ApplicationFilterChain.internalDoFilter(ApplicationFilterChain.java:193)
	at org.apache.catalina.core.ApplicationFilterChain.doFilter(ApplicationFilterChain.java:166)
	at org.apache.catalina.core.StandardWrapperValve.invoke(StandardWrapperValve.java:202)
	at org.apache.catalina.core.StandardContextValve.invoke(StandardContextValve.java:97)
	at org.apache.catalina.authenticator.AuthenticatorBase.invoke(AuthenticatorBase.java:542)
	at org.apache.catalina.core.StandardHostValve.invoke(StandardHostValve.java:143)
	at org.apache.catalina.valves.ErrorReportValve.invoke(ErrorReportValve.java:92)
	at org.apache.catalina.core.StandardEngineValve.invoke(StandardEngineValve.java:78)
	at org.apache.catalina.connector.CoyoteAdapter.service(CoyoteAdapter.java:343)
	at org.apache.coyote.http11.Http11Processor.service(Http11Processor.java:374)
	at org.apache.coyote.AbstractProcessorLight.process(AbstractProcessorLight.java:65)
	at org.apache.coyote.AbstractProtocol$ConnectionHandler.process(AbstractProtocol.java:888)
	at org.apache.tomcat.util.net.NioEndpoint$SocketProcessor.doRun(NioEndpoint.java:1597)
	at org.apache.tomcat.util.net.SocketProcessorBase.run(SocketProcessorBase.java:49)
	at java.util.concurrent.ThreadPoolExecutor.runWorker(ThreadPoolExecutor.java:1149)
	at java.util.concurrent.ThreadPoolExecutor$Worker.run(ThreadPoolExecutor.java:624)
	at org.apache.tomcat.util.threads.TaskThread$WrappingRunnable.run(TaskThread.java:61)
	at java.lang.Thread.run(Thread.java:748)
Caused by: java.lang.NullPointerException: null
	at org.apache.kafka.clients.producer.KafkaProducer.<init>(KafkaProducer.java:376)
	... 62 common frames omitted
2021-05-29 21:47:01,309 INFO com.clover.message.main.App [main] Starting App using Java 1.8.0_291 on DESKTOP-1SBRRM8 with PID 3944 (D:\Projects\Clover\MessageQueueService\target\classes started by Priyash in D:\Projects\Clover\MessageQueueService)
2021-05-29 21:47:01,311 DEBUG com.clover.message.main.App [main] Running with Spring Boot v2.4.2, Spring v5.3.3
2021-05-29 21:47:01,311 INFO com.clover.message.main.App [main] No active profile set, falling back to default profiles: default
2021-05-29 21:47:25,254 INFO com.clover.message.main.App [main] Starting App using Java 1.8.0_291 on DESKTOP-1SBRRM8 with PID 1696 (D:\Projects\Clover\MessageQueueService\target\classes started by Priyash in D:\Projects\Clover\MessageQueueService)
2021-05-29 21:47:25,256 DEBUG com.clover.message.main.App [main] Running with Spring Boot v2.4.2, Spring v5.3.3
2021-05-29 21:47:25,257 INFO com.clover.message.main.App [main] No active profile set, falling back to default profiles: default
2021-05-29 21:47:27,488 INFO com.clover.message.main.App [main] Started App in 2.608 seconds (JVM running for 3.125)
2021-05-29 21:47:27,661 INFO com.clover.message.producer.CloverMessageSender [http-nio-8080-exec-2] Sending : com.clover.message.model.Product@73553fe7
2021-05-29 21:47:27,662 INFO com.clover.message.producer.CloverMessageSender [http-nio-8080-exec-2] ---------------------------------
2021-05-29 21:47:27,669 ERROR com.clover.message.service.MessageQueueServiceImpl [http-nio-8080-exec-2] Exception on sending message : com.clover.message.model.Product@73553fe7 
org.apache.kafka.common.KafkaException: Failed to construct kafka producer
	at org.apache.kafka.clients.producer.KafkaProducer.<init>(KafkaProducer.java:441)
	at org.apache.kafka.clients.producer.KafkaProducer.<init>(KafkaProducer.java:290)
	at org.springframework.kafka.core.DefaultKafkaProducerFactory.createRawProducer(DefaultKafkaProducerFactory.java:729)
	at org.springframework.kafka.core.DefaultKafkaProducerFactory.createKafkaProducer(DefaultKafkaProducerFactory.java:583)
	at org.springframework.kafka.core.DefaultKafkaProducerFactory.doCreateProducer(DefaultKafkaProducerFactory.java:543)
	at org.springframework.kafka.core.DefaultKafkaProducerFactory.createProducer(DefaultKafkaProducerFactory.java:518)
	at org.springframework.kafka.core.DefaultKafkaProducerFactory.createProducer(DefaultKafkaProducerFactory.java:512)
	at org.springframework.kafka.core.KafkaTemplate.getTheProducer(KafkaTemplate.java:666)
	at org.springframework.kafka.core.KafkaTemplate.doSend(KafkaTemplate.java:552)
	at org.springframework.kafka.core.KafkaTemplate.send(KafkaTemplate.java:363)
	at com.clover.message.producer.CloverMessageSender.sendMessageWithCallback(CloverMessageSender.java:34)
	at com.clover.message.service.MessageQueueServiceImpl.send(MessageQueueServiceImpl.java:27)
	at com.clover.message.controller.MessageQueueController.publishMessage(MessageQueueController.java:24)
	at sun.reflect.NativeMethodAccessorImpl.invoke0(Native Method)
	at sun.reflect.NativeMethodAccessorImpl.invoke(NativeMethodAccessorImpl.java:62)
	at sun.reflect.DelegatingMethodAccessorImpl.invoke(DelegatingMethodAccessorImpl.java:43)
	at java.lang.reflect.Method.invoke(Method.java:498)
	at org.springframework.web.method.support.InvocableHandlerMethod.doInvoke(InvocableHandlerMethod.java:197)
	at org.springframework.web.method.support.InvocableHandlerMethod.invokeForRequest(InvocableHandlerMethod.java:141)
	at org.springframework.web.servlet.mvc.method.annotation.ServletInvocableHandlerMethod.invokeAndHandle(ServletInvocableHandlerMethod.java:106)
	at org.springframework.web.servlet.mvc.method.annotation.RequestMappingHandlerAdapter.invokeHandlerMethod(RequestMappingHandlerAdapter.java:894)
	at org.springframework.web.servlet.mvc.method.annotation.RequestMappingHandlerAdapter.handleInternal(RequestMappingHandlerAdapter.java:808)
	at org.springframework.web.servlet.mvc.method.AbstractHandlerMethodAdapter.handle(AbstractHandlerMethodAdapter.java:87)
	at org.springframework.web.servlet.DispatcherServlet.doDispatch(DispatcherServlet.java:1060)
	at org.springframework.web.servlet.DispatcherServlet.doService(DispatcherServlet.java:962)
	at org.springframework.web.servlet.FrameworkServlet.processRequest(FrameworkServlet.java:1006)
	at org.springframework.web.servlet.FrameworkServlet.doPost(FrameworkServlet.java:909)
	at javax.servlet.http.HttpServlet.service(HttpServlet.java:652)
	at org.springframework.web.servlet.FrameworkServlet.service(FrameworkServlet.java:883)
	at javax.servlet.http.HttpServlet.service(HttpServlet.java:733)
	at org.apache.catalina.core.ApplicationFilterChain.internalDoFilter(ApplicationFilterChain.java:231)
	at org.apache.catalina.core.ApplicationFilterChain.doFilter(ApplicationFilterChain.java:166)
	at org.apache.tomcat.websocket.server.WsFilter.doFilter(WsFilter.java:53)
	at org.apache.catalina.core.ApplicationFilterChain.internalDoFilter(ApplicationFilterChain.java:193)
	at org.apache.catalina.core.ApplicationFilterChain.doFilter(ApplicationFilterChain.java:166)
	at org.springframework.web.filter.RequestContextFilter.doFilterInternal(RequestContextFilter.java:100)
	at org.springframework.web.filter.OncePerRequestFilter.doFilter(OncePerRequestFilter.java:119)
	at org.apache.catalina.core.ApplicationFilterChain.internalDoFilter(ApplicationFilterChain.java:193)
	at org.apache.catalina.core.ApplicationFilterChain.doFilter(ApplicationFilterChain.java:166)
	at org.springframework.web.filter.FormContentFilter.doFilterInternal(FormContentFilter.java:93)
	at org.springframework.web.filter.OncePerRequestFilter.doFilter(OncePerRequestFilter.java:119)
	at org.apache.catalina.core.ApplicationFilterChain.internalDoFilter(ApplicationFilterChain.java:193)
	at org.apache.catalina.core.ApplicationFilterChain.doFilter(ApplicationFilterChain.java:166)
	at org.springframework.web.filter.CharacterEncodingFilter.doFilterInternal(CharacterEncodingFilter.java:201)
	at org.springframework.web.filter.OncePerRequestFilter.doFilter(OncePerRequestFilter.java:119)
	at org.apache.catalina.core.ApplicationFilterChain.internalDoFilter(ApplicationFilterChain.java:193)
	at org.apache.catalina.core.ApplicationFilterChain.doFilter(ApplicationFilterChain.java:166)
	at org.apache.catalina.core.StandardWrapperValve.invoke(StandardWrapperValve.java:202)
	at org.apache.catalina.core.StandardContextValve.invoke(StandardContextValve.java:97)
	at org.apache.catalina.authenticator.AuthenticatorBase.invoke(AuthenticatorBase.java:542)
	at org.apache.catalina.core.StandardHostValve.invoke(StandardHostValve.java:143)
	at org.apache.catalina.valves.ErrorReportValve.invoke(ErrorReportValve.java:92)
	at org.apache.catalina.core.StandardEngineValve.invoke(StandardEngineValve.java:78)
	at org.apache.catalina.connector.CoyoteAdapter.service(CoyoteAdapter.java:343)
	at org.apache.coyote.http11.Http11Processor.service(Http11Processor.java:374)
	at org.apache.coyote.AbstractProcessorLight.process(AbstractProcessorLight.java:65)
	at org.apache.coyote.AbstractProtocol$ConnectionHandler.process(AbstractProtocol.java:888)
	at org.apache.tomcat.util.net.NioEndpoint$SocketProcessor.doRun(NioEndpoint.java:1597)
	at org.apache.tomcat.util.net.SocketProcessorBase.run(SocketProcessorBase.java:49)
	at java.util.concurrent.ThreadPoolExecutor.runWorker(ThreadPoolExecutor.java:1149)
	at java.util.concurrent.ThreadPoolExecutor$Worker.run(ThreadPoolExecutor.java:624)
	at org.apache.tomcat.util.threads.TaskThread$WrappingRunnable.run(TaskThread.java:61)
	at java.lang.Thread.run(Thread.java:748)
Caused by: java.lang.NullPointerException: null
	at org.apache.kafka.clients.producer.KafkaProducer.<init>(KafkaProducer.java:376)
	... 62 common frames omitted
2021-05-29 21:50:49,503 INFO com.clover.message.main.App [main] Starting App using Java 1.8.0_291 on DESKTOP-1SBRRM8 with PID 18736 (D:\Projects\Clover\MessageQueueService\target\classes started by Priyash in D:\Projects\Clover\MessageQueueService)
2021-05-29 21:50:49,505 DEBUG com.clover.message.main.App [main] Running with Spring Boot v2.4.2, Spring v5.3.3
2021-05-29 21:50:49,506 INFO com.clover.message.main.App [main] No active profile set, falling back to default profiles: default
2021-05-29 21:50:51,772 INFO com.clover.message.main.App [main] Started App in 2.645 seconds (JVM running for 3.153)
2021-05-29 21:50:52,551 INFO com.clover.message.producer.CloverMessageSender [http-nio-8080-exec-2] Sending : com.clover.message.model.Product@4c0ab402
2021-05-29 21:50:52,551 INFO com.clover.message.producer.CloverMessageSender [http-nio-8080-exec-2] ---------------------------------
2021-05-29 21:50:52,718 INFO com.clover.message.producer.CloverMessageSender [kafka-producer-network-thread | producer-1] Success Callback: [com.clover.message.model.Product@4c0ab402] delivered with offset -18
2021-05-29 21:50:52,727 INFO com.clover.message.consumer.CloverMessageReceiver [org.springframework.kafka.KafkaListenerEndpointContainer#0-0-C-1] Listener : [com.clover.message.model.Product@668bb68d]
2021-05-29 21:51:42,476 INFO com.clover.message.main.App [main] Starting App using Java 1.8.0_291 on DESKTOP-1SBRRM8 with PID 8284 (D:\Projects\Clover\MessageQueueService\target\classes started by Priyash in D:\Projects\Clover\MessageQueueService)
2021-05-29 21:51:42,477 DEBUG com.clover.message.main.App [main] Running with Spring Boot v2.4.2, Spring v5.3.3
2021-05-29 21:51:42,478 INFO com.clover.message.main.App [main] No active profile set, falling back to default profiles: default
2021-05-29 21:53:13,318 INFO com.clover.message.main.App [main] Starting App using Java 1.8.0_291 on DESKTOP-1SBRRM8 with PID 2280 (D:\Projects\Clover\MessageQueueService\target\classes started by Priyash in D:\Projects\Clover\MessageQueueService)
2021-05-29 21:53:13,320 DEBUG com.clover.message.main.App [main] Running with Spring Boot v2.4.2, Spring v5.3.3
2021-05-29 21:53:13,320 INFO com.clover.message.main.App [main] No active profile set, falling back to default profiles: default
2021-05-29 21:53:15,563 INFO com.clover.message.main.App [main] Started App in 2.623 seconds (JVM running for 3.155)
2021-05-29 21:53:17,874 INFO com.clover.message.producer.CloverMessageSender [http-nio-8080-exec-2] Sending : com.clover.message.model.Product@7aceec54
2021-05-29 21:53:17,874 INFO com.clover.message.producer.CloverMessageSender [http-nio-8080-exec-2] ---------------------------------
2021-05-29 21:53:17,943 INFO com.clover.message.producer.CloverMessageSender [kafka-producer-network-thread | producer-1] Success Callback: [com.clover.message.model.Product@7aceec54] delivered with offset -15
2021-05-29 21:53:17,952 INFO com.clover.message.consumer.CloverMessageReceiver [org.springframework.kafka.KafkaListenerEndpointContainer#0-0-C-1] Listener : [com.clover.message.model.Product@94e0ef4]
2021-05-29 21:53:30,126 INFO com.clover.message.producer.CloverMessageSender [http-nio-8080-exec-5] Sending : com.clover.message.model.Product@53279894
2021-05-29 21:53:30,126 INFO com.clover.message.producer.CloverMessageSender [http-nio-8080-exec-5] ---------------------------------
2021-05-29 21:53:30,129 INFO com.clover.message.producer.CloverMessageSender [kafka-producer-network-thread | producer-1] Success Callback: [com.clover.message.model.Product@53279894] delivered with offset -19
2021-05-29 21:53:30,131 INFO com.clover.message.consumer.CloverMessageReceiver [org.springframework.kafka.KafkaListenerEndpointContainer#0-0-C-1] Listener : [com.clover.message.model.Product@2cdb6f25]
2021-05-29 22:11:41,497 INFO com.clover.message.main.App [main] Starting App using Java 1.8.0_291 on DESKTOP-1SBRRM8 with PID 3596 (D:\Projects\Clover\MessageQueueService\target\classes started by Priyash in D:\Projects\Clover\MessageQueueService)
2021-05-29 22:11:41,500 DEBUG com.clover.message.main.App [main] Running with Spring Boot v2.4.2, Spring v5.3.3
2021-05-29 22:11:41,501 INFO com.clover.message.main.App [main] No active profile set, falling back to default profiles: default
2021-05-29 22:12:21,255 INFO com.clover.message.main.App [main] Starting App using Java 1.8.0_291 on DESKTOP-1SBRRM8 with PID 13980 (D:\Projects\Clover\MessageQueueService\target\classes started by Priyash in D:\Projects\Clover\MessageQueueService)
2021-05-29 22:12:21,258 DEBUG com.clover.message.main.App [main] Running with Spring Boot v2.4.2, Spring v5.3.3
2021-05-29 22:12:21,258 INFO com.clover.message.main.App [main] No active profile set, falling back to default profiles: default
2021-05-29 22:18:30,382 INFO com.clover.message.main.App [main] Starting App using Java 1.8.0_291 on DESKTOP-1SBRRM8 with PID 17992 (D:\Projects\Clover\MessageQueueService\target\classes started by Priyash in D:\Projects\Clover\MessageQueueService)
2021-05-29 22:18:30,384 DEBUG com.clover.message.main.App [main] Running with Spring Boot v2.4.2, Spring v5.3.3
2021-05-29 22:18:30,385 INFO com.clover.message.main.App [main] No active profile set, falling back to default profiles: default
2021-05-29 22:18:32,610 INFO com.clover.message.main.App [main] Started App in 2.608 seconds (JVM running for 3.132)
2021-05-29 22:19:24,923 INFO com.clover.message.main.App [main] Starting App using Java 1.8.0_291 on DESKTOP-1SBRRM8 with PID 19148 (D:\Projects\Clover\MessageQueueService\target\classes started by Priyash in D:\Projects\Clover\MessageQueueService)
2021-05-29 22:19:24,925 DEBUG com.clover.message.main.App [main] Running with Spring Boot v2.4.2, Spring v5.3.3
2021-05-29 22:19:24,926 INFO com.clover.message.main.App [main] No active profile set, falling back to default profiles: default
2021-05-29 22:19:27,121 INFO com.clover.message.main.App [main] Started App in 2.572 seconds (JVM running for 3.081)
2021-05-29 22:19:41,897 INFO com.clover.message.main.App [main] Starting App using Java 1.8.0_291 on DESKTOP-1SBRRM8 with PID 664 (D:\Projects\Clover\MessageQueueService\target\classes started by Priyash in D:\Projects\Clover\MessageQueueService)
2021-05-29 22:19:41,899 DEBUG com.clover.message.main.App [main] Running with Spring Boot v2.4.2, Spring v5.3.3
2021-05-29 22:19:41,900 INFO com.clover.message.main.App [main] No active profile set, falling back to default profiles: default
2021-05-29 22:19:44,079 INFO com.clover.message.main.App [main] Started App in 2.567 seconds (JVM running for 3.085)
2021-05-29 23:21:49,791 INFO com.clover.message.main.App [main] Starting App using Java 1.8.0_291 on DESKTOP-1SBRRM8 with PID 5132 (D:\Projects\Clover\MessageQueueService\target\classes started by Priyash in D:\Projects\Clover\MessageQueueService)
2021-05-29 23:21:49,793 DEBUG com.clover.message.main.App [main] Running with Spring Boot v2.4.2, Spring v5.3.3
2021-05-29 23:21:49,794 INFO com.clover.message.main.App [main] No active profile set, falling back to default profiles: default
2021-05-29 23:21:51,993 INFO com.clover.message.main.App [main] Started App in 2.577 seconds (JVM running for 3.101)
2021-05-29 23:21:58,238 INFO com.clover.message.producer.CloverMessageSender [http-nio-8080-exec-1] Sending : com.clover.message.model.Product@1926643
2021-05-29 23:21:58,239 INFO com.clover.message.producer.CloverMessageSender [http-nio-8080-exec-1] ---------------------------------
2021-05-29 23:21:58,314 INFO com.clover.message.producer.CloverMessageSender [kafka-producer-network-thread | producer-1] Success Callback: [com.clover.message.model.Product@1926643] delivered with offset -0
2021-05-29 23:21:58,324 INFO com.clover.message.consumer.CloverMessageReceiver [org.springframework.kafka.KafkaListenerEndpointContainer#0-0-C-1] Listener : [com.clover.message.model.Product@6d090c8a]
2021-05-29 23:28:00,039 INFO com.clover.message.main.App [main] Starting App using Java 1.8.0_291 on DESKTOP-1SBRRM8 with PID 15944 (D:\Projects\Clover\MessageQueueService\target\classes started by Priyash in D:\Projects\Clover\MessageQueueService)
2021-05-29 23:28:00,041 DEBUG com.clover.message.main.App [main] Running with Spring Boot v2.4.2, Spring v5.3.3
2021-05-29 23:28:00,041 INFO com.clover.message.main.App [main] No active profile set, falling back to default profiles: default
2021-05-29 23:28:12,578 INFO com.clover.message.main.App [main] Starting App using Java 1.8.0_291 on DESKTOP-1SBRRM8 with PID 15288 (D:\Projects\Clover\MessageQueueService\target\classes started by Priyash in D:\Projects\Clover\MessageQueueService)
2021-05-29 23:28:12,579 DEBUG com.clover.message.main.App [main] Running with Spring Boot v2.4.2, Spring v5.3.3
2021-05-29 23:28:12,580 INFO com.clover.message.main.App [main] No active profile set, falling back to default profiles: default
2021-05-29 23:28:14,763 INFO com.clover.message.main.App [main] Started App in 2.563 seconds (JVM running for 3.081)
2021-05-29 23:31:54,631 INFO com.clover.message.main.App [main] Starting App using Java 1.8.0_291 on DESKTOP-1SBRRM8 with PID 11920 (D:\Projects\Clover\MessageQueueService\target\classes started by Priyash in D:\Projects\Clover\MessageQueueService)
2021-05-29 23:31:54,633 DEBUG com.clover.message.main.App [main] Running with Spring Boot v2.4.2, Spring v5.3.3
2021-05-29 23:31:54,634 INFO com.clover.message.main.App [main] No active profile set, falling back to default profiles: default
2021-05-29 23:36:29,077 INFO com.clover.message.main.App [main] Starting App using Java 1.8.0_291 on DESKTOP-1SBRRM8 with PID 12652 (D:\Projects\Clover\MessageQueueService\target\classes started by Priyash in D:\Projects\Clover\MessageQueueService)
2021-05-29 23:36:29,079 DEBUG com.clover.message.main.App [main] Running with Spring Boot v2.4.2, Spring v5.3.3
2021-05-29 23:36:29,080 INFO com.clover.message.main.App [main] No active profile set, falling back to default profiles: default
2021-05-29 23:36:31,264 INFO com.clover.message.main.App [main] Started App in 2.56 seconds (JVM running for 3.087)
2021-05-29 23:36:39,720 INFO com.clover.message.producer.CloverMessageSender [http-nio-8080-exec-1] Sending : com.clover.message.model.Product@30689685
2021-05-29 23:36:39,720 INFO com.clover.message.producer.CloverMessageSender [http-nio-8080-exec-1] ---------------------------------
2021-05-29 23:36:39,797 INFO com.clover.message.producer.CloverMessageSender [kafka-producer-network-thread | producer-1] Success Callback: [com.clover.message.model.Product@30689685] delivered with offset -0
2021-05-29 23:36:39,819 INFO com.clover.message.consumer.CloverMessageReceiver [org.springframework.kafka.KafkaListenerEndpointContainer#0-0-C-1] Listener : [com.clover.message.model.Product@74b02b5d]
2021-05-29 23:36:46,944 INFO com.clover.message.producer.CloverMessageSender [http-nio-8080-exec-3] Sending : com.clover.message.model.Product@2b2ca597
2021-05-29 23:36:46,945 INFO com.clover.message.producer.CloverMessageSender [http-nio-8080-exec-3] ---------------------------------
2021-05-29 23:36:46,949 INFO com.clover.message.producer.CloverMessageSender [kafka-producer-network-thread | producer-1] Success Callback: [com.clover.message.model.Product@2b2ca597] delivered with offset -1
2021-05-29 23:36:46,951 INFO com.clover.message.consumer.CloverMessageReceiver [org.springframework.kafka.KafkaListenerEndpointContainer#0-0-C-1] Listener : [com.clover.message.model.Product@48f3bfd9]
2021-05-29 23:36:50,752 INFO com.clover.message.producer.CloverMessageSender [http-nio-8080-exec-4] Sending : com.clover.message.model.Product@bd6e223
2021-05-29 23:36:50,752 INFO com.clover.message.producer.CloverMessageSender [http-nio-8080-exec-4] ---------------------------------
2021-05-29 23:36:50,755 INFO com.clover.message.producer.CloverMessageSender [kafka-producer-network-thread | producer-1] Success Callback: [com.clover.message.model.Product@bd6e223] delivered with offset -1
2021-05-29 23:36:50,756 INFO com.clover.message.consumer.CloverMessageReceiver [org.springframework.kafka.KafkaListenerEndpointContainer#0-0-C-1] Listener : [com.clover.message.model.Product@1422cb17]
2021-05-29 23:36:55,178 INFO com.clover.message.producer.CloverMessageSender [http-nio-8080-exec-5] Sending : com.clover.message.model.Product@7e83a5dc
2021-05-29 23:36:55,178 INFO com.clover.message.producer.CloverMessageSender [http-nio-8080-exec-5] ---------------------------------
2021-05-29 23:36:55,181 INFO com.clover.message.producer.CloverMessageSender [kafka-producer-network-thread | producer-1] Success Callback: [com.clover.message.model.Product@7e83a5dc] delivered with offset -2
2021-05-29 23:36:55,183 INFO com.clover.message.consumer.CloverMessageReceiver [org.springframework.kafka.KafkaListenerEndpointContainer#0-0-C-1] Listener : [com.clover.message.model.Product@70ffdd46]
