2021-02-22 22:40:47,884 INFO App [main] Starting App using Java 14.0.2 on DESKTOP-1SBRRM8 with PID 15196 (D:\Projects\Clover\MessageQueue\messagequeueservice\target\classes started by Priyash in D:\Projects\Clover\MessageQueue\messagequeueservice)
2021-02-22 22:40:47,888 DEBUG App [main] Running with Spring Boot v2.4.2, Spring v5.3.3
2021-02-22 22:40:47,889 INFO App [main] No active profile set, falling back to default profiles: default
2021-02-22 22:40:49,752 INFO App [main] Started App in 2.244 seconds (JVM running for 2.675)
2021-02-22 22:41:11,296 INFO CloverMessageSender [http-nio-8080-exec-1] Sending : Product@67c572a2
2021-02-22 22:41:11,297 INFO CloverMessageSender [http-nio-8080-exec-1] ---------------------------------
2021-02-22 22:41:11,355 INFO CloverMessageSender [kafka-producer-network-thread | producer-1] Success Callback: [Product@67c572a2] delivered with offset -1
2021-02-22 22:41:11,360 INFO CloverMessageReceiver [org.springframework.kafka.KafkaListenerEndpointContainer#0-0-C-1] Listener : [Product@2d726832]
2021-02-22 22:44:49,149 INFO App [main] Starting App using Java 14.0.2 on DESKTOP-1SBRRM8 with PID 20832 (D:\Projects\Clover\MessageQueue\messagequeueservice\target\classes started by Priyash in D:\Projects\Clover\MessageQueue\messagequeueservice)
2021-02-22 22:44:49,152 DEBUG App [main] Running with Spring Boot v2.4.2, Spring v5.3.3
2021-02-22 22:44:49,153 INFO App [main] No active profile set, falling back to default profiles: default
2021-02-22 22:44:50,868 INFO App [main] Started App in 2.031 seconds (JVM running for 2.437)
2021-02-22 22:44:54,633 INFO CloverMessageSender [http-nio-8080-exec-2] Sending : Product@1bf95cdd
2021-02-22 22:44:54,634 INFO CloverMessageSender [http-nio-8080-exec-2] ---------------------------------
2021-02-22 22:44:54,699 INFO CloverMessageSender [kafka-producer-network-thread | producer-1] Success Callback: [Product@1bf95cdd] delivered with offset -2
2021-02-22 22:44:54,711 INFO CloverMessageReceiver [org.springframework.kafka.KafkaListenerEndpointContainer#0-0-C-1] Listener : [Product@72a6a7fd]
2021-02-22 22:46:59,630 INFO App [main] Starting App using Java 14.0.2 on DESKTOP-1SBRRM8 with PID 21204 (D:\Projects\Clover\MessageQueue\messagequeueservice\target\classes started by Priyash in D:\Projects\Clover\MessageQueue\messagequeueservice)
2021-02-22 22:46:59,632 DEBUG App [main] Running with Spring Boot v2.4.2, Spring v5.3.3
2021-02-22 22:46:59,632 INFO App [main] No active profile set, falling back to default profiles: default
2021-02-22 22:47:01,362 INFO App [main] Started App in 2.045 seconds (JVM running for 2.445)
2021-02-22 22:49:15,390 INFO App [main] Starting App using Java 14.0.2 on DESKTOP-1SBRRM8 with PID 19264 (D:\Projects\Clover\MessageQueue\messagequeueservice\target\classes started by Priyash in D:\Projects\Clover\MessageQueue\messagequeueservice)
2021-02-22 22:49:15,392 DEBUG App [main] Running with Spring Boot v2.4.2, Spring v5.3.3
2021-02-22 22:49:15,393 INFO App [main] No active profile set, falling back to default profiles: default
2021-02-22 22:49:17,330 INFO App [main] Started App in 2.291 seconds (JVM running for 3.068)
2021-02-22 22:50:20,166 INFO App [main] Starting App using Java 14.0.2 on DESKTOP-1SBRRM8 with PID 15232 (D:\Projects\Clover\MessageQueue\messagequeueservice\target\classes started by Priyash in D:\Projects\Clover\MessageQueue\messagequeueservice)
2021-02-22 22:50:20,168 DEBUG App [main] Running with Spring Boot v2.4.2, Spring v5.3.3
2021-02-22 22:50:20,169 INFO App [main] No active profile set, falling back to default profiles: default
2021-02-22 22:50:22,136 INFO App [main] Started App in 2.342 seconds (JVM running for 2.974)
2021-02-22 22:50:39,961 INFO CloverMessageReceiver [http-nio-8080-exec-2] Listener : [Product@1591be4b]
2021-02-22 22:51:51,688 INFO CloverMessageSender [http-nio-8080-exec-3] Sending : Product@2b923949
2021-02-22 22:51:51,688 INFO CloverMessageSender [http-nio-8080-exec-3] ---------------------------------
2021-02-22 22:51:58,178 INFO CloverMessageSender [kafka-producer-network-thread | producer-1] Success Callback: [Product@2b923949] delivered with offset -3
2021-02-22 22:53:16,628 INFO CloverMessageReceiver [org.springframework.kafka.KafkaListenerEndpointContainer#0-0-C-1] Listener : [Product@a192e8]
2021-02-22 22:53:34,977 INFO CloverMessageReceiver [org.springframework.kafka.KafkaListenerEndpointContainer#0-0-C-1] Listener : [Product@7a2d7d4a]
2021-02-22 22:53:48,524 INFO App [main] Starting App using Java 14.0.2 on DESKTOP-1SBRRM8 with PID 21072 (D:\Projects\Clover\MessageQueue\messagequeueservice\target\classes started by Priyash in D:\Projects\Clover\MessageQueue\messagequeueservice)
2021-02-22 22:53:48,526 DEBUG App [main] Running with Spring Boot v2.4.2, Spring v5.3.3
2021-02-22 22:53:48,527 INFO App [main] No active profile set, falling back to default profiles: default
2021-02-22 22:53:50,319 INFO App [main] Started App in 2.129 seconds (JVM running for 2.558)
2021-02-22 22:54:19,532 INFO CloverMessageReceiver [http-nio-8080-exec-1] Listener : [Product@31fe4977]
2021-02-22 22:54:22,596 INFO CloverMessageSender [http-nio-8080-exec-3] Sending : Product@63f7e33d
2021-02-22 22:54:22,596 INFO CloverMessageSender [http-nio-8080-exec-3] ---------------------------------
2021-02-22 22:54:22,642 INFO CloverMessageSender [kafka-producer-network-thread | producer-1] Success Callback: [Product@63f7e33d] delivered with offset -4
2021-02-22 22:54:22,647 INFO CloverMessageReceiver [org.springframework.kafka.KafkaListenerEndpointContainer#0-0-C-1] Listener : [Product@7d5a6efc]
2021-02-22 22:54:24,981 INFO CloverMessageReceiver [http-nio-8080-exec-4] Listener : [Product@7f17e08f]
2021-02-22 22:54:28,244 INFO CloverMessageReceiver [http-nio-8080-exec-5] Listener : [Product@93cfc9f]
2021-02-22 22:54:33,098 INFO CloverMessageReceiver [http-nio-8080-exec-6] Listener : [Product@385184b9]
2021-02-22 22:54:33,721 INFO CloverMessageReceiver [http-nio-8080-exec-7] Listener : [Product@f947361]
2021-02-22 22:54:34,148 INFO CloverMessageReceiver [http-nio-8080-exec-8] Listener : [Product@6e2d7ddb]
2021-02-22 22:54:39,987 INFO CloverMessageReceiver [http-nio-8080-exec-9] Listener : [Product@280e268c]
2021-02-22 22:54:52,641 INFO App [main] Starting App using Java 14.0.2 on DESKTOP-1SBRRM8 with PID 17808 (D:\Projects\Clover\MessageQueue\messagequeueservice\target\classes started by Priyash in D:\Projects\Clover\MessageQueue\messagequeueservice)
2021-02-22 22:54:52,643 DEBUG App [main] Running with Spring Boot v2.4.2, Spring v5.3.3
2021-02-22 22:54:52,644 INFO App [main] No active profile set, falling back to default profiles: default
2021-02-22 22:54:54,317 INFO App [main] Started App in 1.991 seconds (JVM running for 2.401)
2021-02-22 22:55:03,134 INFO CloverMessageReceiver [http-nio-8080-exec-2] Listener : [Product@645d464a]
2021-02-22 22:55:11,568 INFO CloverMessageReceiver [http-nio-8080-exec-3] Listener : [Product@4246a032]
2021-02-22 22:55:49,958 INFO App [main] Starting App using Java 14.0.2 on DESKTOP-1SBRRM8 with PID 3784 (D:\Projects\Clover\MessageQueue\messagequeueservice\target\classes started by Priyash in D:\Projects\Clover\MessageQueue\messagequeueservice)
2021-02-22 22:55:49,960 DEBUG App [main] Running with Spring Boot v2.4.2, Spring v5.3.3
2021-02-22 22:55:49,961 INFO App [main] No active profile set, falling back to default profiles: default
2021-02-22 22:55:51,748 INFO App [main] Started App in 2.138 seconds (JVM running for 2.555)
2021-02-22 22:55:57,725 INFO CloverMessageSender [http-nio-8080-exec-1] Sending : Product@49f7c8d9
2021-02-22 22:55:57,726 INFO CloverMessageSender [http-nio-8080-exec-1] ---------------------------------
2021-02-22 22:55:57,789 INFO CloverMessageSender [kafka-producer-network-thread | producer-1] Success Callback: [Product@49f7c8d9] delivered with offset -5
2021-02-22 22:55:57,799 INFO CloverMessageReceiver [org.springframework.kafka.KafkaListenerEndpointContainer#0-0-C-1] Listener : [Product@3eb199d1]
2021-02-22 22:56:01,536 INFO CloverMessageReceiver [http-nio-8080-exec-3] Listener : [Product@6730713d]
2021-02-22 22:56:07,254 INFO CloverMessageReceiver [http-nio-8080-exec-4] Listener : [Product@93cfc9f]
2021-02-22 22:57:30,118 INFO App [main] Starting App using Java 14.0.2 on DESKTOP-1SBRRM8 with PID 10380 (D:\Projects\Clover\MessageQueue\messagequeueservice\target\classes started by Priyash in D:\Projects\Clover\MessageQueue\messagequeueservice)
2021-02-22 22:57:30,122 DEBUG App [main] Running with Spring Boot v2.4.2, Spring v5.3.3
2021-02-22 22:57:30,122 INFO App [main] No active profile set, falling back to default profiles: default
2021-02-22 22:57:31,902 INFO App [main] Started App in 2.145 seconds (JVM running for 2.559)
2021-02-22 22:57:34,186 INFO CloverMessageSender [http-nio-8080-exec-2] Sending : Product@3b0e8987
2021-02-22 22:57:34,187 INFO CloverMessageSender [http-nio-8080-exec-2] ---------------------------------
2021-02-22 22:57:34,259 INFO CloverMessageSender [kafka-producer-network-thread | producer-1] Success Callback: [Product@3b0e8987] delivered with offset -6
2021-02-22 22:57:35,071 INFO CloverMessageReceiver [org.springframework.kafka.KafkaListenerEndpointContainer#0-0-C-1] Listener : [Product@314a1708]
2021-02-22 22:58:40,009 INFO App [main] Starting App using Java 14.0.2 on DESKTOP-1SBRRM8 with PID 7960 (D:\Projects\Clover\MessageQueue\messagequeueservice\target\classes started by Priyash in D:\Projects\Clover\MessageQueue\messagequeueservice)
2021-02-22 22:58:40,011 DEBUG App [main] Running with Spring Boot v2.4.2, Spring v5.3.3
2021-02-22 22:58:40,012 INFO App [main] No active profile set, falling back to default profiles: default
2021-02-22 22:58:41,710 INFO App [main] Started App in 2.019 seconds (JVM running for 2.429)
2021-02-22 23:01:11,403 INFO CloverMessageSender [http-nio-8080-exec-4] Sending : Product@2d622879
2021-02-22 23:01:11,404 INFO CloverMessageSender [http-nio-8080-exec-4] ---------------------------------
2021-02-22 23:01:11,455 INFO CloverMessageSender [kafka-producer-network-thread | producer-1] Success Callback: [Product@2d622879] delivered with offset -7
2021-02-22 23:01:11,460 INFO CloverMessageReceiver [org.springframework.kafka.KafkaListenerEndpointContainer#0-0-C-1] Listener : [Product@5c595240]
2021-02-22 23:01:25,252 INFO CloverMessageSender [http-nio-8080-exec-6] Sending : Product@3110744d
2021-02-22 23:01:25,252 INFO CloverMessageSender [http-nio-8080-exec-6] ---------------------------------
2021-02-22 23:01:25,254 INFO CloverMessageSender [kafka-producer-network-thread | producer-1] Success Callback: [Product@3110744d] delivered with offset -8
2021-02-22 23:01:25,256 INFO CloverMessageReceiver [org.springframework.kafka.KafkaListenerEndpointContainer#0-0-C-1] Listener : [Product@97c2eca]
2021-02-22 23:02:24,217 INFO App [main] Starting App using Java 14.0.2 on DESKTOP-1SBRRM8 with PID 21080 (D:\Projects\Clover\MessageQueue\messagequeueservice\target\classes started by Priyash in D:\Projects\Clover\MessageQueue\messagequeueservice)
2021-02-22 23:02:24,220 DEBUG App [main] Running with Spring Boot v2.4.2, Spring v5.3.3
2021-02-22 23:02:24,221 INFO App [main] No active profile set, falling back to default profiles: default
2021-02-22 23:02:25,986 INFO App [main] Started App in 2.08 seconds (JVM running for 2.491)
2021-02-22 23:05:29,865 INFO App [main] Starting App using Java 14.0.2 on DESKTOP-1SBRRM8 with PID 7812 (D:\Projects\Clover\MessageQueue\messagequeueservice\target\classes started by Priyash in D:\Projects\Clover\MessageQueue\messagequeueservice)
2021-02-22 23:05:29,868 DEBUG App [main] Running with Spring Boot v2.4.2, Spring v5.3.3
2021-02-22 23:05:29,868 INFO App [main] No active profile set, falling back to default profiles: default
2021-02-22 23:05:31,585 INFO App [main] Started App in 2.041 seconds (JVM running for 2.447)
2021-02-22 23:05:36,560 INFO CloverMessageSender [http-nio-8080-exec-3] Sending : Product@1aedcbb0
2021-02-22 23:05:36,561 INFO CloverMessageSender [http-nio-8080-exec-3] ---------------------------------
2021-02-22 23:05:36,609 INFO CloverMessageSender [kafka-producer-network-thread | producer-1] Success Callback: [Product@1aedcbb0] delivered with offset -9
2021-02-22 23:05:36,614 INFO CloverMessageReceiver [org.springframework.kafka.KafkaListenerEndpointContainer#0-0-C-1] Listener : [Product@2d726832]
2021-02-22 23:05:52,000 INFO App [main] Starting App using Java 14.0.2 on DESKTOP-1SBRRM8 with PID 4480 (D:\Projects\Clover\MessageQueue\messagequeueservice\target\classes started by Priyash in D:\Projects\Clover\MessageQueue\messagequeueservice)
2021-02-22 23:05:52,002 DEBUG App [main] Running with Spring Boot v2.4.2, Spring v5.3.3
2021-02-22 23:05:52,002 INFO App [main] No active profile set, falling back to default profiles: default
2021-02-22 23:05:53,707 INFO App [main] Started App in 2.022 seconds (JVM running for 2.427)
2021-02-22 23:06:37,826 INFO App [main] Starting App using Java 14.0.2 on DESKTOP-1SBRRM8 with PID 2720 (D:\Projects\Clover\MessageQueue\messagequeueservice\target\classes started by Priyash in D:\Projects\Clover\MessageQueue\messagequeueservice)
2021-02-22 23:06:37,829 DEBUG App [main] Running with Spring Boot v2.4.2, Spring v5.3.3
2021-02-22 23:06:37,830 INFO App [main] No active profile set, falling back to default profiles: default
2021-02-22 23:06:39,585 INFO App [main] Started App in 2.076 seconds (JVM running for 2.479)
2021-02-22 23:06:44,709 INFO CloverMessageSender [http-nio-8080-exec-1] Sending : Product@1c3b1471
2021-02-22 23:06:44,710 INFO CloverMessageSender [http-nio-8080-exec-1] ---------------------------------
2021-02-22 23:06:44,769 INFO CloverMessageSender [kafka-producer-network-thread | producer-1] Success Callback: [Product@1c3b1471] delivered with offset -10
2021-02-22 23:06:44,775 INFO CloverMessageReceiver [org.springframework.kafka.KafkaListenerEndpointContainer#0-0-C-1] Listener : [Product@48618ea7]
2021-02-22 23:06:50,943 INFO App [main] Starting App using Java 14.0.2 on DESKTOP-1SBRRM8 with PID 2792 (D:\Projects\Clover\MessageQueue\messagequeueservice\target\classes started by Priyash in D:\Projects\Clover\MessageQueue\messagequeueservice)
2021-02-22 23:06:50,945 DEBUG App [main] Running with Spring Boot v2.4.2, Spring v5.3.3
2021-02-22 23:06:50,946 INFO App [main] No active profile set, falling back to default profiles: default
2021-02-22 23:06:52,619 INFO App [main] Started App in 2.0 seconds (JVM running for 2.452)
2021-02-22 23:08:52,624 INFO CloverMessageSender [http-nio-8080-exec-6] Sending : Product@3c5e51f1
2021-02-22 23:08:52,625 INFO CloverMessageSender [http-nio-8080-exec-6] ---------------------------------
2021-02-22 23:08:52,677 INFO CloverMessageSender [kafka-producer-network-thread | producer-1] Success Callback: [Product@3c5e51f1] delivered with offset -11
2021-02-22 23:08:52,683 INFO CloverMessageReceiver [org.springframework.kafka.KafkaListenerEndpointContainer#0-0-C-1] Listener : [Product@3eb199d1]
2021-02-22 23:09:25,406 INFO CloverMessageSender [http-nio-8080-exec-8] Sending : Product@3110744d
2021-02-22 23:09:25,406 INFO CloverMessageSender [http-nio-8080-exec-8] ---------------------------------
2021-02-22 23:09:25,408 INFO CloverMessageSender [kafka-producer-network-thread | producer-1] Success Callback: [Product@3110744d] delivered with offset -12
2021-02-22 23:09:25,410 INFO CloverMessageReceiver [org.springframework.kafka.KafkaListenerEndpointContainer#0-0-C-1] Listener : [Product@2c0fedbb]
2021-02-22 23:09:54,207 INFO CloverMessageSender [http-nio-8080-exec-10] Sending : Product@38152bcf
2021-02-22 23:09:54,207 INFO CloverMessageSender [http-nio-8080-exec-10] ---------------------------------
2021-02-22 23:09:54,209 INFO CloverMessageSender [kafka-producer-network-thread | producer-1] Success Callback: [Product@38152bcf] delivered with offset -13
2021-02-22 23:09:54,210 INFO CloverMessageReceiver [org.springframework.kafka.KafkaListenerEndpointContainer#0-0-C-1] Listener : [Product@5b75819c]
2021-02-22 23:10:01,662 INFO App [main] Starting App using Java 14.0.2 on DESKTOP-1SBRRM8 with PID 21212 (D:\Projects\Clover\MessageQueue\messagequeueservice\target\classes started by Priyash in D:\Projects\Clover\MessageQueue\messagequeueservice)
2021-02-22 23:10:01,665 DEBUG App [main] Running with Spring Boot v2.4.2, Spring v5.3.3
2021-02-22 23:10:01,666 INFO App [main] No active profile set, falling back to default profiles: default
2021-02-22 23:10:03,419 INFO App [main] Started App in 2.068 seconds (JVM running for 2.475)
2021-02-22 23:18:13,299 INFO CloverMessageSender [http-nio-8080-exec-8] Sending : Product@3c5e51f1
2021-02-22 23:18:13,300 INFO CloverMessageSender [http-nio-8080-exec-8] ---------------------------------
2021-02-22 23:18:13,356 INFO CloverMessageSender [kafka-producer-network-thread | producer-1] Success Callback: [Product@3c5e51f1] delivered with offset -14
2021-02-22 23:18:13,363 INFO CloverMessageReceiver [org.springframework.kafka.KafkaListenerEndpointContainer#0-0-C-1] Listener : [Product@56ce6841]
2021-02-22 23:18:14,016 INFO CloverMessageSender [http-nio-8080-exec-7] Sending : Product@f947361
2021-02-22 23:18:14,016 INFO CloverMessageSender [http-nio-8080-exec-7] ---------------------------------
2021-02-22 23:18:14,018 INFO CloverMessageSender [kafka-producer-network-thread | producer-1] Success Callback: [Product@f947361] delivered with offset -15
2021-02-22 23:18:14,020 INFO CloverMessageReceiver [org.springframework.kafka.KafkaListenerEndpointContainer#0-0-C-1] Listener : [Product@1df51663]
2021-05-22 18:42:21,143 INFO App [main] Starting App using Java 1.8.0_291 on DESKTOP-1SBRRM8 with PID 9392 (D:\Projects\Clover\MessageQueueService\MessageQueueService\target\classes started by Priyash in D:\Projects\Clover\MessageQueueService\MessageQueueService)
2021-05-22 18:42:21,145 DEBUG App [main] Running with Spring Boot v2.4.2, Spring v5.3.3
2021-05-22 18:42:21,145 INFO App [main] No active profile set, falling back to default profiles: default
2021-05-22 18:42:23,537 INFO App [main] Started App in 2.778 seconds (JVM running for 3.328)
2021-05-22 18:45:03,341 INFO CloverMessageSender [http-nio-8080-exec-6] Sending : Product@72394bda
2021-05-22 18:45:03,341 INFO CloverMessageSender [http-nio-8080-exec-6] ---------------------------------
2021-05-22 18:45:03,414 INFO CloverMessageSender [kafka-producer-network-thread | producer-1] Success Callback: [Product@72394bda] delivered with offset -0
2021-05-22 18:45:03,423 INFO CloverMessageReceiver [org.springframework.kafka.KafkaListenerEndpointContainer#0-0-C-1] Listener : [Product@2119a6b2]
2021-05-22 18:45:12,110 INFO CloverMessageSender [http-nio-8080-exec-7] Sending : Product@6fcd626e
2021-05-22 18:45:12,110 INFO CloverMessageSender [http-nio-8080-exec-7] ---------------------------------
2021-05-22 18:45:12,113 INFO CloverMessageSender [kafka-producer-network-thread | producer-1] Success Callback: [Product@6fcd626e] delivered with offset -1
2021-05-22 18:45:12,114 INFO CloverMessageReceiver [org.springframework.kafka.KafkaListenerEndpointContainer#0-0-C-1] Listener : [Product@7224d493]
