2021-07-20 22:43:57,837 INFO [1322] [main] c.c.d.m.App [StartupInfoLogger.java:55] Starting App using Java 1.8.0_291 on DESKTOP-1SBRRM8 with PID 23628 (D:\Projects\Clover\DataSourceService\target\classes started by Priyash in D:\Projects\Clover\DataSourceService)
2021-07-20 22:43:57,846 DEBUG [1331] [main] c.c.d.m.App [StartupInfoLogger.java:56] Running with Spring Boot v2.4.2, Spring v5.3.3
2021-07-20 22:43:57,847 INFO [1332] [main] c.c.d.m.App [SpringApplication.java:660] No active profile set, falling back to default profiles: default
2021-07-20 22:44:01,874 INFO [5359] [main] c.c.d.m.App [StartupInfoLogger.java:61] Started App in 4.953 seconds (JVM running for 5.636)
2021-07-20 22:46:51,561 INFO [660 ] [main] c.c.d.m.App [StartupInfoLogger.java:55] Starting App using Java 1.8.0_291 on DESKTOP-1SBRRM8 with PID 22792 (D:\Projects\Clover\DataSourceService\target\classes started by Priyash in D:\Projects\Clover\DataSourceService)
2021-07-20 22:46:51,564 DEBUG [663 ] [main] c.c.d.m.App [StartupInfoLogger.java:56] Running with Spring Boot v2.4.2, Spring v5.3.3
2021-07-20 22:46:51,564 INFO [663 ] [main] c.c.d.m.App [SpringApplication.java:660] No active profile set, falling back to default profiles: default
2021-07-20 22:46:54,422 INFO [3521] [main] c.c.d.m.App [StartupInfoLogger.java:61] Started App in 3.214 seconds (JVM running for 3.701)
2021-07-20 22:50:39,431 INFO [228530] [http-nio-8096-exec-1] c.c.d.u.SequenceGenerator [SequenceGenerator.java:112] Generated new sequence id: 867093664471867392
2021-07-20 22:50:39,440 ERROR [228539] [http-nio-8096-exec-1] c.c.d.u.TimestampGenerator [TimestampGenerator.java:23] generated timestamp: 2021-07-20T17:20:39+0000
2021-07-20 22:50:39,440 ERROR [228539] [http-nio-8096-exec-1] c.c.d.u.TimestampGenerator [TimestampGenerator.java:23] generated timestamp: 2021-07-20T17:20:39+0000
2021-07-20 22:50:39,440 INFO [228539] [http-nio-8096-exec-1] c.c.d.u.SequenceGenerator [SequenceGenerator.java:112] Generated new sequence id: 867093664509616128
2021-07-20 22:50:39,441 ERROR [228540] [http-nio-8096-exec-1] c.c.d.u.TimestampGenerator [TimestampGenerator.java:23] generated timestamp: 2021-07-20T17:20:39+0000
2021-07-20 22:50:39,441 ERROR [228540] [http-nio-8096-exec-1] c.c.d.u.TimestampGenerator [TimestampGenerator.java:23] generated timestamp: 2021-07-20T17:20:39+0000
2021-07-20 22:50:39,441 INFO [228540] [http-nio-8096-exec-1] c.c.d.u.SequenceGenerator [SequenceGenerator.java:112] Generated new sequence id: 867093664513810432
2021-07-20 22:50:39,442 ERROR [228541] [http-nio-8096-exec-1] c.c.d.u.TimestampGenerator [TimestampGenerator.java:23] generated timestamp: 2021-07-20T17:20:39+0000
2021-07-20 22:50:39,442 ERROR [228541] [http-nio-8096-exec-1] c.c.d.u.TimestampGenerator [TimestampGenerator.java:23] generated timestamp: 2021-07-20T17:20:39+0000
2021-07-20 22:50:39,442 INFO [228541] [http-nio-8096-exec-1] c.c.d.u.SequenceGenerator [SequenceGenerator.java:112] Generated new sequence id: 867093664518004736
2021-07-20 22:50:39,443 ERROR [228542] [http-nio-8096-exec-1] c.c.d.u.TimestampGenerator [TimestampGenerator.java:23] generated timestamp: 2021-07-20T17:20:39+0000
2021-07-20 22:50:39,443 ERROR [228542] [http-nio-8096-exec-1] c.c.d.u.TimestampGenerator [TimestampGenerator.java:23] generated timestamp: 2021-07-20T17:20:39+0000
2021-07-20 22:50:39,443 INFO [228542] [http-nio-8096-exec-1] c.c.d.u.SequenceGenerator [SequenceGenerator.java:112] Generated new sequence id: 867093664522199040
2021-07-20 22:50:39,448 ERROR [228547] [http-nio-8096-exec-1] c.c.d.u.TimestampGenerator [TimestampGenerator.java:23] generated timestamp: 2021-07-20T17:20:39+0000
2021-07-20 22:50:39,449 ERROR [228548] [http-nio-8096-exec-1] c.c.d.u.TimestampGenerator [TimestampGenerator.java:23] generated timestamp: 2021-07-20T17:20:39+0000
2021-07-20 22:50:39,457 INFO [228556] [http-nio-8096-exec-1] c.c.d.u.SequenceGenerator [SequenceGenerator.java:112] Generated new sequence id: 867093664580919296
2021-07-20 22:50:39,458 ERROR [228557] [http-nio-8096-exec-1] c.c.d.u.TimestampGenerator [TimestampGenerator.java:23] generated timestamp: 2021-07-20T17:20:39+0000
2021-07-20 22:50:39,459 ERROR [228558] [http-nio-8096-exec-1] c.c.d.u.TimestampGenerator [TimestampGenerator.java:23] generated timestamp: 2021-07-20T17:20:39+0000
2021-07-20 22:50:39,459 INFO [228558] [http-nio-8096-exec-1] c.c.d.u.SequenceGenerator [SequenceGenerator.java:112] Generated new sequence id: 867093664589307904
2021-07-20 22:52:09,371 INFO [318470] [http-nio-8096-exec-5] c.c.d.r.ProductDaoImpl [ProductDaoImpl.java:51] Fetched active products count: 1
2021-07-20 22:52:09,385 INFO [318484] [http-nio-8096-exec-5] c.c.d.r.ProductDaoImpl [ProductDaoImpl.java:61] Updated records acknowledged: true
2021-07-20 22:52:09,386 INFO [318485] [http-nio-8096-exec-5] c.c.d.r.ProductDaoImpl [ProductDaoImpl.java:62] Updated record id: 867093664471867392
2021-07-20 22:52:09,395 INFO [318494] [Async-Clover-1] c.c.d.u.CloverHttpClientUtil [CloverHttpClientUtil.java:41] Post http client call of URI: http://localhost:8080/publish, payload: Product(id=867093664471867392, title=FabHomeDecor Fabric Double Sofa Bed, description=FabHomeDecor Fabric Double Sofa Bed (Finish Color - Leatherette Black Mechanism Type - Pull Out) Price: Rs. 22,646, created_at=2021-07-20T17:20:39+0000, updated_at=2021-07-20T17:20:39+0000, vendor=FabHomeDecor, status=ACTIVE, options=[ProductOption(id=867093664589307904, product_id=867093664471867392, name=default option title, values=[default values])], variants=[ProductVariant(title=default_title, id=867093664580919296, product_id=867093664471867392, sku=null, created_at=2021-07-20T17:20:39+0000, updated_at=2021-07-20T17:20:39+0000, price=0.0, option1=null, option2=null, option3=null)], images=[ProductImage(id=867093664509616128, position=1, product_id=867093664471867392, variant_id=null, created_at=2021-07-20T17:20:39+0000, updated_at=2021-07-20T17:20:39+0000, src=http://img6a.flixcart.com/image/sofa-bed/j/f/y/fhd112-double-foam-fabhomedecor-leatherette-black-leatherette-1100x1100-imaeh3gemjjcg9ta.jpeg), ProductImage(id=867093664513810432, position=2, product_id=867093664471867392, variant_id=null, created_at=2021-07-20T17:20:39+0000, updated_at=2021-07-20T17:20:39+0000, src=http://img6a.flixcart.com/image/sofa-bed/j/f/y/fhd112-double-foam-fabhomedecor-leatherette-black-leatherette-original-imaeh3gemjjcg9ta.jpeg), ProductImage(id=867093664518004736, position=3, product_id=867093664471867392, variant_id=null, created_at=2021-07-20T17:20:39+0000, updated_at=2021-07-20T17:20:39+0000, src=http://img6a.flixcart.com/image/sofa-bed/j/f/y/fhd112-double-foam-fabhomedecor-leatherette-black-leatherette-original-imaeh3genfxkqvuv.jpeg), ProductImage(id=867093664522199040, position=4, product_id=867093664471867392, variant_id=null, created_at=2021-07-20T17:20:39+0000, updated_at=2021-07-20T17:20:39+0000, src=http://img5a.flixcart.com/image/sofa-bed/j/f/y/fhd112-double-foam-fabhomedecor-leatherette-black-leatherette-original-imaeh3ge2sfeczef.jpeg)])
2021-07-20 22:52:09,571 INFO [318670] [Async-Clover-1] c.c.d.u.CloverHttpClientUtil [CloverHttpClientUtil.java:58] Post http client call response status: 200, entity: {]
2021-07-20 22:56:42,417 INFO [591516] [http-nio-8096-exec-8] c.c.d.r.ProductDaoImpl [ProductDaoImpl.java:51] Fetched active products count: 0
2021-07-20 23:01:56,850 INFO [674 ] [main] c.c.d.m.App [StartupInfoLogger.java:55] Starting App using Java 1.8.0_291 on DESKTOP-1SBRRM8 with PID 19084 (D:\Projects\Clover\DataSourceService\target\classes started by Priyash in D:\Projects\Clover\DataSourceService)
2021-07-20 23:01:56,852 DEBUG [676 ] [main] c.c.d.m.App [StartupInfoLogger.java:56] Running with Spring Boot v2.4.2, Spring v5.3.3
2021-07-20 23:01:56,853 INFO [677 ] [main] c.c.d.m.App [SpringApplication.java:660] No active profile set, falling back to default profiles: default
2021-07-20 23:01:59,767 INFO [3591] [main] c.c.d.m.App [StartupInfoLogger.java:61] Started App in 3.291 seconds (JVM running for 3.774)
2021-07-20 23:02:13,229 INFO [17053] [http-nio-8096-exec-2] c.c.d.r.ProductDaoImpl [ProductDaoImpl.java:51] Fetched active products count: 1
2021-07-20 23:02:13,253 INFO [17077] [http-nio-8096-exec-2] c.c.d.r.ProductDaoImpl [ProductDaoImpl.java:61] Updated records acknowledged: true
2021-07-20 23:02:13,254 INFO [17078] [http-nio-8096-exec-2] c.c.d.r.ProductDaoImpl [ProductDaoImpl.java:62] Updated record id: 867093664471867392
2021-07-20 23:03:56,759 INFO [120583] [http-nio-8096-exec-5] c.c.d.r.ProductDaoImpl [ProductDaoImpl.java:51] Fetched active products count: 0
2021-07-20 23:05:16,529 INFO [746 ] [main] c.c.d.m.App [StartupInfoLogger.java:55] Starting App using Java 1.8.0_291 on DESKTOP-1SBRRM8 with PID 22056 (D:\Projects\Clover\DataSourceService\target\classes started by Priyash in D:\Projects\Clover\DataSourceService)
2021-07-20 23:05:16,532 DEBUG [749 ] [main] c.c.d.m.App [StartupInfoLogger.java:56] Running with Spring Boot v2.4.2, Spring v5.3.3
2021-07-20 23:05:16,532 INFO [749 ] [main] c.c.d.m.App [SpringApplication.java:660] No active profile set, falling back to default profiles: default
2021-07-20 23:05:19,460 INFO [3677] [main] c.c.d.m.App [StartupInfoLogger.java:61] Started App in 3.341 seconds (JVM running for 3.859)
2021-07-20 23:05:22,077 INFO [6294] [http-nio-8096-exec-1] c.c.d.r.ProductDaoImpl [ProductDaoImpl.java:51] Fetched active products count: 1
2021-07-20 23:05:22,112 INFO [6329] [http-nio-8096-exec-1] c.c.d.r.ProductDaoImpl [ProductDaoImpl.java:61] Updated records acknowledged: true
2021-07-20 23:05:22,113 INFO [6330] [http-nio-8096-exec-1] c.c.d.r.ProductDaoImpl [ProductDaoImpl.java:62] Updated record id: 867093664471867392
2021-07-20 23:05:22,127 INFO [6344] [Async-Clover-1] c.c.d.u.CloverHttpClientUtil [CloverHttpClientUtil.java:41] Post http client call of URI: http://localhost:8080/publish, payload: Product(id=867093664471867392, title=FabHomeDecor Fabric Double Sofa Bed, description=FabHomeDecor Fabric Double Sofa Bed (Finish Color - Leatherette Black Mechanism Type - Pull Out) Price: Rs. 22,646, created_at=2021-07-20T17:20:39+0000, updated_at=2021-07-20T17:20:39+0000, vendor=FabHomeDecor, status=ACTIVE, options=[ProductOption(id=867093664589307904, product_id=867093664471867392, name=default option title, values=[default values])], variants=[ProductVariant(title=default_title, id=867093664580919296, product_id=867093664471867392, sku=null, created_at=2021-07-20T17:20:39+0000, updated_at=2021-07-20T17:20:39+0000, price=0.0, option1=null, option2=null, option3=null)], images=[ProductImage(id=867093664509616128, position=1, product_id=867093664471867392, variant_id=null, created_at=2021-07-20T17:20:39+0000, updated_at=2021-07-20T17:20:39+0000, src=http://img6a.flixcart.com/image/sofa-bed/j/f/y/fhd112-double-foam-fabhomedecor-leatherette-black-leatherette-1100x1100-imaeh3gemjjcg9ta.jpeg), ProductImage(id=867093664513810432, position=2, product_id=867093664471867392, variant_id=null, created_at=2021-07-20T17:20:39+0000, updated_at=2021-07-20T17:20:39+0000, src=http://img6a.flixcart.com/image/sofa-bed/j/f/y/fhd112-double-foam-fabhomedecor-leatherette-black-leatherette-original-imaeh3gemjjcg9ta.jpeg), ProductImage(id=867093664518004736, position=3, product_id=867093664471867392, variant_id=null, created_at=2021-07-20T17:20:39+0000, updated_at=2021-07-20T17:20:39+0000, src=http://img6a.flixcart.com/image/sofa-bed/j/f/y/fhd112-double-foam-fabhomedecor-leatherette-black-leatherette-original-imaeh3genfxkqvuv.jpeg), ProductImage(id=867093664522199040, position=4, product_id=867093664471867392, variant_id=null, created_at=2021-07-20T17:20:39+0000, updated_at=2021-07-20T17:20:39+0000, src=http://img5a.flixcart.com/image/sofa-bed/j/f/y/fhd112-double-foam-fabhomedecor-leatherette-black-leatherette-original-imaeh3ge2sfeczef.jpeg)])
2021-07-20 23:05:22,224 INFO [6441] [Async-Clover-1] c.c.d.u.CloverHttpClientUtil [CloverHttpClientUtil.java:58] Post http client call response status: 200, entity: {]
2021-07-20 23:06:28,910 INFO [73127] [http-nio-8096-exec-5] c.c.d.u.SequenceGenerator [SequenceGenerator.java:112] Generated new sequence id: 867097646875435008
2021-07-20 23:06:28,913 ERROR [73130] [http-nio-8096-exec-5] c.c.d.u.TimestampGenerator [TimestampGenerator.java:23] generated timestamp: 2021-07-20T17:36:28+0000
2021-07-20 23:06:28,913 ERROR [73130] [http-nio-8096-exec-5] c.c.d.u.TimestampGenerator [TimestampGenerator.java:23] generated timestamp: 2021-07-20T17:36:28+0000
2021-07-20 23:06:28,914 INFO [73131] [http-nio-8096-exec-5] c.c.d.u.SequenceGenerator [SequenceGenerator.java:112] Generated new sequence id: 867097646892212224
2021-07-20 23:06:28,914 ERROR [73131] [http-nio-8096-exec-5] c.c.d.u.TimestampGenerator [TimestampGenerator.java:23] generated timestamp: 2021-07-20T17:36:28+0000
2021-07-20 23:06:28,914 ERROR [73131] [http-nio-8096-exec-5] c.c.d.u.TimestampGenerator [TimestampGenerator.java:23] generated timestamp: 2021-07-20T17:36:28+0000
2021-07-20 23:06:28,914 INFO [73131] [http-nio-8096-exec-5] c.c.d.u.SequenceGenerator [SequenceGenerator.java:112] Generated new sequence id: 867097646892212225
2021-07-20 23:06:28,914 ERROR [73131] [http-nio-8096-exec-5] c.c.d.u.TimestampGenerator [TimestampGenerator.java:23] generated timestamp: 2021-07-20T17:36:28+0000
2021-07-20 23:06:28,915 ERROR [73132] [http-nio-8096-exec-5] c.c.d.u.TimestampGenerator [TimestampGenerator.java:23] generated timestamp: 2021-07-20T17:36:28+0000
2021-07-20 23:06:28,915 INFO [73132] [http-nio-8096-exec-5] c.c.d.u.SequenceGenerator [SequenceGenerator.java:112] Generated new sequence id: 867097646896406528
2021-07-20 23:06:28,915 ERROR [73132] [http-nio-8096-exec-5] c.c.d.u.TimestampGenerator [TimestampGenerator.java:23] generated timestamp: 2021-07-20T17:36:28+0000
2021-07-20 23:06:28,915 ERROR [73132] [http-nio-8096-exec-5] c.c.d.u.TimestampGenerator [TimestampGenerator.java:23] generated timestamp: 2021-07-20T17:36:28+0000
2021-07-20 23:06:28,916 INFO [73133] [http-nio-8096-exec-5] c.c.d.u.SequenceGenerator [SequenceGenerator.java:112] Generated new sequence id: 867097646900600832
2021-07-20 23:06:28,916 ERROR [73133] [http-nio-8096-exec-5] c.c.d.u.TimestampGenerator [TimestampGenerator.java:23] generated timestamp: 2021-07-20T17:36:28+0000
2021-07-20 23:06:28,917 ERROR [73134] [http-nio-8096-exec-5] c.c.d.u.TimestampGenerator [TimestampGenerator.java:23] generated timestamp: 2021-07-20T17:36:28+0000
2021-07-20 23:06:28,917 INFO [73134] [http-nio-8096-exec-5] c.c.d.u.SequenceGenerator [SequenceGenerator.java:112] Generated new sequence id: 867097646904795136
2021-07-20 23:06:28,917 ERROR [73134] [http-nio-8096-exec-5] c.c.d.u.TimestampGenerator [TimestampGenerator.java:23] generated timestamp: 2021-07-20T17:36:28+0000
2021-07-20 23:06:28,917 ERROR [73134] [http-nio-8096-exec-5] c.c.d.u.TimestampGenerator [TimestampGenerator.java:23] generated timestamp: 2021-07-20T17:36:28+0000
2021-07-20 23:06:28,918 INFO [73135] [http-nio-8096-exec-5] c.c.d.u.SequenceGenerator [SequenceGenerator.java:112] Generated new sequence id: 867097646908989440
2021-07-20 23:06:44,458 INFO [88675] [http-nio-8096-exec-6] c.c.d.r.ProductDaoImpl [ProductDaoImpl.java:51] Fetched active products count: 1
2021-07-20 23:06:44,460 INFO [88677] [http-nio-8096-exec-6] c.c.d.r.ProductDaoImpl [ProductDaoImpl.java:61] Updated records acknowledged: true
2021-07-20 23:06:44,460 INFO [88677] [http-nio-8096-exec-6] c.c.d.r.ProductDaoImpl [ProductDaoImpl.java:62] Updated record id: 867097646875435008
2021-07-20 23:06:44,461 INFO [88678] [Async-Clover-2] c.c.d.u.CloverHttpClientUtil [CloverHttpClientUtil.java:41] Post http client call of URI: http://localhost:8080/publish, payload: Product(id=867097646875435008, title=Alisha Solid Women's Cycling Shorts, description=Key Features of Alisha Solid Women's Cycling Shorts Cotton Lycra Navy, Red, Navy,Specifications of Alisha Solid Women's Cycling Shorts Shorts Details Number of Contents in Sales Package Pack of 3 Fabric Cotton Lycra Type Cycling Shorts General Details Pattern Solid Ideal For Women's Fabric Care Gentle Machine Wash in Lukewarm Water, Do Not Bleach Additional Details Style Code ALTHT_3P_21 In the Box 3 shorts, created_at=2021-07-20T17:36:28+0000, updated_at=2021-07-20T17:36:28+0000, vendor=Alisha, status=ACTIVE, options=[ProductOption(id=867097646908989440, product_id=867097646875435008, name=default option title, values=[default values])], variants=[ProductVariant(title=default_title, id=867097646904795136, product_id=867097646875435008, sku=null, created_at=2021-07-20T17:36:28+0000, updated_at=2021-07-20T17:36:28+0000, price=0.0, option1=null, option2=null, option3=null)], images=[ProductImage(id=867097646892212224, position=1, product_id=867097646875435008, variant_id=null, created_at=2021-07-20T17:36:28+0000, updated_at=2021-07-20T17:36:28+0000, src=http://img5a.flixcart.com/image/short/u/4/a/altht-3p-21-alisha-38-original-imaeh2d5vm5zbtgg.jpeg), ProductImage(id=867097646892212225, position=2, product_id=867097646875435008, variant_id=null, created_at=2021-07-20T17:36:28+0000, updated_at=2021-07-20T17:36:28+0000, src=http://img5a.flixcart.com/image/short/p/j/z/altght4p-26-alisha-38-original-imaeh2d5kbufss6n.jpeg), ProductImage(id=867097646896406528, position=3, product_id=867097646875435008, variant_id=null, created_at=2021-07-20T17:36:28+0000, updated_at=2021-07-20T17:36:28+0000, src=http://img5a.flixcart.com/image/short/p/j/z/altght4p-26-alisha-38-original-imaeh2d5npdybzyt.jpeg), ProductImage(id=867097646900600832, position=4, product_id=867097646875435008, variant_id=null, created_at=2021-07-20T17:36:28+0000, updated_at=2021-07-20T17:36:28+0000, src=http://img5a.flixcart.com/image/short/z/j/7/altght-7-alisha-38-original-imaeh2d5jsz2ghd6.jpeg)])
2021-07-20 23:06:44,470 INFO [88687] [Async-Clover-2] c.c.d.u.CloverHttpClientUtil [CloverHttpClientUtil.java:58] Post http client call response status: 200, entity: {]
2021-07-20 23:08:53,185 INFO [217402] [http-nio-8096-exec-9] c.c.d.r.ProductDaoImpl [ProductDaoImpl.java:51] Fetched active products count: 0
2021-07-20 23:09:09,544 INFO [667 ] [main] c.c.d.m.App [StartupInfoLogger.java:55] Starting App using Java 1.8.0_291 on DESKTOP-1SBRRM8 with PID 5024 (D:\Projects\Clover\DataSourceService\target\classes started by Priyash in D:\Projects\Clover\DataSourceService)
2021-07-20 23:09:09,547 DEBUG [670 ] [main] c.c.d.m.App [StartupInfoLogger.java:56] Running with Spring Boot v2.4.2, Spring v5.3.3
2021-07-20 23:09:09,547 INFO [670 ] [main] c.c.d.m.App [SpringApplication.java:660] No active profile set, falling back to default profiles: default
2021-07-20 23:09:26,480 INFO [694 ] [main] c.c.d.m.App [StartupInfoLogger.java:55] Starting App using Java 1.8.0_291 on DESKTOP-1SBRRM8 with PID 14636 (D:\Projects\Clover\DataSourceService\target\classes started by Priyash in D:\Projects\Clover\DataSourceService)
2021-07-20 23:09:26,483 DEBUG [697 ] [main] c.c.d.m.App [StartupInfoLogger.java:56] Running with Spring Boot v2.4.2, Spring v5.3.3
2021-07-20 23:09:26,483 INFO [697 ] [main] c.c.d.m.App [SpringApplication.java:660] No active profile set, falling back to default profiles: default
2021-07-20 23:09:29,685 INFO [3899] [main] c.c.d.m.App [StartupInfoLogger.java:61] Started App in 3.573 seconds (JVM running for 4.083)
2021-07-20 23:09:32,438 INFO [6652] [http-nio-8096-exec-2] c.c.d.r.ProductDaoImpl [ProductDaoImpl.java:51] Fetched active products count: 2
2021-07-20 23:09:32,473 INFO [6687] [http-nio-8096-exec-2] c.c.d.r.ProductDaoImpl [ProductDaoImpl.java:61] Updated records acknowledged: true
2021-07-20 23:09:32,473 INFO [6687] [http-nio-8096-exec-2] c.c.d.r.ProductDaoImpl [ProductDaoImpl.java:62] Updated record id: 867093664471867392
2021-07-20 23:09:32,477 INFO [6691] [http-nio-8096-exec-2] c.c.d.r.ProductDaoImpl [ProductDaoImpl.java:61] Updated records acknowledged: true
2021-07-20 23:09:32,478 INFO [6692] [http-nio-8096-exec-2] c.c.d.r.ProductDaoImpl [ProductDaoImpl.java:62] Updated record id: 867097646875435008
2021-07-20 23:09:44,007 INFO [702 ] [main] c.c.d.m.App [StartupInfoLogger.java:55] Starting App using Java 1.8.0_291 on DESKTOP-1SBRRM8 with PID 13804 (D:\Projects\Clover\DataSourceService\target\classes started by Priyash in D:\Projects\Clover\DataSourceService)
2021-07-20 23:09:44,011 DEBUG [706 ] [main] c.c.d.m.App [StartupInfoLogger.java:56] Running with Spring Boot v2.4.2, Spring v5.3.3
2021-07-20 23:09:44,012 INFO [707 ] [main] c.c.d.m.App [SpringApplication.java:660] No active profile set, falling back to default profiles: default
2021-07-20 23:09:47,973 INFO [4668] [main] c.c.d.m.App [StartupInfoLogger.java:61] Started App in 4.345 seconds (JVM running for 4.859)
2021-07-20 23:09:57,749 INFO [14444] [http-nio-8096-exec-2] c.c.d.r.ProductDaoImpl [ProductDaoImpl.java:51] Fetched active products count: 2
2021-07-20 23:09:57,777 INFO [14472] [http-nio-8096-exec-2] c.c.d.r.ProductDaoImpl [ProductDaoImpl.java:61] Updated records acknowledged: true
2021-07-20 23:09:57,777 INFO [14472] [http-nio-8096-exec-2] c.c.d.r.ProductDaoImpl [ProductDaoImpl.java:62] Updated record id: 867093664471867392
2021-07-20 23:09:57,779 INFO [14474] [http-nio-8096-exec-2] c.c.d.r.ProductDaoImpl [ProductDaoImpl.java:61] Updated records acknowledged: true
2021-07-20 23:09:57,779 INFO [14474] [http-nio-8096-exec-2] c.c.d.r.ProductDaoImpl [ProductDaoImpl.java:62] Updated record id: 867097646875435008
2021-07-20 23:12:09,274 INFO [655 ] [main] c.c.d.m.App [StartupInfoLogger.java:55] Starting App using Java 1.8.0_291 on DESKTOP-1SBRRM8 with PID 17228 (D:\Projects\Clover\DataSourceService\target\classes started by Priyash in D:\Projects\Clover\DataSourceService)
2021-07-20 23:12:09,277 DEBUG [658 ] [main] c.c.d.m.App [StartupInfoLogger.java:56] Running with Spring Boot v2.4.2, Spring v5.3.3
2021-07-20 23:12:09,277 INFO [658 ] [main] c.c.d.m.App [SpringApplication.java:660] No active profile set, falling back to default profiles: default
2021-07-20 23:12:12,235 INFO [3616] [main] c.c.d.m.App [StartupInfoLogger.java:61] Started App in 3.322 seconds (JVM running for 3.794)
2021-07-20 23:12:28,050 INFO [651 ] [main] c.c.d.m.App [StartupInfoLogger.java:55] Starting App using Java 1.8.0_291 on DESKTOP-1SBRRM8 with PID 16884 (D:\Projects\Clover\DataSourceService\target\classes started by Priyash in D:\Projects\Clover\DataSourceService)
2021-07-20 23:12:28,053 DEBUG [654 ] [main] c.c.d.m.App [StartupInfoLogger.java:56] Running with Spring Boot v2.4.2, Spring v5.3.3
2021-07-20 23:12:28,053 INFO [654 ] [main] c.c.d.m.App [SpringApplication.java:660] No active profile set, falling back to default profiles: default
2021-07-20 23:12:32,491 INFO [5092] [main] c.c.d.m.App [StartupInfoLogger.java:61] Started App in 4.799 seconds (JVM running for 5.31)
2021-07-20 23:12:41,480 INFO [14081] [http-nio-8096-exec-2] c.c.d.r.ProductDaoImpl [ProductDaoImpl.java:51] Fetched active products count: 2
2021-07-20 23:12:41,503 INFO [14104] [http-nio-8096-exec-2] c.c.d.r.ProductDaoImpl [ProductDaoImpl.java:61] Updated records acknowledged: true
2021-07-20 23:12:41,503 INFO [14104] [http-nio-8096-exec-2] c.c.d.r.ProductDaoImpl [ProductDaoImpl.java:62] Updated record id: 867093664471867392
2021-07-20 23:12:41,505 INFO [14106] [http-nio-8096-exec-2] c.c.d.r.ProductDaoImpl [ProductDaoImpl.java:61] Updated records acknowledged: true
2021-07-20 23:12:41,506 INFO [14107] [http-nio-8096-exec-2] c.c.d.r.ProductDaoImpl [ProductDaoImpl.java:62] Updated record id: 867097646875435008
2021-07-20 23:12:58,143 INFO [733 ] [main] c.c.d.m.App [StartupInfoLogger.java:55] Starting App using Java 1.8.0_291 on DESKTOP-1SBRRM8 with PID 24224 (D:\Projects\Clover\DataSourceService\target\classes started by Priyash in D:\Projects\Clover\DataSourceService)
2021-07-20 23:12:58,146 DEBUG [736 ] [main] c.c.d.m.App [StartupInfoLogger.java:56] Running with Spring Boot v2.4.2, Spring v5.3.3
2021-07-20 23:12:58,146 INFO [736 ] [main] c.c.d.m.App [SpringApplication.java:660] No active profile set, falling back to default profiles: default
2021-07-20 23:13:01,361 INFO [3951] [main] c.c.d.m.App [StartupInfoLogger.java:61] Started App in 3.647 seconds (JVM running for 4.137)
2021-07-20 23:13:22,848 INFO [25438] [http-nio-8096-exec-1] c.c.d.r.ProductDaoImpl [ProductDaoImpl.java:51] Fetched active products count: 2
2021-07-20 23:13:22,883 INFO [25473] [http-nio-8096-exec-1] c.c.d.r.ProductDaoImpl [ProductDaoImpl.java:61] Updated records acknowledged: true
2021-07-20 23:13:22,884 INFO [25474] [http-nio-8096-exec-1] c.c.d.r.ProductDaoImpl [ProductDaoImpl.java:62] Updated record id: 867093664471867392
2021-07-20 23:13:22,885 INFO [25475] [http-nio-8096-exec-1] c.c.d.r.ProductDaoImpl [ProductDaoImpl.java:61] Updated records acknowledged: true
2021-07-20 23:13:22,886 INFO [25476] [http-nio-8096-exec-1] c.c.d.r.ProductDaoImpl [ProductDaoImpl.java:62] Updated record id: 867097646875435008
2021-07-20 23:13:22,897 INFO [25487] [Async-Clover-1] c.c.d.u.CloverHttpClientUtil [CloverHttpClientUtil.java:41] Post http client call of URI: http://localhost:8080/publish, payload: Product(id=867093664471867392, title=FabHomeDecor Fabric Double Sofa Bed, description=FabHomeDecor Fabric Double Sofa Bed (Finish Color - Leatherette Black Mechanism Type - Pull Out) Price: Rs. 22,646, created_at=2021-07-20T17:20:39+0000, updated_at=2021-07-20T17:20:39+0000, vendor=FabHomeDecor, status=ACTIVE, options=[ProductOption(id=867093664589307904, product_id=867093664471867392, name=default option title, values=[default values])], variants=[ProductVariant(title=default_title, id=867093664580919296, product_id=867093664471867392, sku=null, created_at=2021-07-20T17:20:39+0000, updated_at=2021-07-20T17:20:39+0000, price=0.0, option1=null, option2=null, option3=null)], images=[ProductImage(id=867093664509616128, position=1, product_id=867093664471867392, variant_id=null, created_at=2021-07-20T17:20:39+0000, updated_at=2021-07-20T17:20:39+0000, src=http://img6a.flixcart.com/image/sofa-bed/j/f/y/fhd112-double-foam-fabhomedecor-leatherette-black-leatherette-1100x1100-imaeh3gemjjcg9ta.jpeg), ProductImage(id=867093664513810432, position=2, product_id=867093664471867392, variant_id=null, created_at=2021-07-20T17:20:39+0000, updated_at=2021-07-20T17:20:39+0000, src=http://img6a.flixcart.com/image/sofa-bed/j/f/y/fhd112-double-foam-fabhomedecor-leatherette-black-leatherette-original-imaeh3gemjjcg9ta.jpeg), ProductImage(id=867093664518004736, position=3, product_id=867093664471867392, variant_id=null, created_at=2021-07-20T17:20:39+0000, updated_at=2021-07-20T17:20:39+0000, src=http://img6a.flixcart.com/image/sofa-bed/j/f/y/fhd112-double-foam-fabhomedecor-leatherette-black-leatherette-original-imaeh3genfxkqvuv.jpeg), ProductImage(id=867093664522199040, position=4, product_id=867093664471867392, variant_id=null, created_at=2021-07-20T17:20:39+0000, updated_at=2021-07-20T17:20:39+0000, src=http://img5a.flixcart.com/image/sofa-bed/j/f/y/fhd112-double-foam-fabhomedecor-leatherette-black-leatherette-original-imaeh3ge2sfeczef.jpeg)])
2021-07-20 23:13:22,972 INFO [25562] [Async-Clover-1] c.c.d.u.CloverHttpClientUtil [CloverHttpClientUtil.java:58] Post http client call response status: 200, entity: {]
2021-07-20 23:13:22,975 INFO [25565] [Async-Clover-2] c.c.d.u.CloverHttpClientUtil [CloverHttpClientUtil.java:41] Post http client call of URI: http://localhost:8080/publish, payload: Product(id=867097646875435008, title=Alisha Solid Women's Cycling Shorts, description=Key Features of Alisha Solid Women's Cycling Shorts Cotton Lycra Navy, Red, Navy,Specifications of Alisha Solid Women's Cycling Shorts Shorts Details Number of Contents in Sales Package Pack of 3 Fabric Cotton Lycra Type Cycling Shorts General Details Pattern Solid Ideal For Women's Fabric Care Gentle Machine Wash in Lukewarm Water, Do Not Bleach Additional Details Style Code ALTHT_3P_21 In the Box 3 shorts, created_at=2021-07-20T17:36:28+0000, updated_at=2021-07-20T17:36:28+0000, vendor=Alisha, status=ACTIVE, options=[ProductOption(id=867097646908989440, product_id=867097646875435008, name=default option title, values=[default values])], variants=[ProductVariant(title=default_title, id=867097646904795136, product_id=867097646875435008, sku=null, created_at=2021-07-20T17:36:28+0000, updated_at=2021-07-20T17:36:28+0000, price=0.0, option1=null, option2=null, option3=null)], images=[ProductImage(id=867097646892212224, position=1, product_id=867097646875435008, variant_id=null, created_at=2021-07-20T17:36:28+0000, updated_at=2021-07-20T17:36:28+0000, src=http://img5a.flixcart.com/image/short/u/4/a/altht-3p-21-alisha-38-original-imaeh2d5vm5zbtgg.jpeg), ProductImage(id=867097646892212225, position=2, product_id=867097646875435008, variant_id=null, created_at=2021-07-20T17:36:28+0000, updated_at=2021-07-20T17:36:28+0000, src=http://img5a.flixcart.com/image/short/p/j/z/altght4p-26-alisha-38-original-imaeh2d5kbufss6n.jpeg), ProductImage(id=867097646896406528, position=3, product_id=867097646875435008, variant_id=null, created_at=2021-07-20T17:36:28+0000, updated_at=2021-07-20T17:36:28+0000, src=http://img5a.flixcart.com/image/short/p/j/z/altght4p-26-alisha-38-original-imaeh2d5npdybzyt.jpeg), ProductImage(id=867097646900600832, position=4, product_id=867097646875435008, variant_id=null, created_at=2021-07-20T17:36:28+0000, updated_at=2021-07-20T17:36:28+0000, src=http://img5a.flixcart.com/image/short/z/j/7/altght-7-alisha-38-original-imaeh2d5jsz2ghd6.jpeg)])
2021-07-20 23:13:22,989 INFO [25579] [Async-Clover-2] c.c.d.u.CloverHttpClientUtil [CloverHttpClientUtil.java:58] Post http client call response status: 200, entity: {]
