2021-07-04 00:35:58,332 INFO [836 ] [main] c.c.d.m.App [StartupInfoLogger.java:55] Starting App using Java 1.8.0_291 on DESKTOP-1SBRRM8 with PID 21472 (D:\Projects\Clover\DataSourceService\target\classes started by Priyash in D:\Projects\Clover\DataSourceService)
2021-07-04 00:35:58,343 DEBUG [847 ] [main] c.c.d.m.App [StartupInfoLogger.java:56] Running with Spring Boot v2.4.2, Spring v5.3.3
2021-07-04 00:35:58,343 INFO [847 ] [main] c.c.d.m.App [SpringApplication.java:660] No active profile set, falling back to default profiles: default
2021-07-04 00:36:01,071 INFO [3575] [main] c.c.d.m.App [StartupInfoLogger.java:61] Started App in 3.199 seconds (JVM running for 3.79)
2021-07-04 00:36:15,204 INFO [17708] [http-nio-8080-exec-1] c.c.d.u.SequenceGenerator [SequenceGenerator.java:112] Generated new sequence id: 860959644916097024
2021-07-04 00:36:15,214 INFO [17718] [http-nio-8080-exec-1] c.c.d.u.SequenceGenerator [SequenceGenerator.java:112] Generated new sequence id: 860959644958040064
2021-07-04 00:36:15,214 INFO [17718] [http-nio-8080-exec-1] c.c.d.u.SequenceGenerator [SequenceGenerator.java:112] Generated new sequence id: 860959644958040065
2021-07-04 00:36:15,215 INFO [17719] [http-nio-8080-exec-1] c.c.d.u.SequenceGenerator [SequenceGenerator.java:112] Generated new sequence id: 860959644962234368
2021-07-04 00:36:15,216 ERROR [17720] [http-nio-8080-exec-1] c.c.d.u.TimestampGenerator [TimestampGenerator.java:23] generated timestamp: 2021-07-03T19:06:15+0000
2021-07-04 00:36:15,216 ERROR [17720] [http-nio-8080-exec-1] c.c.d.u.TimestampGenerator [TimestampGenerator.java:23] generated timestamp: 2021-07-03T19:06:15+0000
2021-07-04 00:36:15,216 INFO [17720] [http-nio-8080-exec-1] c.c.d.u.SequenceGenerator [SequenceGenerator.java:112] Generated new sequence id: 860959644966428672
2021-07-04 00:36:15,216 ERROR [17720] [http-nio-8080-exec-1] c.c.d.u.TimestampGenerator [TimestampGenerator.java:23] generated timestamp: 2021-07-03T19:06:15+0000
2021-07-04 00:36:15,217 ERROR [17721] [http-nio-8080-exec-1] c.c.d.u.TimestampGenerator [TimestampGenerator.java:23] generated timestamp: 2021-07-03T19:06:15+0000
2021-07-04 00:36:15,218 ERROR [17722] [http-nio-8080-exec-1] c.c.d.u.TimestampGenerator [TimestampGenerator.java:23] generated timestamp: 2021-07-03T19:06:15+0000
2021-07-04 00:36:15,219 ERROR [17723] [http-nio-8080-exec-1] c.c.d.u.TimestampGenerator [TimestampGenerator.java:23] generated timestamp: 2021-07-03T19:06:15+0000
2021-07-04 00:36:15,219 INFO [17723] [http-nio-8080-exec-1] c.c.d.u.SequenceGenerator [SequenceGenerator.java:112] Generated new sequence id: 860959644979011584
2021-07-04 00:36:15,221 ERROR [17725] [http-nio-8080-exec-1] c.c.d.u.TimestampGenerator [TimestampGenerator.java:23] generated timestamp: 2021-07-03T19:06:15+0000
2021-07-04 00:36:15,221 ERROR [17725] [http-nio-8080-exec-1] c.c.d.u.TimestampGenerator [TimestampGenerator.java:23] generated timestamp: 2021-07-03T19:06:15+0000
2021-07-04 00:37:02,224 INFO [64728] [http-nio-8080-exec-3] c.c.d.u.SequenceGenerator [SequenceGenerator.java:112] Generated new sequence id: 860959842132271104
2021-07-04 00:37:02,224 ERROR [64728] [http-nio-8080-exec-3] c.c.d.u.TimestampGenerator [TimestampGenerator.java:23] generated timestamp: 2021-07-03T19:07:02+0000
2021-07-04 00:37:02,225 ERROR [64729] [http-nio-8080-exec-3] c.c.d.u.TimestampGenerator [TimestampGenerator.java:23] generated timestamp: 2021-07-03T19:07:02+0000
2021-07-04 00:37:02,225 INFO [64729] [http-nio-8080-exec-3] c.c.d.u.SequenceGenerator [SequenceGenerator.java:112] Generated new sequence id: 860959842136465408
2021-07-04 00:37:02,225 ERROR [64729] [http-nio-8080-exec-3] c.c.d.u.TimestampGenerator [TimestampGenerator.java:23] generated timestamp: 2021-07-03T19:07:02+0000
2021-07-04 00:37:02,225 ERROR [64729] [http-nio-8080-exec-3] c.c.d.u.TimestampGenerator [TimestampGenerator.java:23] generated timestamp: 2021-07-03T19:07:02+0000
2021-07-04 00:37:02,226 INFO [64730] [http-nio-8080-exec-3] c.c.d.u.SequenceGenerator [SequenceGenerator.java:112] Generated new sequence id: 860959842140659712
2021-07-04 21:22:37,135 INFO [852 ] [main] c.c.d.m.App [StartupInfoLogger.java:55] Starting App using Java 1.8.0_291 on DESKTOP-1SBRRM8 with PID 6548 (D:\Projects\Clover\DataSourceService\target\classes started by Priyash in D:\Projects\Clover\DataSourceService)
2021-07-04 21:22:37,138 DEBUG [855 ] [main] c.c.d.m.App [StartupInfoLogger.java:56] Running with Spring Boot v2.4.2, Spring v5.3.3
2021-07-04 21:22:37,139 INFO [856 ] [main] c.c.d.m.App [SpringApplication.java:660] No active profile set, falling back to default profiles: default
2021-07-04 21:22:39,992 INFO [3709] [main] c.c.d.m.App [StartupInfoLogger.java:61] Started App in 3.331 seconds (JVM running for 3.997)
2021-07-04 21:22:52,038 INFO [15755] [http-nio-8080-exec-2] c.c.d.u.SequenceGenerator [SequenceGenerator.java:112] Generated new sequence id: 861273365576130560
2021-07-04 21:22:52,055 ERROR [15772] [http-nio-8080-exec-2] c.c.d.u.TimestampGenerator [TimestampGenerator.java:23] generated timestamp: 2021-07-04T15:52:52+0000
2021-07-04 21:22:52,055 ERROR [15772] [http-nio-8080-exec-2] c.c.d.u.TimestampGenerator [TimestampGenerator.java:23] generated timestamp: 2021-07-04T15:52:52+0000
2021-07-04 21:22:52,063 ERROR [15780] [http-nio-8080-exec-2] c.c.d.b.ProductBuilder [ProductBuilder.java:76] Product validation error: [Product title cannot be empty]
2021-07-04 21:22:52,066 ERROR [15783] [http-nio-8080-exec-2] c.c.d.b.ProductBuilder [ProductBuilder.java:94] Exception while building Product 
java.lang.IllegalStateException: Product validation failed
	at com.clover.data.builder.ProductBuilder.build(ProductBuilder.java:77)
	at com.clover.data.service.MongoServiceImpl.createProductEntry(MongoServiceImpl.java:35)
	at com.clover.data.controller.MongoController.createProduct(MongoController.java:29)
	at sun.reflect.NativeMethodAccessorImpl.invoke0(Native Method)
	at sun.reflect.NativeMethodAccessorImpl.invoke(NativeMethodAccessorImpl.java:62)
	at sun.reflect.DelegatingMethodAccessorImpl.invoke(DelegatingMethodAccessorImpl.java:43)
	at java.lang.reflect.Method.invoke(Method.java:498)
	at org.springframework.web.method.support.InvocableHandlerMethod.doInvoke(InvocableHandlerMethod.java:197)
	at org.springframework.web.method.support.InvocableHandlerMethod.invokeForRequest(InvocableHandlerMethod.java:141)
	at org.springframework.web.servlet.mvc.method.annotation.ServletInvocableHandlerMethod.invokeAndHandle(ServletInvocableHandlerMethod.java:106)
	at org.springframework.web.servlet.mvc.method.annotation.RequestMappingHandlerAdapter.invokeHandlerMethod(RequestMappingHandlerAdapter.java:894)
	at org.springframework.web.servlet.mvc.method.annotation.RequestMappingHandlerAdapter.handleInternal(RequestMappingHandlerAdapter.java:808)
	at org.springframework.web.servlet.mvc.method.AbstractHandlerMethodAdapter.handle(AbstractHandlerMethodAdapter.java:87)
	at org.springframework.web.servlet.DispatcherServlet.doDispatch(DispatcherServlet.java:1060)
	at org.springframework.web.servlet.DispatcherServlet.doService(DispatcherServlet.java:962)
	at org.springframework.web.servlet.FrameworkServlet.processRequest(FrameworkServlet.java:1006)
	at org.springframework.web.servlet.FrameworkServlet.doPost(FrameworkServlet.java:909)
	at javax.servlet.http.HttpServlet.service(HttpServlet.java:652)
	at org.springframework.web.servlet.FrameworkServlet.service(FrameworkServlet.java:883)
	at javax.servlet.http.HttpServlet.service(HttpServlet.java:733)
	at org.apache.catalina.core.ApplicationFilterChain.internalDoFilter(ApplicationFilterChain.java:231)
	at org.apache.catalina.core.ApplicationFilterChain.doFilter(ApplicationFilterChain.java:166)
	at org.apache.tomcat.websocket.server.WsFilter.doFilter(WsFilter.java:53)
	at org.apache.catalina.core.ApplicationFilterChain.internalDoFilter(ApplicationFilterChain.java:193)
	at org.apache.catalina.core.ApplicationFilterChain.doFilter(ApplicationFilterChain.java:166)
	at org.springframework.web.filter.RequestContextFilter.doFilterInternal(RequestContextFilter.java:100)
	at org.springframework.web.filter.OncePerRequestFilter.doFilter(OncePerRequestFilter.java:119)
	at org.apache.catalina.core.ApplicationFilterChain.internalDoFilter(ApplicationFilterChain.java:193)
	at org.apache.catalina.core.ApplicationFilterChain.doFilter(ApplicationFilterChain.java:166)
	at org.springframework.web.filter.FormContentFilter.doFilterInternal(FormContentFilter.java:93)
	at org.springframework.web.filter.OncePerRequestFilter.doFilter(OncePerRequestFilter.java:119)
	at org.apache.catalina.core.ApplicationFilterChain.internalDoFilter(ApplicationFilterChain.java:193)
	at org.apache.catalina.core.ApplicationFilterChain.doFilter(ApplicationFilterChain.java:166)
	at org.springframework.web.filter.CharacterEncodingFilter.doFilterInternal(CharacterEncodingFilter.java:201)
	at org.springframework.web.filter.OncePerRequestFilter.doFilter(OncePerRequestFilter.java:119)
	at org.apache.catalina.core.ApplicationFilterChain.internalDoFilter(ApplicationFilterChain.java:193)
	at org.apache.catalina.core.ApplicationFilterChain.doFilter(ApplicationFilterChain.java:166)
	at org.apache.catalina.core.StandardWrapperValve.invoke(StandardWrapperValve.java:202)
	at org.apache.catalina.core.StandardContextValve.invoke(StandardContextValve.java:97)
	at org.apache.catalina.authenticator.AuthenticatorBase.invoke(AuthenticatorBase.java:542)
	at org.apache.catalina.core.StandardHostValve.invoke(StandardHostValve.java:143)
	at org.apache.catalina.valves.ErrorReportValve.invoke(ErrorReportValve.java:92)
	at org.apache.catalina.core.StandardEngineValve.invoke(StandardEngineValve.java:78)
	at org.apache.catalina.connector.CoyoteAdapter.service(CoyoteAdapter.java:343)
	at org.apache.coyote.http11.Http11Processor.service(Http11Processor.java:374)
	at org.apache.coyote.AbstractProcessorLight.process(AbstractProcessorLight.java:65)
	at org.apache.coyote.AbstractProtocol$ConnectionHandler.process(AbstractProtocol.java:888)
	at org.apache.tomcat.util.net.NioEndpoint$SocketProcessor.doRun(NioEndpoint.java:1597)
	at org.apache.tomcat.util.net.SocketProcessorBase.run(SocketProcessorBase.java:49)
	at java.util.concurrent.ThreadPoolExecutor.runWorker(ThreadPoolExecutor.java:1149)
	at java.util.concurrent.ThreadPoolExecutor$Worker.run(ThreadPoolExecutor.java:624)
	at org.apache.tomcat.util.threads.TaskThread$WrappingRunnable.run(TaskThread.java:61)
	at java.lang.Thread.run(Thread.java:748)
2021-07-04 21:27:40,264 INFO [659 ] [main] c.c.d.m.App [StartupInfoLogger.java:55] Starting App using Java 1.8.0_291 on DESKTOP-1SBRRM8 with PID 12644 (D:\Projects\Clover\DataSourceService\target\classes started by Priyash in D:\Projects\Clover\DataSourceService)
2021-07-04 21:27:40,267 DEBUG [662 ] [main] c.c.d.m.App [StartupInfoLogger.java:56] Running with Spring Boot v2.4.2, Spring v5.3.3
2021-07-04 21:27:40,267 INFO [662 ] [main] c.c.d.m.App [SpringApplication.java:660] No active profile set, falling back to default profiles: default
2021-07-04 21:27:42,709 INFO [3104] [main] c.c.d.m.App [StartupInfoLogger.java:61] Started App in 2.792 seconds (JVM running for 3.289)
2021-07-04 21:27:48,207 INFO [8602] [http-nio-8080-exec-1] c.c.d.u.SequenceGenerator [SequenceGenerator.java:112] Generated new sequence id: 861274607798951936
2021-07-04 21:27:48,218 ERROR [8613] [http-nio-8080-exec-1] c.c.d.u.TimestampGenerator [TimestampGenerator.java:23] generated timestamp: 2021-07-04T15:57:48+0000
2021-07-04 21:27:48,219 ERROR [8614] [http-nio-8080-exec-1] c.c.d.u.TimestampGenerator [TimestampGenerator.java:23] generated timestamp: 2021-07-04T15:57:48+0000
2021-07-04 21:27:48,224 ERROR [8619] [http-nio-8080-exec-1] c.c.d.b.ProductBuilder [ProductBuilder.java:76] Product validation error: [Product title cannot be empty]
2021-07-04 21:27:48,226 ERROR [8621] [http-nio-8080-exec-1] c.c.d.b.ProductBuilder [ProductBuilder.java:94] Exception while building Product 
java.lang.IllegalStateException: Product validation failed
	at com.clover.data.builder.ProductBuilder.build(ProductBuilder.java:77)
	at com.clover.data.service.MongoServiceImpl.createProductEntry(MongoServiceImpl.java:35)
	at com.clover.data.controller.MongoController.createProduct(MongoController.java:29)
	at sun.reflect.NativeMethodAccessorImpl.invoke0(Native Method)
	at sun.reflect.NativeMethodAccessorImpl.invoke(NativeMethodAccessorImpl.java:62)
	at sun.reflect.DelegatingMethodAccessorImpl.invoke(DelegatingMethodAccessorImpl.java:43)
	at java.lang.reflect.Method.invoke(Method.java:498)
	at org.springframework.web.method.support.InvocableHandlerMethod.doInvoke(InvocableHandlerMethod.java:197)
	at org.springframework.web.method.support.InvocableHandlerMethod.invokeForRequest(InvocableHandlerMethod.java:141)
	at org.springframework.web.servlet.mvc.method.annotation.ServletInvocableHandlerMethod.invokeAndHandle(ServletInvocableHandlerMethod.java:106)
	at org.springframework.web.servlet.mvc.method.annotation.RequestMappingHandlerAdapter.invokeHandlerMethod(RequestMappingHandlerAdapter.java:894)
	at org.springframework.web.servlet.mvc.method.annotation.RequestMappingHandlerAdapter.handleInternal(RequestMappingHandlerAdapter.java:808)
	at org.springframework.web.servlet.mvc.method.AbstractHandlerMethodAdapter.handle(AbstractHandlerMethodAdapter.java:87)
	at org.springframework.web.servlet.DispatcherServlet.doDispatch(DispatcherServlet.java:1060)
	at org.springframework.web.servlet.DispatcherServlet.doService(DispatcherServlet.java:962)
	at org.springframework.web.servlet.FrameworkServlet.processRequest(FrameworkServlet.java:1006)
	at org.springframework.web.servlet.FrameworkServlet.doPost(FrameworkServlet.java:909)
	at javax.servlet.http.HttpServlet.service(HttpServlet.java:652)
	at org.springframework.web.servlet.FrameworkServlet.service(FrameworkServlet.java:883)
	at javax.servlet.http.HttpServlet.service(HttpServlet.java:733)
	at org.apache.catalina.core.ApplicationFilterChain.internalDoFilter(ApplicationFilterChain.java:231)
	at org.apache.catalina.core.ApplicationFilterChain.doFilter(ApplicationFilterChain.java:166)
	at org.apache.tomcat.websocket.server.WsFilter.doFilter(WsFilter.java:53)
	at org.apache.catalina.core.ApplicationFilterChain.internalDoFilter(ApplicationFilterChain.java:193)
	at org.apache.catalina.core.ApplicationFilterChain.doFilter(ApplicationFilterChain.java:166)
	at org.springframework.web.filter.RequestContextFilter.doFilterInternal(RequestContextFilter.java:100)
	at org.springframework.web.filter.OncePerRequestFilter.doFilter(OncePerRequestFilter.java:119)
	at org.apache.catalina.core.ApplicationFilterChain.internalDoFilter(ApplicationFilterChain.java:193)
	at org.apache.catalina.core.ApplicationFilterChain.doFilter(ApplicationFilterChain.java:166)
	at org.springframework.web.filter.FormContentFilter.doFilterInternal(FormContentFilter.java:93)
	at org.springframework.web.filter.OncePerRequestFilter.doFilter(OncePerRequestFilter.java:119)
	at org.apache.catalina.core.ApplicationFilterChain.internalDoFilter(ApplicationFilterChain.java:193)
	at org.apache.catalina.core.ApplicationFilterChain.doFilter(ApplicationFilterChain.java:166)
	at org.springframework.web.filter.CharacterEncodingFilter.doFilterInternal(CharacterEncodingFilter.java:201)
	at org.springframework.web.filter.OncePerRequestFilter.doFilter(OncePerRequestFilter.java:119)
	at org.apache.catalina.core.ApplicationFilterChain.internalDoFilter(ApplicationFilterChain.java:193)
	at org.apache.catalina.core.ApplicationFilterChain.doFilter(ApplicationFilterChain.java:166)
	at org.apache.catalina.core.StandardWrapperValve.invoke(StandardWrapperValve.java:202)
	at org.apache.catalina.core.StandardContextValve.invoke(StandardContextValve.java:97)
	at org.apache.catalina.authenticator.AuthenticatorBase.invoke(AuthenticatorBase.java:542)
	at org.apache.catalina.core.StandardHostValve.invoke(StandardHostValve.java:143)
	at org.apache.catalina.valves.ErrorReportValve.invoke(ErrorReportValve.java:92)
	at org.apache.catalina.core.StandardEngineValve.invoke(StandardEngineValve.java:78)
	at org.apache.catalina.connector.CoyoteAdapter.service(CoyoteAdapter.java:343)
	at org.apache.coyote.http11.Http11Processor.service(Http11Processor.java:374)
	at org.apache.coyote.AbstractProcessorLight.process(AbstractProcessorLight.java:65)
	at org.apache.coyote.AbstractProtocol$ConnectionHandler.process(AbstractProtocol.java:888)
	at org.apache.tomcat.util.net.NioEndpoint$SocketProcessor.doRun(NioEndpoint.java:1597)
	at org.apache.tomcat.util.net.SocketProcessorBase.run(SocketProcessorBase.java:49)
	at java.util.concurrent.ThreadPoolExecutor.runWorker(ThreadPoolExecutor.java:1149)
	at java.util.concurrent.ThreadPoolExecutor$Worker.run(ThreadPoolExecutor.java:624)
	at org.apache.tomcat.util.threads.TaskThread$WrappingRunnable.run(TaskThread.java:61)
	at java.lang.Thread.run(Thread.java:748)
2021-07-04 21:28:02,346 INFO [774 ] [main] c.c.d.m.App [StartupInfoLogger.java:55] Starting App using Java 1.8.0_291 on DESKTOP-1SBRRM8 with PID 1696 (D:\Projects\Clover\DataSourceService\target\classes started by Priyash in D:\Projects\Clover\DataSourceService)
2021-07-04 21:28:02,349 DEBUG [777 ] [main] c.c.d.m.App [StartupInfoLogger.java:56] Running with Spring Boot v2.4.2, Spring v5.3.3
2021-07-04 21:28:02,350 INFO [778 ] [main] c.c.d.m.App [SpringApplication.java:660] No active profile set, falling back to default profiles: default
2021-07-04 21:28:04,795 INFO [3223] [main] c.c.d.m.App [StartupInfoLogger.java:61] Started App in 2.844 seconds (JVM running for 4.038)
2021-07-04 21:28:12,191 INFO [10619] [http-nio-8080-exec-1] c.c.d.u.SequenceGenerator [SequenceGenerator.java:112] Generated new sequence id: 861274708390944768
2021-07-04 21:28:13,463 ERROR [11891] [http-nio-8080-exec-1] c.c.d.u.TimestampGenerator [TimestampGenerator.java:23] generated timestamp: 2021-07-04T15:58:13+0000
2021-07-04 21:28:13,463 ERROR [11891] [http-nio-8080-exec-1] c.c.d.u.TimestampGenerator [TimestampGenerator.java:23] generated timestamp: 2021-07-04T15:58:13+0000
2021-07-04 21:28:26,045 ERROR [24473] [http-nio-8080-exec-1] c.c.d.b.ProductBuilder [ProductBuilder.java:76] Product validation error: [Product title cannot be empty]
2021-07-04 21:28:26,047 ERROR [24475] [http-nio-8080-exec-1] c.c.d.b.ProductBuilder [ProductBuilder.java:94] Exception while building Product 
java.lang.IllegalStateException: Product validation failed
	at com.clover.data.builder.ProductBuilder.build(ProductBuilder.java:77)
	at com.clover.data.service.MongoServiceImpl.createProductEntry(MongoServiceImpl.java:35)
	at com.clover.data.controller.MongoController.createProduct(MongoController.java:29)
	at sun.reflect.NativeMethodAccessorImpl.invoke0(Native Method)
	at sun.reflect.NativeMethodAccessorImpl.invoke(NativeMethodAccessorImpl.java:62)
	at sun.reflect.DelegatingMethodAccessorImpl.invoke(DelegatingMethodAccessorImpl.java:43)
	at java.lang.reflect.Method.invoke(Method.java:498)
	at org.springframework.web.method.support.InvocableHandlerMethod.doInvoke(InvocableHandlerMethod.java:197)
	at org.springframework.web.method.support.InvocableHandlerMethod.invokeForRequest(InvocableHandlerMethod.java:141)
	at org.springframework.web.servlet.mvc.method.annotation.ServletInvocableHandlerMethod.invokeAndHandle(ServletInvocableHandlerMethod.java:106)
	at org.springframework.web.servlet.mvc.method.annotation.RequestMappingHandlerAdapter.invokeHandlerMethod(RequestMappingHandlerAdapter.java:894)
	at org.springframework.web.servlet.mvc.method.annotation.RequestMappingHandlerAdapter.handleInternal(RequestMappingHandlerAdapter.java:808)
	at org.springframework.web.servlet.mvc.method.AbstractHandlerMethodAdapter.handle(AbstractHandlerMethodAdapter.java:87)
	at org.springframework.web.servlet.DispatcherServlet.doDispatch(DispatcherServlet.java:1060)
	at org.springframework.web.servlet.DispatcherServlet.doService(DispatcherServlet.java:962)
	at org.springframework.web.servlet.FrameworkServlet.processRequest(FrameworkServlet.java:1006)
	at org.springframework.web.servlet.FrameworkServlet.doPost(FrameworkServlet.java:909)
	at javax.servlet.http.HttpServlet.service(HttpServlet.java:652)
	at org.springframework.web.servlet.FrameworkServlet.service(FrameworkServlet.java:883)
	at javax.servlet.http.HttpServlet.service(HttpServlet.java:733)
	at org.apache.catalina.core.ApplicationFilterChain.internalDoFilter(ApplicationFilterChain.java:231)
	at org.apache.catalina.core.ApplicationFilterChain.doFilter(ApplicationFilterChain.java:166)
	at org.apache.tomcat.websocket.server.WsFilter.doFilter(WsFilter.java:53)
	at org.apache.catalina.core.ApplicationFilterChain.internalDoFilter(ApplicationFilterChain.java:193)
	at org.apache.catalina.core.ApplicationFilterChain.doFilter(ApplicationFilterChain.java:166)
	at org.springframework.web.filter.RequestContextFilter.doFilterInternal(RequestContextFilter.java:100)
	at org.springframework.web.filter.OncePerRequestFilter.doFilter(OncePerRequestFilter.java:119)
	at org.apache.catalina.core.ApplicationFilterChain.internalDoFilter(ApplicationFilterChain.java:193)
	at org.apache.catalina.core.ApplicationFilterChain.doFilter(ApplicationFilterChain.java:166)
	at org.springframework.web.filter.FormContentFilter.doFilterInternal(FormContentFilter.java:93)
	at org.springframework.web.filter.OncePerRequestFilter.doFilter(OncePerRequestFilter.java:119)
	at org.apache.catalina.core.ApplicationFilterChain.internalDoFilter(ApplicationFilterChain.java:193)
	at org.apache.catalina.core.ApplicationFilterChain.doFilter(ApplicationFilterChain.java:166)
	at org.springframework.web.filter.CharacterEncodingFilter.doFilterInternal(CharacterEncodingFilter.java:201)
	at org.springframework.web.filter.OncePerRequestFilter.doFilter(OncePerRequestFilter.java:119)
	at org.apache.catalina.core.ApplicationFilterChain.internalDoFilter(ApplicationFilterChain.java:193)
	at org.apache.catalina.core.ApplicationFilterChain.doFilter(ApplicationFilterChain.java:166)
	at org.apache.catalina.core.StandardWrapperValve.invoke(StandardWrapperValve.java:202)
	at org.apache.catalina.core.StandardContextValve.invoke(StandardContextValve.java:97)
	at org.apache.catalina.authenticator.AuthenticatorBase.invoke(AuthenticatorBase.java:542)
	at org.apache.catalina.core.StandardHostValve.invoke(StandardHostValve.java:143)
	at org.apache.catalina.valves.ErrorReportValve.invoke(ErrorReportValve.java:92)
	at org.apache.catalina.core.StandardEngineValve.invoke(StandardEngineValve.java:78)
	at org.apache.catalina.connector.CoyoteAdapter.service(CoyoteAdapter.java:343)
	at org.apache.coyote.http11.Http11Processor.service(Http11Processor.java:374)
	at org.apache.coyote.AbstractProcessorLight.process(AbstractProcessorLight.java:65)
	at org.apache.coyote.AbstractProtocol$ConnectionHandler.process(AbstractProtocol.java:888)
	at org.apache.tomcat.util.net.NioEndpoint$SocketProcessor.doRun(NioEndpoint.java:1597)
	at org.apache.tomcat.util.net.SocketProcessorBase.run(SocketProcessorBase.java:49)
	at java.util.concurrent.ThreadPoolExecutor.runWorker(ThreadPoolExecutor.java:1149)
	at java.util.concurrent.ThreadPoolExecutor$Worker.run(ThreadPoolExecutor.java:624)
	at org.apache.tomcat.util.threads.TaskThread$WrappingRunnable.run(TaskThread.java:61)
	at java.lang.Thread.run(Thread.java:748)
2021-07-04 21:28:43,958 INFO [636 ] [main] c.c.d.m.App [StartupInfoLogger.java:55] Starting App using Java 1.8.0_291 on DESKTOP-1SBRRM8 with PID 24392 (D:\Projects\Clover\DataSourceService\target\classes started by Priyash in D:\Projects\Clover\DataSourceService)
2021-07-04 21:28:43,961 DEBUG [639 ] [main] c.c.d.m.App [StartupInfoLogger.java:56] Running with Spring Boot v2.4.2, Spring v5.3.3
2021-07-04 21:28:43,961 INFO [639 ] [main] c.c.d.m.App [SpringApplication.java:660] No active profile set, falling back to default profiles: default
2021-07-04 21:28:46,280 INFO [2958] [main] c.c.d.m.App [StartupInfoLogger.java:61] Started App in 2.672 seconds (JVM running for 3.145)
2021-07-04 21:28:51,409 INFO [8087] [http-nio-8080-exec-1] c.c.d.u.SequenceGenerator [SequenceGenerator.java:112] Generated new sequence id: 861274872887353344
2021-07-04 21:28:51,422 ERROR [8100] [http-nio-8080-exec-1] c.c.d.u.TimestampGenerator [TimestampGenerator.java:23] generated timestamp: 2021-07-04T15:58:51+0000
2021-07-04 21:28:51,422 ERROR [8100] [http-nio-8080-exec-1] c.c.d.u.TimestampGenerator [TimestampGenerator.java:23] generated timestamp: 2021-07-04T15:58:51+0000
2021-07-04 21:28:51,428 INFO [8106] [http-nio-8080-exec-1] c.c.d.u.SequenceGenerator [SequenceGenerator.java:112] Generated new sequence id: 861274872967045120
2021-07-04 21:28:51,429 ERROR [8107] [http-nio-8080-exec-1] c.c.d.u.TimestampGenerator [TimestampGenerator.java:23] generated timestamp: 2021-07-04T15:58:51+0000
2021-07-04 21:28:51,429 ERROR [8107] [http-nio-8080-exec-1] c.c.d.u.TimestampGenerator [TimestampGenerator.java:23] generated timestamp: 2021-07-04T15:58:51+0000
2021-07-04 21:28:51,430 INFO [8108] [http-nio-8080-exec-1] c.c.d.u.SequenceGenerator [SequenceGenerator.java:112] Generated new sequence id: 861274872975433728
2021-07-04 21:30:23,490 INFO [645 ] [main] c.c.d.m.App [StartupInfoLogger.java:55] Starting App using Java 1.8.0_291 on DESKTOP-1SBRRM8 with PID 20928 (D:\Projects\Clover\DataSourceService\target\classes started by Priyash in D:\Projects\Clover\DataSourceService)
2021-07-04 21:30:23,493 DEBUG [648 ] [main] c.c.d.m.App [StartupInfoLogger.java:56] Running with Spring Boot v2.4.2, Spring v5.3.3
2021-07-04 21:30:23,493 INFO [648 ] [main] c.c.d.m.App [SpringApplication.java:660] No active profile set, falling back to default profiles: default
2021-07-04 21:30:25,871 INFO [3026] [main] c.c.d.m.App [StartupInfoLogger.java:61] Started App in 2.729 seconds (JVM running for 3.205)
2021-07-04 21:30:28,818 INFO [5973] [http-nio-8080-exec-1] c.c.d.u.SequenceGenerator [SequenceGenerator.java:112] Generated new sequence id: 861275281450311680
2021-07-04 21:30:28,829 ERROR [5984] [http-nio-8080-exec-1] c.c.d.u.TimestampGenerator [TimestampGenerator.java:23] generated timestamp: 2021-07-04T16:00:28+0000
2021-07-04 21:30:28,830 ERROR [5985] [http-nio-8080-exec-1] c.c.d.u.TimestampGenerator [TimestampGenerator.java:23] generated timestamp: 2021-07-04T16:00:28+0000
2021-07-04 21:30:28,836 INFO [5991] [http-nio-8080-exec-1] c.c.d.u.SequenceGenerator [SequenceGenerator.java:112] Generated new sequence id: 861275281525809152
2021-07-04 21:30:28,836 ERROR [5991] [http-nio-8080-exec-1] c.c.d.u.TimestampGenerator [TimestampGenerator.java:23] generated timestamp: 2021-07-04T16:00:28+0000
2021-07-04 21:30:28,837 ERROR [5992] [http-nio-8080-exec-1] c.c.d.u.TimestampGenerator [TimestampGenerator.java:23] generated timestamp: 2021-07-04T16:00:28+0000
2021-07-04 21:30:28,837 INFO [5992] [http-nio-8080-exec-1] c.c.d.u.SequenceGenerator [SequenceGenerator.java:112] Generated new sequence id: 861275281530003456
2021-07-04 22:21:31,742 INFO [927 ] [main] c.c.d.m.App [StartupInfoLogger.java:55] Starting App using Java 1.8.0_291 on DESKTOP-1SBRRM8 with PID 21116 (D:\Projects\Clover\DataSourceService\target\classes started by Priyash in D:\Projects\Clover\DataSourceService)
2021-07-04 22:21:31,747 DEBUG [932 ] [main] c.c.d.m.App [StartupInfoLogger.java:56] Running with Spring Boot v2.4.2, Spring v5.3.3
2021-07-04 22:21:31,748 INFO [933 ] [main] c.c.d.m.App [SpringApplication.java:660] No active profile set, falling back to default profiles: default
2021-07-04 22:21:34,361 INFO [3546] [main] c.c.d.m.App [StartupInfoLogger.java:61] Started App in 3.141 seconds (JVM running for 3.89)
2021-07-04 22:21:39,723 INFO [8908] [http-nio-8080-exec-1] c.c.d.u.SequenceGenerator [SequenceGenerator.java:112] Generated new sequence id: 861288161755242496
2021-07-04 22:21:41,656 ERROR [10841] [http-nio-8080-exec-1] c.c.d.u.TimestampGenerator [TimestampGenerator.java:23] generated timestamp: 2021-07-04T16:51:41+0000
2021-07-04 22:21:41,656 ERROR [10841] [http-nio-8080-exec-1] c.c.d.u.TimestampGenerator [TimestampGenerator.java:23] generated timestamp: 2021-07-04T16:51:41+0000
2021-07-04 22:21:45,321 INFO [14506] [http-nio-8080-exec-1] c.c.d.u.SequenceGenerator [SequenceGenerator.java:112] Generated new sequence id: 861288185239150592
2021-07-04 22:21:45,321 ERROR [14506] [http-nio-8080-exec-1] c.c.d.u.TimestampGenerator [TimestampGenerator.java:23] generated timestamp: 2021-07-04T16:51:45+0000
2021-07-04 22:21:45,321 ERROR [14506] [http-nio-8080-exec-1] c.c.d.u.TimestampGenerator [TimestampGenerator.java:23] generated timestamp: 2021-07-04T16:51:45+0000
2021-07-04 22:21:45,322 INFO [14507] [http-nio-8080-exec-1] c.c.d.u.SequenceGenerator [SequenceGenerator.java:112] Generated new sequence id: 861288185243344896
2021-07-04 22:23:48,609 INFO [800 ] [main] c.c.d.m.App [StartupInfoLogger.java:55] Starting App using Java 1.8.0_291 on DESKTOP-1SBRRM8 with PID 15972 (D:\Projects\Clover\DataSourceService\target\classes started by Priyash in D:\Projects\Clover\DataSourceService)
2021-07-04 22:23:48,613 DEBUG [804 ] [main] c.c.d.m.App [StartupInfoLogger.java:56] Running with Spring Boot v2.4.2, Spring v5.3.3
2021-07-04 22:23:48,613 INFO [804 ] [main] c.c.d.m.App [SpringApplication.java:660] No active profile set, falling back to default profiles: default
2021-07-04 22:23:51,244 INFO [3435] [main] c.c.d.m.App [StartupInfoLogger.java:61] Started App in 3.08 seconds (JVM running for 3.759)
2021-07-04 22:23:55,136 INFO [7327] [http-nio-8080-exec-1] c.c.d.u.SequenceGenerator [SequenceGenerator.java:112] Generated new sequence id: 861288729722724352
2021-07-04 22:23:56,051 ERROR [8242] [http-nio-8080-exec-1] c.c.d.u.TimestampGenerator [TimestampGenerator.java:23] generated timestamp: 2021-07-04T16:53:56+0000
2021-07-04 22:23:56,052 ERROR [8243] [http-nio-8080-exec-1] c.c.d.u.TimestampGenerator [TimestampGenerator.java:23] generated timestamp: 2021-07-04T16:53:56+0000
2021-07-04 22:23:56,058 INFO [8249] [http-nio-8080-exec-1] c.c.d.u.SequenceGenerator [SequenceGenerator.java:112] Generated new sequence id: 861288733589872640
2021-07-04 22:23:56,059 ERROR [8250] [http-nio-8080-exec-1] c.c.d.u.TimestampGenerator [TimestampGenerator.java:23] generated timestamp: 2021-07-04T16:53:56+0000
2021-07-04 22:23:56,059 ERROR [8250] [http-nio-8080-exec-1] c.c.d.u.TimestampGenerator [TimestampGenerator.java:23] generated timestamp: 2021-07-04T16:53:56+0000
2021-07-04 22:23:56,060 INFO [8251] [http-nio-8080-exec-1] c.c.d.u.SequenceGenerator [SequenceGenerator.java:112] Generated new sequence id: 861288733598261248
2021-07-04 22:34:20,893 INFO [793 ] [main] c.c.d.m.App [StartupInfoLogger.java:55] Starting App using Java 1.8.0_291 on DESKTOP-1SBRRM8 with PID 19720 (D:\Projects\Clover\DataSourceService\target\classes started by Priyash in D:\Projects\Clover\DataSourceService)
2021-07-04 22:34:20,897 DEBUG [797 ] [main] c.c.d.m.App [StartupInfoLogger.java:56] Running with Spring Boot v2.4.2, Spring v5.3.3
2021-07-04 22:34:20,897 INFO [797 ] [main] c.c.d.m.App [SpringApplication.java:660] No active profile set, falling back to default profiles: default
2021-07-04 22:36:13,883 INFO [871 ] [main] c.c.d.m.App [StartupInfoLogger.java:55] Starting App using Java 1.8.0_291 on DESKTOP-1SBRRM8 with PID 3952 (D:\Projects\Clover\DataSourceService\target\classes started by Priyash in D:\Projects\Clover\DataSourceService)
2021-07-04 22:36:13,887 DEBUG [875 ] [main] c.c.d.m.App [StartupInfoLogger.java:56] Running with Spring Boot v2.4.2, Spring v5.3.3
2021-07-04 22:36:13,888 INFO [876 ] [main] c.c.d.m.App [SpringApplication.java:660] No active profile set, falling back to default profiles: default
2021-07-04 22:39:13,106 INFO [797 ] [main] c.c.d.m.App [StartupInfoLogger.java:55] Starting App using Java 1.8.0_291 on DESKTOP-1SBRRM8 with PID 18220 (D:\Projects\Clover\DataSourceService\target\classes started by Priyash in D:\Projects\Clover\DataSourceService)
2021-07-04 22:39:13,110 DEBUG [801 ] [main] c.c.d.m.App [StartupInfoLogger.java:56] Running with Spring Boot v2.4.2, Spring v5.3.3
2021-07-04 22:39:13,110 INFO [801 ] [main] c.c.d.m.App [SpringApplication.java:660] No active profile set, falling back to default profiles: default
2021-07-04 22:40:45,367 INFO [794 ] [main] c.c.d.m.App [StartupInfoLogger.java:55] Starting App using Java 1.8.0_291 on DESKTOP-1SBRRM8 with PID 14340 (D:\Projects\Clover\DataSourceService\target\classes started by Priyash in D:\Projects\Clover\DataSourceService)
2021-07-04 22:40:45,371 DEBUG [798 ] [main] c.c.d.m.App [StartupInfoLogger.java:56] Running with Spring Boot v2.4.2, Spring v5.3.3
2021-07-04 22:40:45,372 INFO [799 ] [main] c.c.d.m.App [SpringApplication.java:660] No active profile set, falling back to default profiles: default
2021-07-04 22:40:59,987 INFO [805 ] [main] c.c.d.m.App [StartupInfoLogger.java:55] Starting App using Java 1.8.0_291 on DESKTOP-1SBRRM8 with PID 13548 (D:\Projects\Clover\DataSourceService\target\classes started by Priyash in D:\Projects\Clover\DataSourceService)
2021-07-04 22:40:59,991 DEBUG [809 ] [main] c.c.d.m.App [StartupInfoLogger.java:56] Running with Spring Boot v2.4.2, Spring v5.3.3
2021-07-04 22:40:59,992 INFO [810 ] [main] c.c.d.m.App [SpringApplication.java:660] No active profile set, falling back to default profiles: default
2021-07-04 22:43:37,636 INFO [819 ] [main] c.c.d.m.App [StartupInfoLogger.java:55] Starting App using Java 1.8.0_291 on DESKTOP-1SBRRM8 with PID 15496 (D:\Projects\Clover\DataSourceService\target\classes started by Priyash in D:\Projects\Clover\DataSourceService)
2021-07-04 22:43:37,640 DEBUG [823 ] [main] c.c.d.m.App [StartupInfoLogger.java:56] Running with Spring Boot v2.4.2, Spring v5.3.3
2021-07-04 22:43:37,640 INFO [823 ] [main] c.c.d.m.App [SpringApplication.java:660] No active profile set, falling back to default profiles: default
2021-07-04 22:47:06,270 INFO [795 ] [main] c.c.d.m.App [StartupInfoLogger.java:55] Starting App using Java 1.8.0_291 on DESKTOP-1SBRRM8 with PID 22048 (D:\Projects\Clover\DataSourceService\target\classes started by Priyash in D:\Projects\Clover\DataSourceService)
2021-07-04 22:47:06,274 DEBUG [799 ] [main] c.c.d.m.App [StartupInfoLogger.java:56] Running with Spring Boot v2.4.2, Spring v5.3.3
2021-07-04 22:47:06,274 INFO [799 ] [main] c.c.d.m.App [SpringApplication.java:660] No active profile set, falling back to default profiles: default
2021-07-04 22:47:11,908 INFO [6433] [main] c.c.d.m.App [StartupInfoLogger.java:61] Started App in 6.081 seconds (JVM running for 6.754)
2021-07-04 22:47:30,419 INFO [24944] [http-nio-8080-exec-2] c.c.d.u.SequenceGenerator [SequenceGenerator.java:112] Generated new sequence id: 861294665845678080
2021-07-04 22:47:33,199 ERROR [27724] [http-nio-8080-exec-2] c.c.d.u.TimestampGenerator [TimestampGenerator.java:23] generated timestamp: 2021-07-04T17:17:33+0000
2021-07-04 22:47:33,200 ERROR [27725] [http-nio-8080-exec-2] c.c.d.u.TimestampGenerator [TimestampGenerator.java:23] generated timestamp: 2021-07-04T17:17:33+0000
2021-07-04 22:47:33,207 INFO [27732] [http-nio-8080-exec-2] c.c.d.u.SequenceGenerator [SequenceGenerator.java:112] Generated new sequence id: 861294677543591936
2021-07-04 22:47:33,207 ERROR [27732] [http-nio-8080-exec-2] c.c.d.u.TimestampGenerator [TimestampGenerator.java:23] generated timestamp: 2021-07-04T17:17:33+0000
2021-07-04 22:47:33,208 ERROR [27733] [http-nio-8080-exec-2] c.c.d.u.TimestampGenerator [TimestampGenerator.java:23] generated timestamp: 2021-07-04T17:17:33+0000
2021-07-04 22:47:33,208 INFO [27733] [http-nio-8080-exec-2] c.c.d.u.SequenceGenerator [SequenceGenerator.java:112] Generated new sequence id: 861294677547786240
