2021-06-09 19:30:36,407 INFO com.clover.message.main.App [main] Starting App using Java 1.8.0_291 on DESKTOP-1SBRRM8 with PID 14956 (D:\Projects\Clover\MessageQueueService\target\classes started by Priyash in D:\Projects\Clover\MessageQueueService)
2021-06-09 19:30:36,416 DEBUG com.clover.message.main.App [main] Running with Spring Boot v2.4.2, Spring v5.3.3
2021-06-09 19:30:36,417 INFO com.clover.message.main.App [main] No active profile set, falling back to default profiles: default
2021-06-09 19:30:39,820 INFO com.clover.message.main.App [main] Started App in 4.057 seconds (JVM running for 4.929)
2021-06-09 19:32:18,205 INFO com.clover.message.producer.CloverMessageSender [http-nio-8080-exec-1] Sending : com.clover.message.model.Product@4e056cf1
2021-06-09 19:32:18,206 INFO com.clover.message.producer.CloverMessageSender [http-nio-8080-exec-1] ---------------------------------
2021-06-09 19:32:18,329 INFO com.clover.message.producer.CloverMessageSender [kafka-producer-network-thread | producer-1] Success Callback: [com.clover.message.model.Product@4e056cf1] delivered with offset -25
2021-06-09 19:32:18,337 INFO com.clover.message.consumer.CloverMessageReceiver [org.springframework.kafka.KafkaListenerEndpointContainer#0-0-C-1] Listener : [com.clover.message.model.Product@76d3a2ef]
2021-06-09 19:33:55,686 INFO com.clover.message.producer.CloverMessageSender [http-nio-8080-exec-5] Sending : com.clover.message.model.Product@5b5772da
2021-06-09 19:33:55,686 INFO com.clover.message.producer.CloverMessageSender [http-nio-8080-exec-5] ---------------------------------
2021-06-09 19:33:55,690 INFO com.clover.message.producer.CloverMessageSender [kafka-producer-network-thread | producer-1] Success Callback: [com.clover.message.model.Product@5b5772da] delivered with offset -25
2021-06-09 19:33:55,692 INFO com.clover.message.consumer.CloverMessageReceiver [org.springframework.kafka.KafkaListenerEndpointContainer#0-0-C-1] Listener : [com.clover.message.model.Product@289131d2]
2021-06-09 19:34:16,632 INFO com.clover.message.producer.CloverMessageSender [http-nio-8080-exec-4] Sending : com.clover.message.model.Product@64888e44
2021-06-09 19:34:16,632 INFO com.clover.message.producer.CloverMessageSender [http-nio-8080-exec-4] ---------------------------------
2021-06-09 19:34:16,635 INFO com.clover.message.producer.CloverMessageSender [kafka-producer-network-thread | producer-1] Success Callback: [com.clover.message.model.Product@64888e44] delivered with offset -26
2021-06-09 19:34:16,636 INFO com.clover.message.consumer.CloverMessageReceiver [org.springframework.kafka.KafkaListenerEndpointContainer#0-0-C-1] Listener : [com.clover.message.model.Product@6ff8b0a2]
2021-06-09 19:36:02,028 INFO com.clover.message.producer.CloverMessageSender [http-nio-8080-exec-10] Sending : com.clover.message.model.Product@4f91b3f0
2021-06-09 19:36:02,028 INFO com.clover.message.producer.CloverMessageSender [http-nio-8080-exec-10] ---------------------------------
2021-06-09 19:36:02,031 INFO com.clover.message.producer.CloverMessageSender [kafka-producer-network-thread | producer-1] Success Callback: [com.clover.message.model.Product@4f91b3f0] delivered with offset -26
2021-06-09 19:36:02,032 INFO com.clover.message.consumer.CloverMessageReceiver [org.springframework.kafka.KafkaListenerEndpointContainer#0-0-C-1] Listener : [com.clover.message.model.Product@49e4a68a]
2021-06-09 19:37:00,834 INFO com.clover.message.producer.CloverMessageSender [http-nio-8080-exec-8] Sending : com.clover.message.model.Product@679d54ed
2021-06-09 19:37:00,835 INFO com.clover.message.producer.CloverMessageSender [http-nio-8080-exec-8] ---------------------------------
2021-06-09 19:37:00,837 INFO com.clover.message.producer.CloverMessageSender [kafka-producer-network-thread | producer-1] Success Callback: [com.clover.message.model.Product@679d54ed] delivered with offset -27
2021-06-09 19:37:00,838 INFO com.clover.message.consumer.CloverMessageReceiver [org.springframework.kafka.KafkaListenerEndpointContainer#0-0-C-1] Listener : [com.clover.message.model.Product@63b372b4]
2021-06-09 19:39:50,980 INFO com.clover.message.producer.CloverMessageSender [http-nio-8080-exec-3] Sending : com.clover.message.model.Product@2486e6a3
2021-06-09 19:39:50,980 INFO com.clover.message.producer.CloverMessageSender [http-nio-8080-exec-3] ---------------------------------
2021-06-09 19:39:50,984 INFO com.clover.message.producer.CloverMessageSender [kafka-producer-network-thread | producer-1] Success Callback: [com.clover.message.model.Product@2486e6a3] delivered with offset -27
2021-06-09 19:39:50,986 INFO com.clover.message.consumer.CloverMessageReceiver [org.springframework.kafka.KafkaListenerEndpointContainer#0-0-C-1] Listener : [com.clover.message.model.Product@27e3c020]
2021-06-09 19:40:30,878 INFO com.clover.message.producer.CloverMessageSender [http-nio-8080-exec-6] Sending : com.clover.message.model.Product@305d4b79
2021-06-09 19:40:30,878 INFO com.clover.message.producer.CloverMessageSender [http-nio-8080-exec-6] ---------------------------------
2021-06-09 19:40:30,880 INFO com.clover.message.producer.CloverMessageSender [kafka-producer-network-thread | producer-1] Success Callback: [com.clover.message.model.Product@305d4b79] delivered with offset -28
2021-06-09 19:40:30,881 INFO com.clover.message.consumer.CloverMessageReceiver [org.springframework.kafka.KafkaListenerEndpointContainer#0-0-C-1] Listener : [com.clover.message.model.Product@32b0631e]
2021-06-09 19:40:52,328 INFO com.clover.message.producer.CloverMessageSender [http-nio-8080-exec-5] Sending : com.clover.message.model.Product@51af19aa
2021-06-09 19:40:52,328 INFO com.clover.message.producer.CloverMessageSender [http-nio-8080-exec-5] ---------------------------------
2021-06-09 19:40:52,330 INFO com.clover.message.producer.CloverMessageSender [kafka-producer-network-thread | producer-1] Success Callback: [com.clover.message.model.Product@51af19aa] delivered with offset -28
2021-06-09 19:40:52,332 INFO com.clover.message.consumer.CloverMessageReceiver [org.springframework.kafka.KafkaListenerEndpointContainer#0-0-C-1] Listener : [com.clover.message.model.Product@510ba66b]
2021-06-09 19:42:05,721 INFO com.clover.message.producer.CloverMessageSender [http-nio-8080-exec-9] Sending : com.clover.message.model.Product@1e5c365b
2021-06-09 19:42:05,721 INFO com.clover.message.producer.CloverMessageSender [http-nio-8080-exec-9] ---------------------------------
2021-06-09 19:42:05,723 INFO com.clover.message.producer.CloverMessageSender [kafka-producer-network-thread | producer-1] Success Callback: [com.clover.message.model.Product@1e5c365b] delivered with offset -29
2021-06-09 19:42:05,724 INFO com.clover.message.consumer.CloverMessageReceiver [org.springframework.kafka.KafkaListenerEndpointContainer#0-0-C-1] Listener : [com.clover.message.model.Product@68cbbfeb]
2021-06-09 19:42:30,901 INFO com.clover.message.producer.CloverMessageSender [http-nio-8080-exec-10] Sending : com.clover.message.model.Product@4569d880
2021-06-09 19:42:30,901 INFO com.clover.message.producer.CloverMessageSender [http-nio-8080-exec-10] ---------------------------------
2021-06-09 19:42:30,903 INFO com.clover.message.producer.CloverMessageSender [kafka-producer-network-thread | producer-1] Success Callback: [com.clover.message.model.Product@4569d880] delivered with offset -29
2021-06-09 19:42:30,903 INFO com.clover.message.consumer.CloverMessageReceiver [org.springframework.kafka.KafkaListenerEndpointContainer#0-0-C-1] Listener : [com.clover.message.model.Product@7c57ea9f]
2021-06-09 19:43:17,471 INFO com.clover.message.producer.CloverMessageSender [http-nio-8080-exec-8] Sending : com.clover.message.model.Product@6d653f9d
2021-06-09 19:43:17,471 INFO com.clover.message.producer.CloverMessageSender [http-nio-8080-exec-8] ---------------------------------
2021-06-09 19:43:17,472 INFO com.clover.message.producer.CloverMessageSender [kafka-producer-network-thread | producer-1] Success Callback: [com.clover.message.model.Product@6d653f9d] delivered with offset -30
2021-06-09 19:43:17,474 INFO com.clover.message.consumer.CloverMessageReceiver [org.springframework.kafka.KafkaListenerEndpointContainer#0-0-C-1] Listener : [com.clover.message.model.Product@83e4950]
2021-06-09 19:44:12,154 INFO com.clover.message.producer.CloverMessageSender [http-nio-8080-exec-2] Sending : com.clover.message.model.Product@5da83e1c
2021-06-09 19:44:12,154 INFO com.clover.message.producer.CloverMessageSender [http-nio-8080-exec-2] ---------------------------------
2021-06-09 19:44:12,156 INFO com.clover.message.producer.CloverMessageSender [kafka-producer-network-thread | producer-1] Success Callback: [com.clover.message.model.Product@5da83e1c] delivered with offset -30
2021-06-09 19:44:12,157 INFO com.clover.message.consumer.CloverMessageReceiver [org.springframework.kafka.KafkaListenerEndpointContainer#0-0-C-1] Listener : [com.clover.message.model.Product@40a9ec2]
2021-06-09 22:16:01,645 INFO com.clover.message.main.App [main] Starting App using Java 1.8.0_291 on DESKTOP-1SBRRM8 with PID 23716 (D:\Projects\Clover\MessageQueueService\target\classes started by Priyash in D:\Projects\Clover\MessageQueueService)
2021-06-09 22:16:01,647 DEBUG com.clover.message.main.App [main] Running with Spring Boot v2.4.2, Spring v5.3.3
2021-06-09 22:16:01,647 INFO com.clover.message.main.App [main] No active profile set, falling back to default profiles: default
2021-06-09 22:16:04,271 INFO com.clover.message.main.App [main] Started App in 3.167 seconds (JVM running for 3.914)
2021-06-09 22:17:44,204 INFO com.clover.message.producer.CloverMessageSender [http-nio-8080-exec-1] Sending : com.clover.message.model.Product@3aa4c7b9
2021-06-09 22:17:44,204 INFO com.clover.message.producer.CloverMessageSender [http-nio-8080-exec-1] ---------------------------------
2021-06-09 22:17:44,337 INFO com.clover.message.producer.CloverMessageSender [kafka-producer-network-thread | producer-1] Success Callback: [com.clover.message.model.Product@3aa4c7b9] delivered with offset -31
2021-06-09 22:17:44,348 INFO com.clover.message.consumer.CloverMessageReceiver [org.springframework.kafka.KafkaListenerEndpointContainer#0-0-C-1] Listener : [com.clover.message.model.Product@13641ce3]
2021-06-09 22:18:18,636 INFO com.clover.message.producer.CloverMessageSender [http-nio-8080-exec-3] Sending : com.clover.message.model.Product@bd6e223
2021-06-09 22:18:18,636 INFO com.clover.message.producer.CloverMessageSender [http-nio-8080-exec-3] ---------------------------------
2021-06-09 22:18:18,639 INFO com.clover.message.producer.CloverMessageSender [kafka-producer-network-thread | producer-1] Success Callback: [com.clover.message.model.Product@bd6e223] delivered with offset -31
2021-06-09 22:18:18,641 INFO com.clover.message.consumer.CloverMessageReceiver [org.springframework.kafka.KafkaListenerEndpointContainer#0-0-C-1] Listener : [com.clover.message.model.Product@384d1cc9]
2021-06-09 22:19:04,982 INFO com.clover.message.producer.CloverMessageSender [http-nio-8080-exec-4] Sending : com.clover.message.model.Product@7e83a5dc
2021-06-09 22:19:04,982 INFO com.clover.message.producer.CloverMessageSender [http-nio-8080-exec-4] ---------------------------------
2021-06-09 22:19:04,984 INFO com.clover.message.producer.CloverMessageSender [kafka-producer-network-thread | producer-1] Success Callback: [com.clover.message.model.Product@7e83a5dc] delivered with offset -32
2021-06-09 22:19:04,986 INFO com.clover.message.consumer.CloverMessageReceiver [org.springframework.kafka.KafkaListenerEndpointContainer#0-0-C-1] Listener : [com.clover.message.model.Product@71b55487]
2021-06-09 22:21:22,444 INFO com.clover.message.producer.CloverMessageSender [http-nio-8080-exec-8] Sending : com.clover.message.model.Product@2486e6a3
2021-06-09 22:21:22,444 INFO com.clover.message.producer.CloverMessageSender [http-nio-8080-exec-8] ---------------------------------
2021-06-09 22:21:22,448 INFO com.clover.message.producer.CloverMessageSender [kafka-producer-network-thread | producer-1] Success Callback: [com.clover.message.model.Product@2486e6a3] delivered with offset -32
2021-06-09 22:21:22,450 INFO com.clover.message.consumer.CloverMessageReceiver [org.springframework.kafka.KafkaListenerEndpointContainer#0-0-C-1] Listener : [com.clover.message.model.Product@305b1dc0]
2021-06-09 22:22:14,963 INFO com.clover.message.producer.CloverMessageSender [http-nio-8080-exec-9] Sending : com.clover.message.model.Product@69170e0f
2021-06-09 22:22:14,963 INFO com.clover.message.producer.CloverMessageSender [http-nio-8080-exec-9] ---------------------------------
2021-06-09 22:22:14,965 INFO com.clover.message.producer.CloverMessageSender [kafka-producer-network-thread | producer-1] Success Callback: [com.clover.message.model.Product@69170e0f] delivered with offset -33
2021-06-09 22:22:14,968 INFO com.clover.message.consumer.CloverMessageReceiver [org.springframework.kafka.KafkaListenerEndpointContainer#0-0-C-1] Listener : [com.clover.message.model.Product@6b917620]
2021-06-09 22:23:10,677 INFO com.clover.message.producer.CloverMessageSender [http-nio-8080-exec-7] Sending : com.clover.message.model.Product@6bd4e5bc
2021-06-09 22:23:10,678 INFO com.clover.message.producer.CloverMessageSender [http-nio-8080-exec-7] ---------------------------------
2021-06-09 22:23:10,680 INFO com.clover.message.producer.CloverMessageSender [kafka-producer-network-thread | producer-1] Success Callback: [com.clover.message.model.Product@6bd4e5bc] delivered with offset -33
2021-06-09 22:23:10,681 INFO com.clover.message.consumer.CloverMessageReceiver [org.springframework.kafka.KafkaListenerEndpointContainer#0-0-C-1] Listener : [com.clover.message.model.Product@1ee70d60]
2021-06-09 22:23:30,690 INFO com.clover.message.producer.CloverMessageSender [http-nio-8080-exec-10] Sending : com.clover.message.model.Product@351c2a33
2021-06-09 22:23:30,690 INFO com.clover.message.producer.CloverMessageSender [http-nio-8080-exec-10] ---------------------------------
2021-06-09 22:23:30,692 INFO com.clover.message.producer.CloverMessageSender [kafka-producer-network-thread | producer-1] Success Callback: [com.clover.message.model.Product@351c2a33] delivered with offset -34
2021-06-09 22:23:30,694 INFO com.clover.message.consumer.CloverMessageReceiver [org.springframework.kafka.KafkaListenerEndpointContainer#0-0-C-1] Listener : [com.clover.message.model.Product@7952ea43]
2021-06-09 22:24:58,501 INFO com.clover.message.producer.CloverMessageSender [http-nio-8080-exec-3] Sending : com.clover.message.model.Product@12e8953
2021-06-09 22:24:58,501 INFO com.clover.message.producer.CloverMessageSender [http-nio-8080-exec-3] ---------------------------------
2021-06-09 22:24:58,503 INFO com.clover.message.producer.CloverMessageSender [kafka-producer-network-thread | producer-1] Success Callback: [com.clover.message.model.Product@12e8953] delivered with offset -34
2021-06-09 22:24:58,505 INFO com.clover.message.consumer.CloverMessageReceiver [org.springframework.kafka.KafkaListenerEndpointContainer#0-0-C-1] Listener : [com.clover.message.model.Product@398b6eda]
