2021-07-18 21:35:53,002 INFO [959 ] [main] c.c.s.m.App [StartupInfoLogger.java:55] Starting App using Java 1.8.0_291 on DESKTOP-1SBRRM8 with PID 21260 (D:\Projects\Clover\CassandraStorageService\target\classes started by Priyash in D:\Projects\Clover\CassandraStorageService)
2021-07-18 21:35:53,034 DEBUG [991 ] [main] c.c.s.m.App [StartupInfoLogger.java:56] Running with Spring Boot v2.5.1, Spring v5.3.8
2021-07-18 21:35:53,034 INFO [991 ] [main] c.c.s.m.App [SpringApplication.java:659] No active profile set, falling back to default profiles: default
2021-07-18 21:36:03,601 INFO [11558] [main] c.c.s.m.App [StartupInfoLogger.java:61] Started App in 11.092 seconds (JVM running for 12.612)
2021-07-18 21:37:28,021 INFO [996 ] [main] c.c.s.m.App [StartupInfoLogger.java:55] Starting App using Java 1.8.0_291 on DESKTOP-1SBRRM8 with PID 16284 (D:\Projects\Clover\CassandraStorageService\target\classes started by Priyash in D:\Projects\Clover\CassandraStorageService)
2021-07-18 21:37:28,025 DEBUG [1000] [main] c.c.s.m.App [StartupInfoLogger.java:56] Running with Spring Boot v2.5.1, Spring v5.3.8
2021-07-18 21:37:28,025 INFO [1000] [main] c.c.s.m.App [SpringApplication.java:659] No active profile set, falling back to default profiles: default
2021-07-18 21:37:34,234 INFO [7209] [main] c.c.s.m.App [StartupInfoLogger.java:61] Started App in 6.757 seconds (JVM running for 7.699)
2021-07-18 21:38:00,010 INFO [32985] [scheduling-1] c.c.s.S.Scheduler [Scheduler.java:38] Cron job started...
2021-07-18 21:38:00,010 INFO [32985] [scheduling-1] c.c.s.S.Scheduler [Scheduler.java:39] Cron expression: '0 0/2 * 1/1 * ?'
2021-07-18 21:39:44,945 ERROR [137920] [scheduling-1] c.c.s.S.Scheduler [Scheduler.java:69] [Scheduler]Exception while starting scheduler for reading cassandra table 
org.apache.spark.SparkException: Job aborted due to stage failure: Task 8 in stage 0.0 failed 1 times, most recent failure: Lost task 8.0 in stage 0.0 (TID 8, localhost, executor driver): com.datastax.spark.connector.ColumnNotFoundException: Column not found: id. Available columns are: [a, b]
	at com.datastax.spark.connector.CassandraRowMetadata$$anonfun$indexOfOrThrow$1.apply(CassandraRow.scala:117)
	at com.datastax.spark.connector.CassandraRowMetadata$$anonfun$indexOfOrThrow$1.apply(CassandraRow.scala:116)
	at scala.collection.Map$WithDefault.default(Map.scala:53)
	at scala.collection.MapLike$class.apply(MapLike.scala:141)
	at scala.collection.AbstractMap.apply(Map.scala:59)
	at com.datastax.spark.connector.japi.JavaGettableData$class._get(JavaGettableData.scala:32)
	at com.datastax.spark.connector.japi.JavaGettableData$class.getLong(JavaGettableData.scala:64)
	at com.datastax.spark.connector.japi.CassandraRow.getLong(CassandraRow.scala:6)
	at com.clover.storage.Scheduler.Scheduler$1.call(Scheduler.java:49)
	at com.clover.storage.Scheduler.Scheduler$1.call(Scheduler.java:45)
	at org.apache.spark.api.java.JavaPairRDD$$anonfun$toScalaFunction$1.apply(JavaPairRDD.scala:1040)
	at scala.collection.Iterator$$anon$11.next(Iterator.scala:410)
	at scala.collection.Iterator$class.foreach(Iterator.scala:891)
	at scala.collection.AbstractIterator.foreach(Iterator.scala:1334)
	at scala.collection.generic.Growable$class.$plus$plus$eq(Growable.scala:59)
	at scala.collection.mutable.ArrayBuffer.$plus$plus$eq(ArrayBuffer.scala:104)
	at scala.collection.mutable.ArrayBuffer.$plus$plus$eq(ArrayBuffer.scala:48)
	at scala.collection.TraversableOnce$class.to(TraversableOnce.scala:310)
	at scala.collection.AbstractIterator.to(Iterator.scala:1334)
	at scala.collection.TraversableOnce$class.toBuffer(TraversableOnce.scala:302)
	at scala.collection.AbstractIterator.toBuffer(Iterator.scala:1334)
	at scala.collection.TraversableOnce$class.toArray(TraversableOnce.scala:289)
	at scala.collection.AbstractIterator.toArray(Iterator.scala:1334)
	at org.apache.spark.rdd.RDD$$anonfun$collect$1$$anonfun$15.apply(RDD.scala:990)
	at org.apache.spark.rdd.RDD$$anonfun$collect$1$$anonfun$15.apply(RDD.scala:990)
	at org.apache.spark.SparkContext$$anonfun$runJob$5.apply(SparkContext.scala:2107)
	at org.apache.spark.SparkContext$$anonfun$runJob$5.apply(SparkContext.scala:2107)
	at org.apache.spark.scheduler.ResultTask.runTask(ResultTask.scala:90)
	at org.apache.spark.scheduler.Task.run(Task.scala:123)
	at org.apache.spark.executor.Executor$TaskRunner$$anonfun$10.apply(Executor.scala:411)
	at org.apache.spark.util.Utils$.tryWithSafeFinally(Utils.scala:1360)
	at org.apache.spark.executor.Executor$TaskRunner.run(Executor.scala:417)
	at java.util.concurrent.ThreadPoolExecutor.runWorker(ThreadPoolExecutor.java:1149)
	at java.util.concurrent.ThreadPoolExecutor$Worker.run(ThreadPoolExecutor.java:624)
	at java.lang.Thread.run(Thread.java:748)

Driver stacktrace:
	at org.apache.spark.scheduler.DAGScheduler.org$apache$spark$scheduler$DAGScheduler$$failJobAndIndependentStages(DAGScheduler.scala:1925)
	at org.apache.spark.scheduler.DAGScheduler$$anonfun$abortStage$1.apply(DAGScheduler.scala:1913)
	at org.apache.spark.scheduler.DAGScheduler$$anonfun$abortStage$1.apply(DAGScheduler.scala:1912)
	at scala.collection.mutable.ResizableArray$class.foreach(ResizableArray.scala:59)
	at scala.collection.mutable.ArrayBuffer.foreach(ArrayBuffer.scala:48)
	at org.apache.spark.scheduler.DAGScheduler.abortStage(DAGScheduler.scala:1912)
	at org.apache.spark.scheduler.DAGScheduler$$anonfun$handleTaskSetFailed$1.apply(DAGScheduler.scala:948)
	at org.apache.spark.scheduler.DAGScheduler$$anonfun$handleTaskSetFailed$1.apply(DAGScheduler.scala:948)
	at scala.Option.foreach(Option.scala:257)
	at org.apache.spark.scheduler.DAGScheduler.handleTaskSetFailed(DAGScheduler.scala:948)
	at org.apache.spark.scheduler.DAGSchedulerEventProcessLoop.doOnReceive(DAGScheduler.scala:2146)
	at org.apache.spark.scheduler.DAGSchedulerEventProcessLoop.onReceive(DAGScheduler.scala:2095)
	at org.apache.spark.scheduler.DAGSchedulerEventProcessLoop.onReceive(DAGScheduler.scala:2084)
	at org.apache.spark.util.EventLoop$$anon$1.run(EventLoop.scala:49)
	at org.apache.spark.scheduler.DAGScheduler.runJob(DAGScheduler.scala:759)
	at org.apache.spark.SparkContext.runJob(SparkContext.scala:2067)
	at org.apache.spark.SparkContext.runJob(SparkContext.scala:2088)
	at org.apache.spark.SparkContext.runJob(SparkContext.scala:2107)
	at org.apache.spark.SparkContext.runJob(SparkContext.scala:2132)
	at org.apache.spark.rdd.RDD$$anonfun$collect$1.apply(RDD.scala:990)
	at org.apache.spark.rdd.RDDOperationScope$.withScope(RDDOperationScope.scala:151)
	at org.apache.spark.rdd.RDDOperationScope$.withScope(RDDOperationScope.scala:112)
	at org.apache.spark.rdd.RDD.withScope(RDD.scala:385)
	at org.apache.spark.rdd.RDD.collect(RDD.scala:989)
	at org.apache.spark.api.java.JavaRDDLike$class.collect(JavaRDDLike.scala:361)
	at org.apache.spark.api.java.AbstractJavaRDDLike.collect(JavaRDDLike.scala:45)
	at com.clover.storage.Scheduler.Scheduler.startCassandraStreamToElasticsearch(Scheduler.java:62)
	at sun.reflect.NativeMethodAccessorImpl.invoke0(Native Method)
	at sun.reflect.NativeMethodAccessorImpl.invoke(NativeMethodAccessorImpl.java:62)
	at sun.reflect.DelegatingMethodAccessorImpl.invoke(DelegatingMethodAccessorImpl.java:43)
	at java.lang.reflect.Method.invoke(Method.java:498)
	at org.springframework.scheduling.support.ScheduledMethodRunnable.run(ScheduledMethodRunnable.java:84)
	at org.springframework.scheduling.support.DelegatingErrorHandlingRunnable.run(DelegatingErrorHandlingRunnable.java:54)
	at org.springframework.scheduling.concurrent.ReschedulingRunnable.run(ReschedulingRunnable.java:95)
	at java.util.concurrent.Executors$RunnableAdapter.call(Executors.java:511)
	at java.util.concurrent.FutureTask.run$$$capture(FutureTask.java:266)
	at java.util.concurrent.FutureTask.run(FutureTask.java)
	at java.util.concurrent.ScheduledThreadPoolExecutor$ScheduledFutureTask.access$201(ScheduledThreadPoolExecutor.java:180)
	at java.util.concurrent.ScheduledThreadPoolExecutor$ScheduledFutureTask.run(ScheduledThreadPoolExecutor.java:293)
	at java.util.concurrent.ThreadPoolExecutor.runWorker(ThreadPoolExecutor.java:1149)
	at java.util.concurrent.ThreadPoolExecutor$Worker.run(ThreadPoolExecutor.java:624)
	at java.lang.Thread.run(Thread.java:748)
Caused by: com.datastax.spark.connector.ColumnNotFoundException: Column not found: id. Available columns are: [a, b]
	at com.datastax.spark.connector.CassandraRowMetadata$$anonfun$indexOfOrThrow$1.apply(CassandraRow.scala:117)
	at com.datastax.spark.connector.CassandraRowMetadata$$anonfun$indexOfOrThrow$1.apply(CassandraRow.scala:116)
	at scala.collection.Map$WithDefault.default(Map.scala:53)
	at scala.collection.MapLike$class.apply(MapLike.scala:141)
	at scala.collection.AbstractMap.apply(Map.scala:59)
	at com.datastax.spark.connector.japi.JavaGettableData$class._get(JavaGettableData.scala:32)
	at com.datastax.spark.connector.japi.JavaGettableData$class.getLong(JavaGettableData.scala:64)
	at com.datastax.spark.connector.japi.CassandraRow.getLong(CassandraRow.scala:6)
	at com.clover.storage.Scheduler.Scheduler$1.call(Scheduler.java:49)
	at com.clover.storage.Scheduler.Scheduler$1.call(Scheduler.java:45)
	at org.apache.spark.api.java.JavaPairRDD$$anonfun$toScalaFunction$1.apply(JavaPairRDD.scala:1040)
	at scala.collection.Iterator$$anon$11.next(Iterator.scala:410)
	at scala.collection.Iterator$class.foreach(Iterator.scala:891)
	at scala.collection.AbstractIterator.foreach(Iterator.scala:1334)
	at scala.collection.generic.Growable$class.$plus$plus$eq(Growable.scala:59)
	at scala.collection.mutable.ArrayBuffer.$plus$plus$eq(ArrayBuffer.scala:104)
	at scala.collection.mutable.ArrayBuffer.$plus$plus$eq(ArrayBuffer.scala:48)
	at scala.collection.TraversableOnce$class.to(TraversableOnce.scala:310)
	at scala.collection.AbstractIterator.to(Iterator.scala:1334)
	at scala.collection.TraversableOnce$class.toBuffer(TraversableOnce.scala:302)
	at scala.collection.AbstractIterator.toBuffer(Iterator.scala:1334)
	at scala.collection.TraversableOnce$class.toArray(TraversableOnce.scala:289)
	at scala.collection.AbstractIterator.toArray(Iterator.scala:1334)
	at org.apache.spark.rdd.RDD$$anonfun$collect$1$$anonfun$15.apply(RDD.scala:990)
	at org.apache.spark.rdd.RDD$$anonfun$collect$1$$anonfun$15.apply(RDD.scala:990)
	at org.apache.spark.SparkContext$$anonfun$runJob$5.apply(SparkContext.scala:2107)
	at org.apache.spark.SparkContext$$anonfun$runJob$5.apply(SparkContext.scala:2107)
	at org.apache.spark.scheduler.ResultTask.runTask(ResultTask.scala:90)
	at org.apache.spark.scheduler.Task.run(Task.scala:123)
	at org.apache.spark.executor.Executor$TaskRunner$$anonfun$10.apply(Executor.scala:411)
	at org.apache.spark.util.Utils$.tryWithSafeFinally(Utils.scala:1360)
	at org.apache.spark.executor.Executor$TaskRunner.run(Executor.scala:417)
	... 3 common frames omitted
2021-07-18 21:41:50,677 INFO [1120] [main] c.c.s.m.App [StartupInfoLogger.java:55] Starting App using Java 1.8.0_291 on DESKTOP-1SBRRM8 with PID 16864 (D:\Projects\Clover\CassandraStorageService\target\classes started by Priyash in D:\Projects\Clover\CassandraStorageService)
2021-07-18 21:41:50,681 DEBUG [1124] [main] c.c.s.m.App [StartupInfoLogger.java:56] Running with Spring Boot v2.5.1, Spring v5.3.8
2021-07-18 21:41:50,681 INFO [1124] [main] c.c.s.m.App [SpringApplication.java:659] No active profile set, falling back to default profiles: default
2021-07-18 21:41:57,289 INFO [7732] [main] c.c.s.m.App [StartupInfoLogger.java:61] Started App in 7.23 seconds (JVM running for 8.214)
2021-07-18 21:42:00,008 INFO [10451] [scheduling-1] c.c.s.S.Scheduler [Scheduler.java:38] Cron job started...
2021-07-18 21:42:00,008 INFO [10451] [scheduling-1] c.c.s.S.Scheduler [Scheduler.java:39] Cron expression: '0 0/2 * 1/1 * ?'
2021-07-18 21:42:01,331 ERROR [11774] [scheduling-1] c.c.s.S.Scheduler [Scheduler.java:69] [Scheduler]Exception while starting scheduler for reading cassandra table 
java.io.IOException: Couldn't find table PRODUCT_TBL_TEST or keyspace PRODUCT_DB_TEST - Found similar keyspaces and tables:
product_db_test.product_tbl_test
product_keyspace.product_table
	at com.datastax.spark.connector.cql.Schema$.tableFromCassandra(Schema.scala:358)
	at com.datastax.spark.connector.rdd.CassandraTableRowReaderProvider$class.tableDef(CassandraTableRowReaderProvider.scala:50)
	at com.datastax.spark.connector.rdd.CassandraTableScanRDD.tableDef$lzycompute(CassandraTableScanRDD.scala:63)
	at com.datastax.spark.connector.rdd.CassandraTableScanRDD.tableDef(CassandraTableScanRDD.scala:63)
	at com.datastax.spark.connector.rdd.CassandraTableRowReaderProvider$class.verify(CassandraTableRowReaderProvider.scala:137)
	at com.datastax.spark.connector.rdd.CassandraTableScanRDD.verify(CassandraTableScanRDD.scala:63)
	at com.datastax.spark.connector.rdd.CassandraTableScanRDD.getPartitions(CassandraTableScanRDD.scala:263)
	at org.apache.spark.rdd.RDD$$anonfun$partitions$2.apply(RDD.scala:273)
	at org.apache.spark.rdd.RDD$$anonfun$partitions$2.apply(RDD.scala:269)
	at scala.Option.getOrElse(Option.scala:121)
	at org.apache.spark.rdd.RDD.partitions(RDD.scala:269)
	at org.apache.spark.rdd.MapPartitionsRDD.getPartitions(MapPartitionsRDD.scala:49)
	at org.apache.spark.rdd.RDD$$anonfun$partitions$2.apply(RDD.scala:273)
	at org.apache.spark.rdd.RDD$$anonfun$partitions$2.apply(RDD.scala:269)
	at scala.Option.getOrElse(Option.scala:121)
	at org.apache.spark.rdd.RDD.partitions(RDD.scala:269)
	at org.apache.spark.SparkContext.runJob(SparkContext.scala:2132)
	at org.apache.spark.rdd.RDD$$anonfun$collect$1.apply(RDD.scala:990)
	at org.apache.spark.rdd.RDDOperationScope$.withScope(RDDOperationScope.scala:151)
	at org.apache.spark.rdd.RDDOperationScope$.withScope(RDDOperationScope.scala:112)
	at org.apache.spark.rdd.RDD.withScope(RDD.scala:385)
	at org.apache.spark.rdd.RDD.collect(RDD.scala:989)
	at org.apache.spark.api.java.JavaRDDLike$class.collect(JavaRDDLike.scala:361)
	at org.apache.spark.api.java.AbstractJavaRDDLike.collect(JavaRDDLike.scala:45)
	at com.clover.storage.Scheduler.Scheduler.startCassandraStreamToElasticsearch(Scheduler.java:62)
	at sun.reflect.NativeMethodAccessorImpl.invoke0(Native Method)
	at sun.reflect.NativeMethodAccessorImpl.invoke(NativeMethodAccessorImpl.java:62)
	at sun.reflect.DelegatingMethodAccessorImpl.invoke(DelegatingMethodAccessorImpl.java:43)
	at java.lang.reflect.Method.invoke(Method.java:498)
	at org.springframework.scheduling.support.ScheduledMethodRunnable.run(ScheduledMethodRunnable.java:84)
	at org.springframework.scheduling.support.DelegatingErrorHandlingRunnable.run(DelegatingErrorHandlingRunnable.java:54)
	at org.springframework.scheduling.concurrent.ReschedulingRunnable.run(ReschedulingRunnable.java:95)
	at java.util.concurrent.Executors$RunnableAdapter.call(Executors.java:511)
	at java.util.concurrent.FutureTask.run$$$capture(FutureTask.java:266)
	at java.util.concurrent.FutureTask.run(FutureTask.java)
	at java.util.concurrent.ScheduledThreadPoolExecutor$ScheduledFutureTask.access$201(ScheduledThreadPoolExecutor.java:180)
	at java.util.concurrent.ScheduledThreadPoolExecutor$ScheduledFutureTask.run(ScheduledThreadPoolExecutor.java:293)
	at java.util.concurrent.ThreadPoolExecutor.runWorker(ThreadPoolExecutor.java:1149)
	at java.util.concurrent.ThreadPoolExecutor$Worker.run(ThreadPoolExecutor.java:624)
	at java.lang.Thread.run(Thread.java:748)
2021-07-18 21:43:19,479 INFO [990 ] [main] c.c.s.m.App [StartupInfoLogger.java:55] Starting App using Java 1.8.0_291 on DESKTOP-1SBRRM8 with PID 16552 (D:\Projects\Clover\CassandraStorageService\target\classes started by Priyash in D:\Projects\Clover\CassandraStorageService)
2021-07-18 21:43:19,482 DEBUG [993 ] [main] c.c.s.m.App [StartupInfoLogger.java:56] Running with Spring Boot v2.5.1, Spring v5.3.8
2021-07-18 21:43:19,483 INFO [994 ] [main] c.c.s.m.App [SpringApplication.java:659] No active profile set, falling back to default profiles: default
2021-07-18 21:43:25,598 INFO [7109] [main] c.c.s.m.App [StartupInfoLogger.java:61] Started App in 6.65 seconds (JVM running for 7.595)
2021-07-18 21:44:00,000 INFO [41511] [scheduling-1] c.c.s.S.Scheduler [Scheduler.java:38] Cron job started...
2021-07-18 21:44:00,000 INFO [41511] [scheduling-1] c.c.s.S.Scheduler [Scheduler.java:39] Cron expression: '0 0/2 * 1/1 * ?'
2021-07-18 21:44:01,314 ERROR [42825] [scheduling-1] c.c.s.S.Scheduler [Scheduler.java:69] [Scheduler]Exception while starting scheduler for reading cassandra table 
java.io.IOException: Couldn't find table PRODUCT_TBL_TEST or keyspace PRODUCT_DB_TEST - Found similar keyspaces and tables:
product_db_test.product_tbl_test
product_keyspace.product_table
	at com.datastax.spark.connector.cql.Schema$.tableFromCassandra(Schema.scala:358)
	at com.datastax.spark.connector.rdd.CassandraTableRowReaderProvider$class.tableDef(CassandraTableRowReaderProvider.scala:50)
	at com.datastax.spark.connector.rdd.CassandraTableScanRDD.tableDef$lzycompute(CassandraTableScanRDD.scala:63)
	at com.datastax.spark.connector.rdd.CassandraTableScanRDD.tableDef(CassandraTableScanRDD.scala:63)
	at com.datastax.spark.connector.rdd.CassandraTableRowReaderProvider$class.verify(CassandraTableRowReaderProvider.scala:137)
	at com.datastax.spark.connector.rdd.CassandraTableScanRDD.verify(CassandraTableScanRDD.scala:63)
	at com.datastax.spark.connector.rdd.CassandraTableScanRDD.getPartitions(CassandraTableScanRDD.scala:263)
	at org.apache.spark.rdd.RDD$$anonfun$partitions$2.apply(RDD.scala:273)
	at org.apache.spark.rdd.RDD$$anonfun$partitions$2.apply(RDD.scala:269)
	at scala.Option.getOrElse(Option.scala:121)
	at org.apache.spark.rdd.RDD.partitions(RDD.scala:269)
	at org.apache.spark.rdd.MapPartitionsRDD.getPartitions(MapPartitionsRDD.scala:49)
	at org.apache.spark.rdd.RDD$$anonfun$partitions$2.apply(RDD.scala:273)
	at org.apache.spark.rdd.RDD$$anonfun$partitions$2.apply(RDD.scala:269)
	at scala.Option.getOrElse(Option.scala:121)
	at org.apache.spark.rdd.RDD.partitions(RDD.scala:269)
	at org.apache.spark.SparkContext.runJob(SparkContext.scala:2132)
	at org.apache.spark.rdd.RDD$$anonfun$collect$1.apply(RDD.scala:990)
	at org.apache.spark.rdd.RDDOperationScope$.withScope(RDDOperationScope.scala:151)
	at org.apache.spark.rdd.RDDOperationScope$.withScope(RDDOperationScope.scala:112)
	at org.apache.spark.rdd.RDD.withScope(RDD.scala:385)
	at org.apache.spark.rdd.RDD.collect(RDD.scala:989)
	at org.apache.spark.api.java.JavaRDDLike$class.collect(JavaRDDLike.scala:361)
	at org.apache.spark.api.java.AbstractJavaRDDLike.collect(JavaRDDLike.scala:45)
	at com.clover.storage.Scheduler.Scheduler.startCassandraStreamToElasticsearch(Scheduler.java:62)
	at sun.reflect.NativeMethodAccessorImpl.invoke0(Native Method)
	at sun.reflect.NativeMethodAccessorImpl.invoke(NativeMethodAccessorImpl.java:62)
	at sun.reflect.DelegatingMethodAccessorImpl.invoke(DelegatingMethodAccessorImpl.java:43)
	at java.lang.reflect.Method.invoke(Method.java:498)
	at org.springframework.scheduling.support.ScheduledMethodRunnable.run(ScheduledMethodRunnable.java:84)
	at org.springframework.scheduling.support.DelegatingErrorHandlingRunnable.run(DelegatingErrorHandlingRunnable.java:54)
	at org.springframework.scheduling.concurrent.ReschedulingRunnable.run(ReschedulingRunnable.java:95)
	at java.util.concurrent.Executors$RunnableAdapter.call(Executors.java:511)
	at java.util.concurrent.FutureTask.run$$$capture(FutureTask.java:266)
	at java.util.concurrent.FutureTask.run(FutureTask.java)
	at java.util.concurrent.ScheduledThreadPoolExecutor$ScheduledFutureTask.access$201(ScheduledThreadPoolExecutor.java:180)
	at java.util.concurrent.ScheduledThreadPoolExecutor$ScheduledFutureTask.run(ScheduledThreadPoolExecutor.java:293)
	at java.util.concurrent.ThreadPoolExecutor.runWorker(ThreadPoolExecutor.java:1149)
	at java.util.concurrent.ThreadPoolExecutor$Worker.run(ThreadPoolExecutor.java:624)
	at java.lang.Thread.run(Thread.java:748)
2021-07-18 21:49:06,429 INFO [1070] [main] c.c.s.m.App [StartupInfoLogger.java:55] Starting App using Java 1.8.0_291 on DESKTOP-1SBRRM8 with PID 13812 (D:\Projects\Clover\CassandraStorageService\target\classes started by Priyash in D:\Projects\Clover\CassandraStorageService)
2021-07-18 21:49:06,433 DEBUG [1074] [main] c.c.s.m.App [StartupInfoLogger.java:56] Running with Spring Boot v2.5.1, Spring v5.3.8
2021-07-18 21:49:06,433 INFO [1074] [main] c.c.s.m.App [SpringApplication.java:659] No active profile set, falling back to default profiles: default
2021-07-18 21:49:13,989 INFO [8630] [main] c.c.s.m.App [StartupInfoLogger.java:61] Started App in 8.09 seconds (JVM running for 9.139)
2021-07-18 21:50:00,006 INFO [54647] [scheduling-1] c.c.s.S.Scheduler [Scheduler.java:38] Cron job started...
2021-07-18 21:50:00,007 INFO [54648] [scheduling-1] c.c.s.S.Scheduler [Scheduler.java:39] Cron expression: '0 0/2 * 1/1 * ?'
2021-07-18 21:50:01,173 ERROR [55814] [scheduling-1] c.c.s.S.Scheduler [Scheduler.java:69] [Scheduler]Exception while starting scheduler for reading cassandra table 
java.io.IOException: Couldn't find table PRODUCT_TBL_TEST or keyspace PRODUCT_DB_TEST - Found similar keyspaces and tables:
product_keyspace.product_table
	at com.datastax.spark.connector.cql.Schema$.tableFromCassandra(Schema.scala:358)
	at com.datastax.spark.connector.rdd.CassandraTableRowReaderProvider$class.tableDef(CassandraTableRowReaderProvider.scala:50)
	at com.datastax.spark.connector.rdd.CassandraTableScanRDD.tableDef$lzycompute(CassandraTableScanRDD.scala:63)
	at com.datastax.spark.connector.rdd.CassandraTableScanRDD.tableDef(CassandraTableScanRDD.scala:63)
	at com.datastax.spark.connector.rdd.CassandraTableRowReaderProvider$class.verify(CassandraTableRowReaderProvider.scala:137)
	at com.datastax.spark.connector.rdd.CassandraTableScanRDD.verify(CassandraTableScanRDD.scala:63)
	at com.datastax.spark.connector.rdd.CassandraTableScanRDD.getPartitions(CassandraTableScanRDD.scala:263)
	at org.apache.spark.rdd.RDD$$anonfun$partitions$2.apply(RDD.scala:273)
	at org.apache.spark.rdd.RDD$$anonfun$partitions$2.apply(RDD.scala:269)
	at scala.Option.getOrElse(Option.scala:121)
	at org.apache.spark.rdd.RDD.partitions(RDD.scala:269)
	at org.apache.spark.rdd.MapPartitionsRDD.getPartitions(MapPartitionsRDD.scala:49)
	at org.apache.spark.rdd.RDD$$anonfun$partitions$2.apply(RDD.scala:273)
	at org.apache.spark.rdd.RDD$$anonfun$partitions$2.apply(RDD.scala:269)
	at scala.Option.getOrElse(Option.scala:121)
	at org.apache.spark.rdd.RDD.partitions(RDD.scala:269)
	at org.apache.spark.SparkContext.runJob(SparkContext.scala:2132)
	at org.apache.spark.rdd.RDD$$anonfun$collect$1.apply(RDD.scala:990)
	at org.apache.spark.rdd.RDDOperationScope$.withScope(RDDOperationScope.scala:151)
	at org.apache.spark.rdd.RDDOperationScope$.withScope(RDDOperationScope.scala:112)
	at org.apache.spark.rdd.RDD.withScope(RDD.scala:385)
	at org.apache.spark.rdd.RDD.collect(RDD.scala:989)
	at org.apache.spark.api.java.JavaRDDLike$class.collect(JavaRDDLike.scala:361)
	at org.apache.spark.api.java.AbstractJavaRDDLike.collect(JavaRDDLike.scala:45)
	at com.clover.storage.Scheduler.Scheduler.startCassandraStreamToElasticsearch(Scheduler.java:62)
	at sun.reflect.NativeMethodAccessorImpl.invoke0(Native Method)
	at sun.reflect.NativeMethodAccessorImpl.invoke(NativeMethodAccessorImpl.java:62)
	at sun.reflect.DelegatingMethodAccessorImpl.invoke(DelegatingMethodAccessorImpl.java:43)
	at java.lang.reflect.Method.invoke(Method.java:498)
	at org.springframework.scheduling.support.ScheduledMethodRunnable.run(ScheduledMethodRunnable.java:84)
	at org.springframework.scheduling.support.DelegatingErrorHandlingRunnable.run(DelegatingErrorHandlingRunnable.java:54)
	at org.springframework.scheduling.concurrent.ReschedulingRunnable.run(ReschedulingRunnable.java:95)
	at java.util.concurrent.Executors$RunnableAdapter.call(Executors.java:511)
	at java.util.concurrent.FutureTask.run$$$capture(FutureTask.java:266)
	at java.util.concurrent.FutureTask.run(FutureTask.java)
	at java.util.concurrent.ScheduledThreadPoolExecutor$ScheduledFutureTask.access$201(ScheduledThreadPoolExecutor.java:180)
	at java.util.concurrent.ScheduledThreadPoolExecutor$ScheduledFutureTask.run(ScheduledThreadPoolExecutor.java:293)
	at java.util.concurrent.ThreadPoolExecutor.runWorker(ThreadPoolExecutor.java:1149)
	at java.util.concurrent.ThreadPoolExecutor$Worker.run(ThreadPoolExecutor.java:624)
	at java.lang.Thread.run(Thread.java:748)
2021-07-18 21:52:24,866 INFO [1079] [main] c.c.s.m.App [StartupInfoLogger.java:55] Starting App using Java 1.8.0_291 on DESKTOP-1SBRRM8 with PID 20872 (D:\Projects\Clover\CassandraStorageService\target\classes started by Priyash in D:\Projects\Clover\CassandraStorageService)
2021-07-18 21:52:24,869 DEBUG [1082] [main] c.c.s.m.App [StartupInfoLogger.java:56] Running with Spring Boot v2.5.1, Spring v5.3.8
2021-07-18 21:52:24,870 INFO [1083] [main] c.c.s.m.App [SpringApplication.java:659] No active profile set, falling back to default profiles: default
2021-07-18 21:52:32,242 INFO [8455] [main] c.c.s.m.App [StartupInfoLogger.java:61] Started App in 7.895 seconds (JVM running for 8.993)
2021-07-18 21:54:00,014 INFO [96227] [scheduling-1] c.c.s.S.Scheduler [Scheduler.java:38] Cron job started...
2021-07-18 21:54:00,015 INFO [96228] [scheduling-1] c.c.s.S.Scheduler [Scheduler.java:39] Cron expression: '0 0/2 * 1/1 * ?'
2021-07-18 21:54:01,186 ERROR [97399] [scheduling-1] c.c.s.S.Scheduler [Scheduler.java:69] [Scheduler]Exception while starting scheduler for reading cassandra table 
java.io.IOException: Couldn't find table product_tbl_test or keyspace product_db_test - Found similar keyspaces and tables:
product_keyspace.product_table
	at com.datastax.spark.connector.cql.Schema$.tableFromCassandra(Schema.scala:358)
	at com.datastax.spark.connector.rdd.CassandraTableRowReaderProvider$class.tableDef(CassandraTableRowReaderProvider.scala:50)
	at com.datastax.spark.connector.rdd.CassandraTableScanRDD.tableDef$lzycompute(CassandraTableScanRDD.scala:63)
	at com.datastax.spark.connector.rdd.CassandraTableScanRDD.tableDef(CassandraTableScanRDD.scala:63)
	at com.datastax.spark.connector.rdd.CassandraTableRowReaderProvider$class.verify(CassandraTableRowReaderProvider.scala:137)
	at com.datastax.spark.connector.rdd.CassandraTableScanRDD.verify(CassandraTableScanRDD.scala:63)
	at com.datastax.spark.connector.rdd.CassandraTableScanRDD.getPartitions(CassandraTableScanRDD.scala:263)
	at org.apache.spark.rdd.RDD$$anonfun$partitions$2.apply(RDD.scala:273)
	at org.apache.spark.rdd.RDD$$anonfun$partitions$2.apply(RDD.scala:269)
	at scala.Option.getOrElse(Option.scala:121)
	at org.apache.spark.rdd.RDD.partitions(RDD.scala:269)
	at org.apache.spark.rdd.MapPartitionsRDD.getPartitions(MapPartitionsRDD.scala:49)
	at org.apache.spark.rdd.RDD$$anonfun$partitions$2.apply(RDD.scala:273)
	at org.apache.spark.rdd.RDD$$anonfun$partitions$2.apply(RDD.scala:269)
	at scala.Option.getOrElse(Option.scala:121)
	at org.apache.spark.rdd.RDD.partitions(RDD.scala:269)
	at org.apache.spark.SparkContext.runJob(SparkContext.scala:2132)
	at org.apache.spark.rdd.RDD$$anonfun$collect$1.apply(RDD.scala:990)
	at org.apache.spark.rdd.RDDOperationScope$.withScope(RDDOperationScope.scala:151)
	at org.apache.spark.rdd.RDDOperationScope$.withScope(RDDOperationScope.scala:112)
	at org.apache.spark.rdd.RDD.withScope(RDD.scala:385)
	at org.apache.spark.rdd.RDD.collect(RDD.scala:989)
	at org.apache.spark.api.java.JavaRDDLike$class.collect(JavaRDDLike.scala:361)
	at org.apache.spark.api.java.AbstractJavaRDDLike.collect(JavaRDDLike.scala:45)
	at com.clover.storage.Scheduler.Scheduler.startCassandraStreamToElasticsearch(Scheduler.java:62)
	at sun.reflect.NativeMethodAccessorImpl.invoke0(Native Method)
	at sun.reflect.NativeMethodAccessorImpl.invoke(NativeMethodAccessorImpl.java:62)
	at sun.reflect.DelegatingMethodAccessorImpl.invoke(DelegatingMethodAccessorImpl.java:43)
	at java.lang.reflect.Method.invoke(Method.java:498)
	at org.springframework.scheduling.support.ScheduledMethodRunnable.run(ScheduledMethodRunnable.java:84)
	at org.springframework.scheduling.support.DelegatingErrorHandlingRunnable.run(DelegatingErrorHandlingRunnable.java:54)
	at org.springframework.scheduling.concurrent.ReschedulingRunnable.run(ReschedulingRunnable.java:95)
	at java.util.concurrent.Executors$RunnableAdapter.call(Executors.java:511)
	at java.util.concurrent.FutureTask.run$$$capture(FutureTask.java:266)
	at java.util.concurrent.FutureTask.run(FutureTask.java)
	at java.util.concurrent.ScheduledThreadPoolExecutor$ScheduledFutureTask.access$201(ScheduledThreadPoolExecutor.java:180)
	at java.util.concurrent.ScheduledThreadPoolExecutor$ScheduledFutureTask.run(ScheduledThreadPoolExecutor.java:293)
	at java.util.concurrent.ThreadPoolExecutor.runWorker(ThreadPoolExecutor.java:1149)
	at java.util.concurrent.ThreadPoolExecutor$Worker.run(ThreadPoolExecutor.java:624)
	at java.lang.Thread.run(Thread.java:748)
2021-07-18 21:56:00,002 INFO [216215] [scheduling-1] c.c.s.S.Scheduler [Scheduler.java:38] Cron job started...
2021-07-18 21:56:00,003 INFO [216216] [scheduling-1] c.c.s.S.Scheduler [Scheduler.java:39] Cron expression: '0 0/2 * 1/1 * ?'
2021-07-18 21:56:00,125 ERROR [216338] [scheduling-1] c.c.s.S.Scheduler [Scheduler.java:69] [Scheduler]Exception while starting scheduler for reading cassandra table 
java.io.IOException: Couldn't find table product_tbl_test or keyspace product_db_test - Found similar keyspaces and tables:
product_keyspace.product_table
	at com.datastax.spark.connector.cql.Schema$.tableFromCassandra(Schema.scala:358)
	at com.datastax.spark.connector.rdd.CassandraTableRowReaderProvider$class.tableDef(CassandraTableRowReaderProvider.scala:50)
	at com.datastax.spark.connector.rdd.CassandraTableScanRDD.tableDef$lzycompute(CassandraTableScanRDD.scala:63)
	at com.datastax.spark.connector.rdd.CassandraTableScanRDD.tableDef(CassandraTableScanRDD.scala:63)
	at com.datastax.spark.connector.rdd.CassandraTableRowReaderProvider$class.verify(CassandraTableRowReaderProvider.scala:137)
	at com.datastax.spark.connector.rdd.CassandraTableScanRDD.verify(CassandraTableScanRDD.scala:63)
	at com.datastax.spark.connector.rdd.CassandraTableScanRDD.getPartitions(CassandraTableScanRDD.scala:263)
	at org.apache.spark.rdd.RDD$$anonfun$partitions$2.apply(RDD.scala:273)
	at org.apache.spark.rdd.RDD$$anonfun$partitions$2.apply(RDD.scala:269)
	at scala.Option.getOrElse(Option.scala:121)
	at org.apache.spark.rdd.RDD.partitions(RDD.scala:269)
	at org.apache.spark.rdd.MapPartitionsRDD.getPartitions(MapPartitionsRDD.scala:49)
	at org.apache.spark.rdd.RDD$$anonfun$partitions$2.apply(RDD.scala:273)
	at org.apache.spark.rdd.RDD$$anonfun$partitions$2.apply(RDD.scala:269)
	at scala.Option.getOrElse(Option.scala:121)
	at org.apache.spark.rdd.RDD.partitions(RDD.scala:269)
	at org.apache.spark.SparkContext.runJob(SparkContext.scala:2132)
	at org.apache.spark.rdd.RDD$$anonfun$collect$1.apply(RDD.scala:990)
	at org.apache.spark.rdd.RDDOperationScope$.withScope(RDDOperationScope.scala:151)
	at org.apache.spark.rdd.RDDOperationScope$.withScope(RDDOperationScope.scala:112)
	at org.apache.spark.rdd.RDD.withScope(RDD.scala:385)
	at org.apache.spark.rdd.RDD.collect(RDD.scala:989)
	at org.apache.spark.api.java.JavaRDDLike$class.collect(JavaRDDLike.scala:361)
	at org.apache.spark.api.java.AbstractJavaRDDLike.collect(JavaRDDLike.scala:45)
	at com.clover.storage.Scheduler.Scheduler.startCassandraStreamToElasticsearch(Scheduler.java:62)
	at sun.reflect.NativeMethodAccessorImpl.invoke0(Native Method)
	at sun.reflect.NativeMethodAccessorImpl.invoke(NativeMethodAccessorImpl.java:62)
	at sun.reflect.DelegatingMethodAccessorImpl.invoke(DelegatingMethodAccessorImpl.java:43)
	at java.lang.reflect.Method.invoke(Method.java:498)
	at org.springframework.scheduling.support.ScheduledMethodRunnable.run(ScheduledMethodRunnable.java:84)
	at org.springframework.scheduling.support.DelegatingErrorHandlingRunnable.run(DelegatingErrorHandlingRunnable.java:54)
	at org.springframework.scheduling.concurrent.ReschedulingRunnable.run(ReschedulingRunnable.java:95)
	at java.util.concurrent.Executors$RunnableAdapter.call(Executors.java:511)
	at java.util.concurrent.FutureTask.run$$$capture(FutureTask.java:266)
	at java.util.concurrent.FutureTask.run(FutureTask.java)
	at java.util.concurrent.ScheduledThreadPoolExecutor$ScheduledFutureTask.access$201(ScheduledThreadPoolExecutor.java:180)
	at java.util.concurrent.ScheduledThreadPoolExecutor$ScheduledFutureTask.run(ScheduledThreadPoolExecutor.java:293)
	at java.util.concurrent.ThreadPoolExecutor.runWorker(ThreadPoolExecutor.java:1149)
	at java.util.concurrent.ThreadPoolExecutor$Worker.run(ThreadPoolExecutor.java:624)
	at java.lang.Thread.run(Thread.java:748)
2021-07-18 21:57:08,223 INFO [1004] [main] c.c.s.m.App [StartupInfoLogger.java:55] Starting App using Java 1.8.0_291 on DESKTOP-1SBRRM8 with PID 10944 (D:\Projects\Clover\CassandraStorageService\target\classes started by Priyash in D:\Projects\Clover\CassandraStorageService)
2021-07-18 21:57:08,226 DEBUG [1007] [main] c.c.s.m.App [StartupInfoLogger.java:56] Running with Spring Boot v2.5.1, Spring v5.3.8
2021-07-18 21:57:08,226 INFO [1007] [main] c.c.s.m.App [SpringApplication.java:659] No active profile set, falling back to default profiles: default
2021-07-18 21:57:14,318 INFO [7099] [main] c.c.s.m.App [StartupInfoLogger.java:61] Started App in 6.65 seconds (JVM running for 7.556)
2021-07-18 21:58:00,014 INFO [52795] [scheduling-1] c.c.s.S.Scheduler [Scheduler.java:38] Cron job started...
2021-07-18 21:58:00,015 INFO [52796] [scheduling-1] c.c.s.S.Scheduler [Scheduler.java:39] Cron expression: '0 0/2 * 1/1 * ?'
2021-07-18 21:58:01,181 ERROR [53962] [scheduling-1] c.c.s.S.Scheduler [Scheduler.java:69] [Scheduler]Exception while starting scheduler for reading cassandra table 
java.io.IOException: Couldn't find table product_tbl_test or keyspace product_db_test - Found similar keyspaces and tables:
product_keyspace.product_table
	at com.datastax.spark.connector.cql.Schema$.tableFromCassandra(Schema.scala:358)
	at com.datastax.spark.connector.rdd.CassandraTableRowReaderProvider$class.tableDef(CassandraTableRowReaderProvider.scala:50)
	at com.datastax.spark.connector.rdd.CassandraTableScanRDD.tableDef$lzycompute(CassandraTableScanRDD.scala:63)
	at com.datastax.spark.connector.rdd.CassandraTableScanRDD.tableDef(CassandraTableScanRDD.scala:63)
	at com.datastax.spark.connector.rdd.CassandraTableRowReaderProvider$class.verify(CassandraTableRowReaderProvider.scala:137)
	at com.datastax.spark.connector.rdd.CassandraTableScanRDD.verify(CassandraTableScanRDD.scala:63)
	at com.datastax.spark.connector.rdd.CassandraTableScanRDD.getPartitions(CassandraTableScanRDD.scala:263)
	at org.apache.spark.rdd.RDD$$anonfun$partitions$2.apply(RDD.scala:273)
	at org.apache.spark.rdd.RDD$$anonfun$partitions$2.apply(RDD.scala:269)
	at scala.Option.getOrElse(Option.scala:121)
	at org.apache.spark.rdd.RDD.partitions(RDD.scala:269)
	at org.apache.spark.rdd.MapPartitionsRDD.getPartitions(MapPartitionsRDD.scala:49)
	at org.apache.spark.rdd.RDD$$anonfun$partitions$2.apply(RDD.scala:273)
	at org.apache.spark.rdd.RDD$$anonfun$partitions$2.apply(RDD.scala:269)
	at scala.Option.getOrElse(Option.scala:121)
	at org.apache.spark.rdd.RDD.partitions(RDD.scala:269)
	at org.apache.spark.SparkContext.runJob(SparkContext.scala:2132)
	at org.apache.spark.rdd.RDD$$anonfun$collect$1.apply(RDD.scala:990)
	at org.apache.spark.rdd.RDDOperationScope$.withScope(RDDOperationScope.scala:151)
	at org.apache.spark.rdd.RDDOperationScope$.withScope(RDDOperationScope.scala:112)
	at org.apache.spark.rdd.RDD.withScope(RDD.scala:385)
	at org.apache.spark.rdd.RDD.collect(RDD.scala:989)
	at org.apache.spark.api.java.JavaRDDLike$class.collect(JavaRDDLike.scala:361)
	at org.apache.spark.api.java.AbstractJavaRDDLike.collect(JavaRDDLike.scala:45)
	at com.clover.storage.Scheduler.Scheduler.startCassandraStreamToElasticsearch(Scheduler.java:62)
	at sun.reflect.NativeMethodAccessorImpl.invoke0(Native Method)
	at sun.reflect.NativeMethodAccessorImpl.invoke(NativeMethodAccessorImpl.java:62)
	at sun.reflect.DelegatingMethodAccessorImpl.invoke(DelegatingMethodAccessorImpl.java:43)
	at java.lang.reflect.Method.invoke(Method.java:498)
	at org.springframework.scheduling.support.ScheduledMethodRunnable.run(ScheduledMethodRunnable.java:84)
	at org.springframework.scheduling.support.DelegatingErrorHandlingRunnable.run(DelegatingErrorHandlingRunnable.java:54)
	at org.springframework.scheduling.concurrent.ReschedulingRunnable.run(ReschedulingRunnable.java:95)
	at java.util.concurrent.Executors$RunnableAdapter.call(Executors.java:511)
	at java.util.concurrent.FutureTask.run$$$capture(FutureTask.java:266)
	at java.util.concurrent.FutureTask.run(FutureTask.java)
	at java.util.concurrent.ScheduledThreadPoolExecutor$ScheduledFutureTask.access$201(ScheduledThreadPoolExecutor.java:180)
	at java.util.concurrent.ScheduledThreadPoolExecutor$ScheduledFutureTask.run(ScheduledThreadPoolExecutor.java:293)
	at java.util.concurrent.ThreadPoolExecutor.runWorker(ThreadPoolExecutor.java:1149)
	at java.util.concurrent.ThreadPoolExecutor$Worker.run(ThreadPoolExecutor.java:624)
	at java.lang.Thread.run(Thread.java:748)
2021-07-18 22:04:16,545 INFO [981 ] [main] c.c.s.m.App [StartupInfoLogger.java:55] Starting App using Java 1.8.0_291 on DESKTOP-1SBRRM8 with PID 3900 (D:\Projects\Clover\CassandraStorageService\target\classes started by Priyash in D:\Projects\Clover\CassandraStorageService)
2021-07-18 22:04:16,548 DEBUG [984 ] [main] c.c.s.m.App [StartupInfoLogger.java:56] Running with Spring Boot v2.5.1, Spring v5.3.8
2021-07-18 22:04:16,548 INFO [984 ] [main] c.c.s.m.App [SpringApplication.java:659] No active profile set, falling back to default profiles: default
2021-07-18 22:05:17,695 INFO [1012] [main] c.c.s.m.App [StartupInfoLogger.java:55] Starting App using Java 1.8.0_291 on DESKTOP-1SBRRM8 with PID 7416 (D:\Projects\Clover\CassandraStorageService\target\classes started by Priyash in D:\Projects\Clover\CassandraStorageService)
2021-07-18 22:05:17,699 DEBUG [1016] [main] c.c.s.m.App [StartupInfoLogger.java:56] Running with Spring Boot v2.5.1, Spring v5.3.8
2021-07-18 22:05:17,699 INFO [1016] [main] c.c.s.m.App [SpringApplication.java:659] No active profile set, falling back to default profiles: default
2021-07-18 22:07:01,025 INFO [969 ] [main] c.c.s.m.App [StartupInfoLogger.java:55] Starting App using Java 1.8.0_291 on DESKTOP-1SBRRM8 with PID 5104 (D:\Projects\Clover\CassandraStorageService\target\classes started by Priyash in D:\Projects\Clover\CassandraStorageService)
2021-07-18 22:07:01,029 DEBUG [973 ] [main] c.c.s.m.App [StartupInfoLogger.java:56] Running with Spring Boot v2.5.1, Spring v5.3.8
2021-07-18 22:07:01,029 INFO [973 ] [main] c.c.s.m.App [SpringApplication.java:659] No active profile set, falling back to default profiles: default
2021-07-18 22:07:08,789 INFO [8733] [main] c.c.s.m.App [StartupInfoLogger.java:61] Started App in 8.292 seconds (JVM running for 9.216)
2021-07-18 23:12:13,687 INFO [972 ] [main] c.c.s.m.App [StartupInfoLogger.java:55] Starting App using Java 1.8.0_291 on DESKTOP-1SBRRM8 with PID 5940 (D:\Projects\Clover\CassandraStorageService\target\classes started by Priyash in D:\Projects\Clover\CassandraStorageService)
2021-07-18 23:12:13,691 DEBUG [976 ] [main] c.c.s.m.App [StartupInfoLogger.java:56] Running with Spring Boot v2.5.1, Spring v5.3.8
2021-07-18 23:12:13,691 INFO [976 ] [main] c.c.s.m.App [SpringApplication.java:659] No active profile set, falling back to default profiles: default
2021-07-18 23:13:55,453 INFO [973 ] [main] c.c.s.m.App [StartupInfoLogger.java:55] Starting App using Java 1.8.0_291 on DESKTOP-1SBRRM8 with PID 11552 (D:\Projects\Clover\CassandraStorageService\target\classes started by Priyash in D:\Projects\Clover\CassandraStorageService)
2021-07-18 23:13:55,457 DEBUG [977 ] [main] c.c.s.m.App [StartupInfoLogger.java:56] Running with Spring Boot v2.5.1, Spring v5.3.8
2021-07-18 23:13:55,457 INFO [977 ] [main] c.c.s.m.App [SpringApplication.java:659] No active profile set, falling back to default profiles: default
2021-07-18 23:14:01,781 INFO [7301] [main] c.c.s.m.App [StartupInfoLogger.java:61] Started App in 6.857 seconds (JVM running for 7.767)
2021-07-18 23:16:00,007 INFO [125527] [scheduling-1] c.c.s.S.Scheduler [Scheduler.java:38] Cron job started...
2021-07-18 23:16:00,007 INFO [125527] [scheduling-1] c.c.s.S.Scheduler [Scheduler.java:39] Cron expression: '0 0/2 * 1/1 * ?'
2021-07-18 23:16:03,033 INFO [128553] [scheduling-1] c.c.s.S.Scheduler [Scheduler.java:63] [Scheduler]Spark streaming context product size: 0
2021-07-18 23:33:39,431 INFO [989 ] [main] c.c.s.m.App [StartupInfoLogger.java:55] Starting App using Java 1.8.0_291 on DESKTOP-1SBRRM8 with PID 11480 (D:\Projects\Clover\CassandraStorageService\target\classes started by Priyash in D:\Projects\Clover\CassandraStorageService)
2021-07-18 23:33:39,434 DEBUG [992 ] [main] c.c.s.m.App [StartupInfoLogger.java:56] Running with Spring Boot v2.5.1, Spring v5.3.8
2021-07-18 23:33:39,435 INFO [993 ] [main] c.c.s.m.App [SpringApplication.java:659] No active profile set, falling back to default profiles: default
2021-07-18 23:45:29,277 INFO [963 ] [main] c.c.s.m.App [StartupInfoLogger.java:55] Starting App using Java 1.8.0_291 on DESKTOP-1SBRRM8 with PID 14348 (D:\Projects\Clover\CassandraStorageService\target\classes started by Priyash in D:\Projects\Clover\CassandraStorageService)
2021-07-18 23:45:29,280 DEBUG [966 ] [main] c.c.s.m.App [StartupInfoLogger.java:56] Running with Spring Boot v2.5.1, Spring v5.3.8
2021-07-18 23:45:29,280 INFO [966 ] [main] c.c.s.m.App [SpringApplication.java:659] No active profile set, falling back to default profiles: default
2021-07-18 23:48:05,004 INFO [992 ] [main] c.c.s.m.App [StartupInfoLogger.java:55] Starting App using Java 1.8.0_291 on DESKTOP-1SBRRM8 with PID 11972 (D:\Projects\Clover\CassandraStorageService\target\classes started by Priyash in D:\Projects\Clover\CassandraStorageService)
2021-07-18 23:48:05,007 DEBUG [995 ] [main] c.c.s.m.App [StartupInfoLogger.java:56] Running with Spring Boot v2.5.1, Spring v5.3.8
2021-07-18 23:48:05,007 INFO [995 ] [main] c.c.s.m.App [SpringApplication.java:659] No active profile set, falling back to default profiles: default
2021-07-18 23:49:48,324 INFO [1036] [main] c.c.s.m.App [StartupInfoLogger.java:55] Starting App using Java 1.8.0_291 on DESKTOP-1SBRRM8 with PID 15336 (D:\Projects\Clover\CassandraStorageService\target\classes started by Priyash in D:\Projects\Clover\CassandraStorageService)
2021-07-18 23:49:48,328 DEBUG [1040] [main] c.c.s.m.App [StartupInfoLogger.java:56] Running with Spring Boot v2.5.1, Spring v5.3.8
2021-07-18 23:49:48,328 INFO [1040] [main] c.c.s.m.App [SpringApplication.java:659] No active profile set, falling back to default profiles: default
2021-07-18 23:54:39,557 INFO [977 ] [main] c.c.s.m.App [StartupInfoLogger.java:55] Starting App using Java 1.8.0_291 on DESKTOP-1SBRRM8 with PID 12388 (D:\Projects\Clover\CassandraStorageService\target\classes started by Priyash in D:\Projects\Clover\CassandraStorageService)
2021-07-18 23:54:39,560 DEBUG [980 ] [main] c.c.s.m.App [StartupInfoLogger.java:56] Running with Spring Boot v2.5.1, Spring v5.3.8
2021-07-18 23:54:39,560 INFO [980 ] [main] c.c.s.m.App [SpringApplication.java:659] No active profile set, falling back to default profiles: default
2021-07-18 23:56:52,165 INFO [980 ] [main] c.c.s.m.App [StartupInfoLogger.java:55] Starting App using Java 1.8.0_291 on DESKTOP-1SBRRM8 with PID 5548 (D:\Projects\Clover\CassandraStorageService\target\classes started by Priyash in D:\Projects\Clover\CassandraStorageService)
2021-07-18 23:56:52,169 DEBUG [984 ] [main] c.c.s.m.App [StartupInfoLogger.java:56] Running with Spring Boot v2.5.1, Spring v5.3.8
2021-07-18 23:56:52,169 INFO [984 ] [main] c.c.s.m.App [SpringApplication.java:659] No active profile set, falling back to default profiles: default
2021-07-18 23:57:25,088 INFO [988 ] [main] c.c.s.m.App [StartupInfoLogger.java:55] Starting App using Java 1.8.0_291 on DESKTOP-1SBRRM8 with PID 17768 (D:\Projects\Clover\CassandraStorageService\target\classes started by Priyash in D:\Projects\Clover\CassandraStorageService)
2021-07-18 23:57:25,092 DEBUG [992 ] [main] c.c.s.m.App [StartupInfoLogger.java:56] Running with Spring Boot v2.5.1, Spring v5.3.8
2021-07-18 23:57:25,092 INFO [992 ] [main] c.c.s.m.App [SpringApplication.java:659] No active profile set, falling back to default profiles: default
2021-07-18 23:58:55,187 INFO [1021] [main] c.c.s.m.App [StartupInfoLogger.java:55] Starting App using Java 1.8.0_291 on DESKTOP-1SBRRM8 with PID 20248 (D:\Projects\Clover\CassandraStorageService\target\classes started by Priyash in D:\Projects\Clover\CassandraStorageService)
2021-07-18 23:58:55,191 DEBUG [1025] [main] c.c.s.m.App [StartupInfoLogger.java:56] Running with Spring Boot v2.5.1, Spring v5.3.8
2021-07-18 23:58:55,191 INFO [1025] [main] c.c.s.m.App [SpringApplication.java:659] No active profile set, falling back to default profiles: default
2021-07-18 23:59:45,346 INFO [1017] [main] c.c.s.m.App [StartupInfoLogger.java:55] Starting App using Java 1.8.0_291 on DESKTOP-1SBRRM8 with PID 13076 (D:\Projects\Clover\CassandraStorageService\target\classes started by Priyash in D:\Projects\Clover\CassandraStorageService)
2021-07-18 23:59:45,349 DEBUG [1020] [main] c.c.s.m.App [StartupInfoLogger.java:56] Running with Spring Boot v2.5.1, Spring v5.3.8
2021-07-18 23:59:45,350 INFO [1021] [main] c.c.s.m.App [SpringApplication.java:659] No active profile set, falling back to default profiles: default
